+------------------------------------------------------------------------------+
|                                                                              |
| Atomistix ToolKit 2017.1 [Build ce08f12339]                                  |
|                                                                              |
+------------------------------------------------------------------------------+
+------------------------------------------------------------------------------+
| MD step =     0  time =  0 fs  E_kin =  38.628 eV  E_pot = -2370.77 eV       |
+------------------------------------------------------------------------------+
+------------------------------------------------------------------------------+
| MD step =     5  time =  5 fs  E_kin =  33.9924 eV  E_pot = -2366.12 eV      |
+------------------------------------------------------------------------------+
+------------------------------------------------------------------------------+
| MD step =    10  time =  10 fs  E_kin =  23.9302 eV  E_pot = -2356.04 eV     |
+------------------------------------------------------------------------------+
+------------------------------------------------------------------------------+
| MD step =    15  time =  15 fs  E_kin =  16.306 eV  E_pot = -2348.4 eV       |
+------------------------------------------------------------------------------+
+------------------------------------------------------------------------------+
| MD step =    20  time =  20 fs  E_kin =  15.8765 eV  E_pot = -2347.98 eV     |
+------------------------------------------------------------------------------+
+------------------------------------------------------------------------------+
| MD step =    25  time =  25 fs  E_kin =  20.796 eV  E_pot = -2352.91 eV      |
+------------------------------------------------------------------------------+
+------------------------------------------------------------------------------+
| MD step =    30  time =  30 fs  E_kin =  25.4233 eV  E_pot = -2357.55 eV     |
+------------------------------------------------------------------------------+
+------------------------------------------------------------------------------+
| MD step =    35  time =  35 fs  E_kin =  25.6476 eV  E_pot = -2357.78 eV     |
+------------------------------------------------------------------------------+
+------------------------------------------------------------------------------+
| MD step =    40  time =  40 fs  E_kin =  21.5616 eV  E_pot = -2353.68 eV     |
+------------------------------------------------------------------------------+
+------------------------------------------------------------------------------+
| MD step =    45  time =  45 fs  E_kin =  16.3324 eV  E_pot = -2348.44 eV     |
+------------------------------------------------------------------------------+
+------------------------------------------------------------------------------+
| MD step =    50  time =  50 fs  E_kin =  13.4136 eV  E_pot = -2345.52 eV     |
+------------------------------------------------------------------------------+
+------------------------------------------------------------------------------+
| MD step =    55  time =  55 fs  E_kin =  14.1823 eV  E_pot = -2346.29 eV     |
+------------------------------------------------------------------------------+
+------------------------------------------------------------------------------+
| MD step =    60  time =  60 fs  E_kin =  17.0769 eV  E_pot = -2349.2 eV      |
+------------------------------------------------------------------------------+
+------------------------------------------------------------------------------+
| MD step =    65  time =  65 fs  E_kin =  18.8303 eV  E_pot = -2350.96 eV     |
+------------------------------------------------------------------------------+
+------------------------------------------------------------------------------+
| MD step =    70  time =  70 fs  E_kin =  17.2708 eV  E_pot = -2349.39 eV     |
+------------------------------------------------------------------------------+
+------------------------------------------------------------------------------+
| MD step =    75  time =  75 fs  E_kin =  13.3349 eV  E_pot = -2345.45 eV     |
+------------------------------------------------------------------------------+
+------------------------------------------------------------------------------+
| MD step =    80  time =  80 fs  E_kin =  10.1674 eV  E_pot = -2342.27 eV     |
+------------------------------------------------------------------------------+
+------------------------------------------------------------------------------+
| MD step =    85  time =  85 fs  E_kin =  10.2561 eV  E_pot = -2342.36 eV     |
+------------------------------------------------------------------------------+
+------------------------------------------------------------------------------+
| MD step =    90  time =  90 fs  E_kin =  13.3474 eV  E_pot = -2345.46 eV     |
+------------------------------------------------------------------------------+
+------------------------------------------------------------------------------+
| MD step =    95  time =  95 fs  E_kin =  16.8178 eV  E_pot = -2348.94 eV     |
+------------------------------------------------------------------------------+
+------------------------------------------------------------------------------+
| MD step =   100  time =  100 fs  E_kin =  18.0509 eV  E_pot = -2350.17 eV    |
+------------------------------------------------------------------------------+
+------------------------------------------------------------------------------+
| MD step =   105  time =  105 fs  E_kin =  16.6869 eV  E_pot = -2348.8 eV     |
+------------------------------------------------------------------------------+
+------------------------------------------------------------------------------+
| MD step =   110  time =  110 fs  E_kin =  14.72 eV  E_pot = -2346.83 eV      |
+------------------------------------------------------------------------------+
+------------------------------------------------------------------------------+
| MD step =   115  time =  115 fs  E_kin =  14.5741 eV  E_pot = -2346.68 eV    |
+------------------------------------------------------------------------------+
+------------------------------------------------------------------------------+
| MD step =   120  time =  120 fs  E_kin =  17.0554 eV  E_pot = -2349.17 eV    |
+------------------------------------------------------------------------------+
+------------------------------------------------------------------------------+
| MD step =   125  time =  125 fs  E_kin =  20.7357 eV  E_pot = -2352.86 eV    |
+------------------------------------------------------------------------------+
+------------------------------------------------------------------------------+
| MD step =   130  time =  130 fs  E_kin =  23.0892 eV  E_pot = -2355.21 eV    |
+------------------------------------------------------------------------------+
+------------------------------------------------------------------------------+
| MD step =   135  time =  135 fs  E_kin =  22.5555 eV  E_pot = -2354.68 eV    |
+------------------------------------------------------------------------------+
+------------------------------------------------------------------------------+
| MD step =   140  time =  140 fs  E_kin =  19.9906 eV  E_pot = -2352.11 eV    |
+------------------------------------------------------------------------------+
+------------------------------------------------------------------------------+
| MD step =   145  time =  145 fs  E_kin =  18.0767 eV  E_pot = -2350.19 eV    |
+------------------------------------------------------------------------------+
+------------------------------------------------------------------------------+
| MD step =   150  time =  150 fs  E_kin =  18.9442 eV  E_pot = -2351.05 eV    |
+------------------------------------------------------------------------------+
+------------------------------------------------------------------------------+
| MD step =   155  time =  155 fs  E_kin =  22.2226 eV  E_pot = -2354.34 eV    |
+------------------------------------------------------------------------------+
+------------------------------------------------------------------------------+
| MD step =   160  time =  160 fs  E_kin =  25.339 eV  E_pot = -2357.46 eV     |
+------------------------------------------------------------------------------+
+------------------------------------------------------------------------------+
| MD step =   165  time =  165 fs  E_kin =  25.7469 eV  E_pot = -2357.87 eV    |
+------------------------------------------------------------------------------+
+------------------------------------------------------------------------------+
| MD step =   170  time =  170 fs  E_kin =  23.111 eV  E_pot = -2355.23 eV     |
+------------------------------------------------------------------------------+
+------------------------------------------------------------------------------+
| MD step =   175  time =  175 fs  E_kin =  19.4993 eV  E_pot = -2351.61 eV    |
+------------------------------------------------------------------------------+
+------------------------------------------------------------------------------+
| MD step =   180  time =  180 fs  E_kin =  17.5377 eV  E_pot = -2349.65 eV    |
+------------------------------------------------------------------------------+
+------------------------------------------------------------------------------+
| MD step =   185  time =  185 fs  E_kin =  18.3074 eV  E_pot = -2350.42 eV    |
+------------------------------------------------------------------------------+
+------------------------------------------------------------------------------+
| MD step =   190  time =  190 fs  E_kin =  20.6646 eV  E_pot = -2352.78 eV    |
+------------------------------------------------------------------------------+
+------------------------------------------------------------------------------+
| MD step =   195  time =  195 fs  E_kin =  22.3308 eV  E_pot = -2354.45 eV    |
+------------------------------------------------------------------------------+
+------------------------------------------------------------------------------+
| MD step =   200  time =  200 fs  E_kin =  21.7874 eV  E_pot = -2353.91 eV    |
+------------------------------------------------------------------------------+
+------------------------------------------------------------------------------+
| MD step =   205  time =  205 fs  E_kin =  19.434 eV  E_pot = -2351.55 eV     |
+------------------------------------------------------------------------------+
+------------------------------------------------------------------------------+
| MD step =   210  time =  210 fs  E_kin =  17.0912 eV  E_pot = -2349.2 eV     |
+------------------------------------------------------------------------------+
+------------------------------------------------------------------------------+
| MD step =   215  time =  215 fs  E_kin =  16.4179 eV  E_pot = -2348.53 eV    |
+------------------------------------------------------------------------------+
+------------------------------------------------------------------------------+
| MD step =   220  time =  220 fs  E_kin =  17.6161 eV  E_pot = -2349.73 eV    |
+------------------------------------------------------------------------------+
+------------------------------------------------------------------------------+
| MD step =   225  time =  225 fs  E_kin =  19.3651 eV  E_pot = -2351.48 eV    |
+------------------------------------------------------------------------------+
+------------------------------------------------------------------------------+
| MD step =   230  time =  230 fs  E_kin =  19.9366 eV  E_pot = -2352.06 eV    |
+------------------------------------------------------------------------------+
+------------------------------------------------------------------------------+
| MD step =   235  time =  235 fs  E_kin =  18.639 eV  E_pot = -2350.76 eV     |
+------------------------------------------------------------------------------+
+------------------------------------------------------------------------------+
| MD step =   240  time =  240 fs  E_kin =  16.3998 eV  E_pot = -2348.51 eV    |
+------------------------------------------------------------------------------+
+------------------------------------------------------------------------------+
| MD step =   245  time =  245 fs  E_kin =  14.9226 eV  E_pot = -2347.03 eV    |
+------------------------------------------------------------------------------+
+------------------------------------------------------------------------------+
| MD step =   250  time =  250 fs  E_kin =  15.3032 eV  E_pot = -2347.42 eV    |
+------------------------------------------------------------------------------+
+------------------------------------------------------------------------------+
| MD step =   255  time =  255 fs  E_kin =  17.2616 eV  E_pot = -2349.38 eV    |
+------------------------------------------------------------------------------+
+------------------------------------------------------------------------------+
| MD step =   260  time =  260 fs  E_kin =  19.4006 eV  E_pot = -2351.52 eV    |
+------------------------------------------------------------------------------+
+------------------------------------------------------------------------------+
| MD step =   265  time =  265 fs  E_kin =  20.3081 eV  E_pot = -2352.43 eV    |
+------------------------------------------------------------------------------+
+------------------------------------------------------------------------------+
| MD step =   270  time =  270 fs  E_kin =  19.6173 eV  E_pot = -2351.74 eV    |
+------------------------------------------------------------------------------+
+------------------------------------------------------------------------------+
| MD step =   275  time =  275 fs  E_kin =  18.1316 eV  E_pot = -2350.25 eV    |
+------------------------------------------------------------------------------+
+------------------------------------------------------------------------------+
| MD step =   280  time =  280 fs  E_kin =  17.0895 eV  E_pot = -2349.2 eV     |
+------------------------------------------------------------------------------+
+------------------------------------------------------------------------------+
| MD step =   285  time =  285 fs  E_kin =  17.2435 eV  E_pot = -2349.36 eV    |
+------------------------------------------------------------------------------+
+------------------------------------------------------------------------------+
| MD step =   290  time =  290 fs  E_kin =  18.3475 eV  E_pot = -2350.46 eV    |
+------------------------------------------------------------------------------+
+------------------------------------------------------------------------------+
| MD step =   295  time =  295 fs  E_kin =  19.4188 eV  E_pot = -2351.54 eV    |
+------------------------------------------------------------------------------+
+------------------------------------------------------------------------------+
| MD step =   300  time =  300 fs  E_kin =  19.6125 eV  E_pot = -2351.73 eV    |
+------------------------------------------------------------------------------+
+------------------------------------------------------------------------------+
| MD step =   305  time =  305 fs  E_kin =  18.9662 eV  E_pot = -2351.08 eV    |
+------------------------------------------------------------------------------+
+------------------------------------------------------------------------------+
| MD step =   310  time =  310 fs  E_kin =  18.3049 eV  E_pot = -2350.42 eV    |
+------------------------------------------------------------------------------+
+------------------------------------------------------------------------------+
| MD step =   315  time =  315 fs  E_kin =  18.3866 eV  E_pot = -2350.5 eV     |
+------------------------------------------------------------------------------+
+------------------------------------------------------------------------------+
| MD step =   320  time =  320 fs  E_kin =  19.1993 eV  E_pot = -2351.32 eV    |
+------------------------------------------------------------------------------+
+------------------------------------------------------------------------------+
| MD step =   325  time =  325 fs  E_kin =  20.0162 eV  E_pot = -2352.14 eV    |
+------------------------------------------------------------------------------+
+------------------------------------------------------------------------------+
| MD step =   330  time =  330 fs  E_kin =  20.072 eV  E_pot = -2352.19 eV     |
+------------------------------------------------------------------------------+
+------------------------------------------------------------------------------+
| MD step =   335  time =  335 fs  E_kin =  19.2656 eV  E_pot = -2351.38 eV    |
+------------------------------------------------------------------------------+
+------------------------------------------------------------------------------+
| MD step =   340  time =  340 fs  E_kin =  18.2619 eV  E_pot = -2350.38 eV    |
+------------------------------------------------------------------------------+
+------------------------------------------------------------------------------+
| MD step =   345  time =  345 fs  E_kin =  17.9144 eV  E_pot = -2350.03 eV    |
+------------------------------------------------------------------------------+
+------------------------------------------------------------------------------+
| MD step =   350  time =  350 fs  E_kin =  18.5774 eV  E_pot = -2350.69 eV    |
+------------------------------------------------------------------------------+
+------------------------------------------------------------------------------+
| MD step =   355  time =  355 fs  E_kin =  19.8599 eV  E_pot = -2351.98 eV    |
+------------------------------------------------------------------------------+
+------------------------------------------------------------------------------+
| MD step =   360  time =  360 fs  E_kin =  20.9541 eV  E_pot = -2353.07 eV    |
+------------------------------------------------------------------------------+
+------------------------------------------------------------------------------+
| MD step =   365  time =  365 fs  E_kin =  21.2414 eV  E_pot = -2353.36 eV    |
+------------------------------------------------------------------------------+
+------------------------------------------------------------------------------+
| MD step =   370  time =  370 fs  E_kin =  20.697 eV  E_pot = -2352.81 eV     |
+------------------------------------------------------------------------------+
+------------------------------------------------------------------------------+
| MD step =   375  time =  375 fs  E_kin =  19.856 eV  E_pot = -2351.97 eV     |
+------------------------------------------------------------------------------+
+------------------------------------------------------------------------------+
| MD step =   380  time =  380 fs  E_kin =  19.3907 eV  E_pot = -2351.51 eV    |
+------------------------------------------------------------------------------+
+------------------------------------------------------------------------------+
| MD step =   385  time =  385 fs  E_kin =  19.5647 eV  E_pot = -2351.68 eV    |
+------------------------------------------------------------------------------+
+------------------------------------------------------------------------------+
| MD step =   390  time =  390 fs  E_kin =  20.026 eV  E_pot = -2352.14 eV     |
+------------------------------------------------------------------------------+
+------------------------------------------------------------------------------+
| MD step =   395  time =  395 fs  E_kin =  20.1763 eV  E_pot = -2352.29 eV    |
+------------------------------------------------------------------------------+
+------------------------------------------------------------------------------+
| MD step =   400  time =  400 fs  E_kin =  19.7163 eV  E_pot = -2351.83 eV    |
+------------------------------------------------------------------------------+
+------------------------------------------------------------------------------+
| MD step =   405  time =  405 fs  E_kin =  18.8295 eV  E_pot = -2350.95 eV    |
+------------------------------------------------------------------------------+
+------------------------------------------------------------------------------+
| MD step =   410  time =  410 fs  E_kin =  18.0082 eV  E_pot = -2350.12 eV    |
+------------------------------------------------------------------------------+
+------------------------------------------------------------------------------+
| MD step =   415  time =  415 fs  E_kin =  17.7443 eV  E_pot = -2349.86 eV    |
+------------------------------------------------------------------------------+
+------------------------------------------------------------------------------+
| MD step =   420  time =  420 fs  E_kin =  18.1948 eV  E_pot = -2350.31 eV    |
+------------------------------------------------------------------------------+
+------------------------------------------------------------------------------+
| MD step =   425  time =  425 fs  E_kin =  19.0139 eV  E_pot = -2351.13 eV    |
+------------------------------------------------------------------------------+
+------------------------------------------------------------------------------+
| MD step =   430  time =  430 fs  E_kin =  19.5749 eV  E_pot = -2351.69 eV    |
+------------------------------------------------------------------------------+
+------------------------------------------------------------------------------+
| MD step =   435  time =  435 fs  E_kin =  19.4406 eV  E_pot = -2351.56 eV    |
+------------------------------------------------------------------------------+
+------------------------------------------------------------------------------+
| MD step =   440  time =  440 fs  E_kin =  18.649 eV  E_pot = -2350.77 eV     |
+------------------------------------------------------------------------------+
+------------------------------------------------------------------------------+
| MD step =   445  time =  445 fs  E_kin =  17.6127 eV  E_pot = -2349.73 eV    |
+------------------------------------------------------------------------------+
+------------------------------------------------------------------------------+
| MD step =   450  time =  450 fs  E_kin =  16.8214 eV  E_pot = -2348.94 eV    |
+------------------------------------------------------------------------------+
+------------------------------------------------------------------------------+
| MD step =   455  time =  455 fs  E_kin =  16.5917 eV  E_pot = -2348.71 eV    |
+------------------------------------------------------------------------------+
+------------------------------------------------------------------------------+
| MD step =   460  time =  460 fs  E_kin =  16.9754 eV  E_pot = -2349.09 eV    |
+------------------------------------------------------------------------------+
+------------------------------------------------------------------------------+
| MD step =   465  time =  465 fs  E_kin =  17.7457 eV  E_pot = -2349.86 eV    |
+------------------------------------------------------------------------------+
+------------------------------------------------------------------------------+
| MD step =   470  time =  470 fs  E_kin =  18.4666 eV  E_pot = -2350.58 eV    |
+------------------------------------------------------------------------------+
+------------------------------------------------------------------------------+
| MD step =   475  time =  475 fs  E_kin =  18.8175 eV  E_pot = -2350.94 eV    |
+------------------------------------------------------------------------------+
+------------------------------------------------------------------------------+
| MD step =   480  time =  480 fs  E_kin =  18.895 eV  E_pot = -2351.01 eV     |
+------------------------------------------------------------------------------+
+------------------------------------------------------------------------------+
| MD step =   485  time =  485 fs  E_kin =  19.0485 eV  E_pot = -2351.16 eV    |
+------------------------------------------------------------------------------+
+------------------------------------------------------------------------------+
| MD step =   490  time =  490 fs  E_kin =  19.4179 eV  E_pot = -2351.53 eV    |
+------------------------------------------------------------------------------+
+------------------------------------------------------------------------------+
| MD step =   495  time =  495 fs  E_kin =  19.7604 eV  E_pot = -2351.88 eV    |
+------------------------------------------------------------------------------+
+------------------------------------------------------------------------------+
| MD step =   500  time =  500 fs  E_kin =  19.7647 eV  E_pot = -2351.88 eV    |
+------------------------------------------------------------------------------+
+------------------------------------------------------------------------------+
| MD step =   505  time =  505 fs  E_kin =  19.3974 eV  E_pot = -2351.51 eV    |
+------------------------------------------------------------------------------+
+------------------------------------------------------------------------------+
| MD step =   510  time =  510 fs  E_kin =  18.9131 eV  E_pot = -2351.03 eV    |
+------------------------------------------------------------------------------+
+------------------------------------------------------------------------------+
| MD step =   515  time =  515 fs  E_kin =  18.7057 eV  E_pot = -2350.82 eV    |
+------------------------------------------------------------------------------+
+------------------------------------------------------------------------------+
| MD step =   520  time =  520 fs  E_kin =  19.1275 eV  E_pot = -2351.24 eV    |
+------------------------------------------------------------------------------+
+------------------------------------------------------------------------------+
| MD step =   525  time =  525 fs  E_kin =  20.2081 eV  E_pot = -2352.32 eV    |
+------------------------------------------------------------------------------+
+------------------------------------------------------------------------------+
| MD step =   530  time =  530 fs  E_kin =  21.4712 eV  E_pot = -2353.59 eV    |
+------------------------------------------------------------------------------+
+------------------------------------------------------------------------------+
| MD step =   535  time =  535 fs  E_kin =  22.1476 eV  E_pot = -2354.27 eV    |
+------------------------------------------------------------------------------+
+------------------------------------------------------------------------------+
| MD step =   540  time =  540 fs  E_kin =  21.7384 eV  E_pot = -2353.86 eV    |
+------------------------------------------------------------------------------+
+------------------------------------------------------------------------------+
| MD step =   545  time =  545 fs  E_kin =  20.4516 eV  E_pot = -2352.57 eV    |
+------------------------------------------------------------------------------+
+------------------------------------------------------------------------------+
| MD step =   550  time =  550 fs  E_kin =  19.1244 eV  E_pot = -2351.24 eV    |
+------------------------------------------------------------------------------+
+------------------------------------------------------------------------------+
| MD step =   555  time =  555 fs  E_kin =  18.6136 eV  E_pot = -2350.73 eV    |
+------------------------------------------------------------------------------+
+------------------------------------------------------------------------------+
| MD step =   560  time =  560 fs  E_kin =  19.0757 eV  E_pot = -2351.19 eV    |
+------------------------------------------------------------------------------+
+------------------------------------------------------------------------------+
| MD step =   565  time =  565 fs  E_kin =  19.8668 eV  E_pot = -2351.98 eV    |
+------------------------------------------------------------------------------+
+------------------------------------------------------------------------------+
| MD step =   570  time =  570 fs  E_kin =  20.1964 eV  E_pot = -2352.32 eV    |
+------------------------------------------------------------------------------+
+------------------------------------------------------------------------------+
| MD step =   575  time =  575 fs  E_kin =  19.8253 eV  E_pot = -2351.94 eV    |
+------------------------------------------------------------------------------+
+------------------------------------------------------------------------------+
| MD step =   580  time =  580 fs  E_kin =  19.1083 eV  E_pot = -2351.22 eV    |
+------------------------------------------------------------------------------+
+------------------------------------------------------------------------------+
| MD step =   585  time =  585 fs  E_kin =  18.5385 eV  E_pot = -2350.65 eV    |
+------------------------------------------------------------------------------+
+------------------------------------------------------------------------------+
| MD step =   590  time =  590 fs  E_kin =  18.3621 eV  E_pot = -2350.48 eV    |
+------------------------------------------------------------------------------+
+------------------------------------------------------------------------------+
| MD step =   595  time =  595 fs  E_kin =  18.5123 eV  E_pot = -2350.63 eV    |
+------------------------------------------------------------------------------+
+------------------------------------------------------------------------------+
| MD step =   600  time =  600 fs  E_kin =  18.7572 eV  E_pot = -2350.87 eV    |
+------------------------------------------------------------------------------+
+------------------------------------------------------------------------------+
| MD step =   605  time =  605 fs  E_kin =  18.8791 eV  E_pot = -2351 eV       |
+------------------------------------------------------------------------------+
+------------------------------------------------------------------------------+
| MD step =   610  time =  610 fs  E_kin =  18.7837 eV  E_pot = -2350.9 eV     |
+------------------------------------------------------------------------------+
+------------------------------------------------------------------------------+
| MD step =   615  time =  615 fs  E_kin =  18.5394 eV  E_pot = -2350.66 eV    |
+------------------------------------------------------------------------------+
+------------------------------------------------------------------------------+
| MD step =   620  time =  620 fs  E_kin =  18.3788 eV  E_pot = -2350.49 eV    |
+------------------------------------------------------------------------------+
+------------------------------------------------------------------------------+
| MD step =   625  time =  625 fs  E_kin =  18.5588 eV  E_pot = -2350.67 eV    |
+------------------------------------------------------------------------------+
+------------------------------------------------------------------------------+
| MD step =   630  time =  630 fs  E_kin =  19.0746 eV  E_pot = -2351.19 eV    |
+------------------------------------------------------------------------------+
+------------------------------------------------------------------------------+
| MD step =   635  time =  635 fs  E_kin =  19.5526 eV  E_pot = -2351.67 eV    |
+------------------------------------------------------------------------------+
+------------------------------------------------------------------------------+
| MD step =   640  time =  640 fs  E_kin =  19.5862 eV  E_pot = -2351.7 eV     |
+------------------------------------------------------------------------------+
+------------------------------------------------------------------------------+
| MD step =   645  time =  645 fs  E_kin =  19.1982 eV  E_pot = -2351.31 eV    |
+------------------------------------------------------------------------------+
+------------------------------------------------------------------------------+
| MD step =   650  time =  650 fs  E_kin =  18.8602 eV  E_pot = -2350.98 eV    |
+------------------------------------------------------------------------------+
+------------------------------------------------------------------------------+
| MD step =   655  time =  655 fs  E_kin =  19.0312 eV  E_pot = -2351.15 eV    |
+------------------------------------------------------------------------------+
+------------------------------------------------------------------------------+
| MD step =   660  time =  660 fs  E_kin =  19.6858 eV  E_pot = -2351.8 eV     |
+------------------------------------------------------------------------------+
+------------------------------------------------------------------------------+
| MD step =   665  time =  665 fs  E_kin =  20.3075 eV  E_pot = -2352.43 eV    |
+------------------------------------------------------------------------------+
+------------------------------------------------------------------------------+
| MD step =   670  time =  670 fs  E_kin =  20.3762 eV  E_pot = -2352.49 eV    |
+------------------------------------------------------------------------------+
+------------------------------------------------------------------------------+
| MD step =   675  time =  675 fs  E_kin =  19.7954 eV  E_pot = -2351.91 eV    |
+------------------------------------------------------------------------------+
+------------------------------------------------------------------------------+
| MD step =   680  time =  680 fs  E_kin =  18.91 eV  E_pot = -2351.03 eV      |
+------------------------------------------------------------------------------+
+------------------------------------------------------------------------------+
| MD step =   685  time =  685 fs  E_kin =  18.2833 eV  E_pot = -2350.4 eV     |
+------------------------------------------------------------------------------+
+------------------------------------------------------------------------------+
| MD step =   690  time =  690 fs  E_kin =  18.322 eV  E_pot = -2350.44 eV     |
+------------------------------------------------------------------------------+
+------------------------------------------------------------------------------+
| MD step =   695  time =  695 fs  E_kin =  18.8883 eV  E_pot = -2351.01 eV    |
+------------------------------------------------------------------------------+
+------------------------------------------------------------------------------+
| MD step =   700  time =  700 fs  E_kin =  19.3611 eV  E_pot = -2351.48 eV    |
+------------------------------------------------------------------------------+
+------------------------------------------------------------------------------+
| MD step =   705  time =  705 fs  E_kin =  19.2177 eV  E_pot = -2351.34 eV    |
+------------------------------------------------------------------------------+
+------------------------------------------------------------------------------+
| MD step =   710  time =  710 fs  E_kin =  18.5104 eV  E_pot = -2350.63 eV    |
+------------------------------------------------------------------------------+
+------------------------------------------------------------------------------+
| MD step =   715  time =  715 fs  E_kin =  17.7545 eV  E_pot = -2349.87 eV    |
+------------------------------------------------------------------------------+
+------------------------------------------------------------------------------+
| MD step =   720  time =  720 fs  E_kin =  17.4472 eV  E_pot = -2349.56 eV    |
+------------------------------------------------------------------------------+
+------------------------------------------------------------------------------+
| MD step =   725  time =  725 fs  E_kin =  17.7175 eV  E_pot = -2349.83 eV    |
+------------------------------------------------------------------------------+
+------------------------------------------------------------------------------+
| MD step =   730  time =  730 fs  E_kin =  18.3351 eV  E_pot = -2350.45 eV    |
+------------------------------------------------------------------------------+
+------------------------------------------------------------------------------+
| MD step =   735  time =  735 fs  E_kin =  18.9145 eV  E_pot = -2351.03 eV    |
+------------------------------------------------------------------------------+
+------------------------------------------------------------------------------+
| MD step =   740  time =  740 fs  E_kin =  19.1255 eV  E_pot = -2351.24 eV    |
+------------------------------------------------------------------------------+
+------------------------------------------------------------------------------+
| MD step =   745  time =  745 fs  E_kin =  18.8857 eV  E_pot = -2351 eV       |
+------------------------------------------------------------------------------+
+------------------------------------------------------------------------------+
| MD step =   750  time =  750 fs  E_kin =  18.4885 eV  E_pot = -2350.6 eV     |
+------------------------------------------------------------------------------+
+------------------------------------------------------------------------------+
| MD step =   755  time =  755 fs  E_kin =  18.4274 eV  E_pot = -2350.54 eV    |
+------------------------------------------------------------------------------+
+------------------------------------------------------------------------------+
| MD step =   760  time =  760 fs  E_kin =  18.9193 eV  E_pot = -2351.04 eV    |
+------------------------------------------------------------------------------+
+------------------------------------------------------------------------------+
| MD step =   765  time =  765 fs  E_kin =  19.6253 eV  E_pot = -2351.74 eV    |
+------------------------------------------------------------------------------+
+------------------------------------------------------------------------------+
| MD step =   770  time =  770 fs  E_kin =  19.9183 eV  E_pot = -2352.04 eV    |
+------------------------------------------------------------------------------+
+------------------------------------------------------------------------------+
| MD step =   775  time =  775 fs  E_kin =  19.4619 eV  E_pot = -2351.58 eV    |
+------------------------------------------------------------------------------+
+------------------------------------------------------------------------------+
| MD step =   780  time =  780 fs  E_kin =  18.5773 eV  E_pot = -2350.69 eV    |
+------------------------------------------------------------------------------+
+------------------------------------------------------------------------------+
| MD step =   785  time =  785 fs  E_kin =  17.9755 eV  E_pot = -2350.09 eV    |
+------------------------------------------------------------------------------+
+------------------------------------------------------------------------------+
| MD step =   790  time =  790 fs  E_kin =  18.1043 eV  E_pot = -2350.22 eV    |
+------------------------------------------------------------------------------+
+------------------------------------------------------------------------------+
| MD step =   795  time =  795 fs  E_kin =  18.8198 eV  E_pot = -2350.94 eV    |
+------------------------------------------------------------------------------+
+------------------------------------------------------------------------------+
| MD step =   800  time =  800 fs  E_kin =  19.5968 eV  E_pot = -2351.71 eV    |
+------------------------------------------------------------------------------+
+------------------------------------------------------------------------------+
| MD step =   805  time =  805 fs  E_kin =  19.9638 eV  E_pot = -2352.08 eV    |
+------------------------------------------------------------------------------+
+------------------------------------------------------------------------------+
| MD step =   810  time =  810 fs  E_kin =  19.7928 eV  E_pot = -2351.91 eV    |
+------------------------------------------------------------------------------+
+------------------------------------------------------------------------------+
| MD step =   815  time =  815 fs  E_kin =  19.2683 eV  E_pot = -2351.39 eV    |
+------------------------------------------------------------------------------+
+------------------------------------------------------------------------------+
| MD step =   820  time =  820 fs  E_kin =  18.6843 eV  E_pot = -2350.8 eV     |
+------------------------------------------------------------------------------+
+------------------------------------------------------------------------------+
| MD step =   825  time =  825 fs  E_kin =  18.2825 eV  E_pot = -2350.4 eV     |
+------------------------------------------------------------------------------+
+------------------------------------------------------------------------------+
| MD step =   830  time =  830 fs  E_kin =  18.1449 eV  E_pot = -2350.26 eV    |
+------------------------------------------------------------------------------+
+------------------------------------------------------------------------------+
| MD step =   835  time =  835 fs  E_kin =  18.1524 eV  E_pot = -2350.27 eV    |
+------------------------------------------------------------------------------+
+------------------------------------------------------------------------------+
| MD step =   840  time =  840 fs  E_kin =  18.1229 eV  E_pot = -2350.24 eV    |
+------------------------------------------------------------------------------+
+------------------------------------------------------------------------------+
| MD step =   845  time =  845 fs  E_kin =  18.0238 eV  E_pot = -2350.14 eV    |
+------------------------------------------------------------------------------+
+------------------------------------------------------------------------------+
| MD step =   850  time =  850 fs  E_kin =  17.9766 eV  E_pot = -2350.09 eV    |
+------------------------------------------------------------------------------+
+------------------------------------------------------------------------------+
| MD step =   855  time =  855 fs  E_kin =  18.0968 eV  E_pot = -2350.21 eV    |
+------------------------------------------------------------------------------+
+------------------------------------------------------------------------------+
| MD step =   860  time =  860 fs  E_kin =  18.3965 eV  E_pot = -2350.51 eV    |
+------------------------------------------------------------------------------+
+------------------------------------------------------------------------------+
| MD step =   865  time =  865 fs  E_kin =  18.7588 eV  E_pot = -2350.88 eV    |
+------------------------------------------------------------------------------+
+------------------------------------------------------------------------------+
| MD step =   870  time =  870 fs  E_kin =  19.0095 eV  E_pot = -2351.13 eV    |
+------------------------------------------------------------------------------+
+------------------------------------------------------------------------------+
| MD step =   875  time =  875 fs  E_kin =  19.0548 eV  E_pot = -2351.17 eV    |
+------------------------------------------------------------------------------+
+------------------------------------------------------------------------------+
| MD step =   880  time =  880 fs  E_kin =  18.9298 eV  E_pot = -2351.05 eV    |
+------------------------------------------------------------------------------+
+------------------------------------------------------------------------------+
| MD step =   885  time =  885 fs  E_kin =  18.7888 eV  E_pot = -2350.91 eV    |
+------------------------------------------------------------------------------+
+------------------------------------------------------------------------------+
| MD step =   890  time =  890 fs  E_kin =  18.8306 eV  E_pot = -2350.95 eV    |
+------------------------------------------------------------------------------+
+------------------------------------------------------------------------------+
| MD step =   895  time =  895 fs  E_kin =  19.0876 eV  E_pot = -2351.2 eV     |
+------------------------------------------------------------------------------+
+------------------------------------------------------------------------------+
| MD step =   900  time =  900 fs  E_kin =  19.3509 eV  E_pot = -2351.47 eV    |
+------------------------------------------------------------------------------+
+------------------------------------------------------------------------------+
| MD step =   905  time =  905 fs  E_kin =  19.4316 eV  E_pot = -2351.55 eV    |
+------------------------------------------------------------------------------+
+------------------------------------------------------------------------------+
| MD step =   910  time =  910 fs  E_kin =  19.3724 eV  E_pot = -2351.49 eV    |
+------------------------------------------------------------------------------+
+------------------------------------------------------------------------------+
| MD step =   915  time =  915 fs  E_kin =  19.3705 eV  E_pot = -2351.49 eV    |
+------------------------------------------------------------------------------+
+------------------------------------------------------------------------------+
| MD step =   920  time =  920 fs  E_kin =  19.6134 eV  E_pot = -2351.73 eV    |
+------------------------------------------------------------------------------+
+------------------------------------------------------------------------------+
| MD step =   925  time =  925 fs  E_kin =  20.108 eV  E_pot = -2352.22 eV     |
+------------------------------------------------------------------------------+
+------------------------------------------------------------------------------+
| MD step =   930  time =  930 fs  E_kin =  20.5778 eV  E_pot = -2352.7 eV     |
+------------------------------------------------------------------------------+
+------------------------------------------------------------------------------+
| MD step =   935  time =  935 fs  E_kin =  20.6379 eV  E_pot = -2352.76 eV    |
+------------------------------------------------------------------------------+
+------------------------------------------------------------------------------+
| MD step =   940  time =  940 fs  E_kin =  20.1487 eV  E_pot = -2352.27 eV    |
+------------------------------------------------------------------------------+
+------------------------------------------------------------------------------+
| MD step =   945  time =  945 fs  E_kin =  19.379 eV  E_pot = -2351.5 eV      |
+------------------------------------------------------------------------------+
+------------------------------------------------------------------------------+
| MD step =   950  time =  950 fs  E_kin =  18.848 eV  E_pot = -2350.96 eV     |
+------------------------------------------------------------------------------+
+------------------------------------------------------------------------------+
| MD step =   955  time =  955 fs  E_kin =  18.959 eV  E_pot = -2351.07 eV     |
+------------------------------------------------------------------------------+
+------------------------------------------------------------------------------+
| MD step =   960  time =  960 fs  E_kin =  19.6129 eV  E_pot = -2351.73 eV    |
+------------------------------------------------------------------------------+
+------------------------------------------------------------------------------+
| MD step =   965  time =  965 fs  E_kin =  20.1825 eV  E_pot = -2352.3 eV     |
+------------------------------------------------------------------------------+
+------------------------------------------------------------------------------+
| MD step =   970  time =  970 fs  E_kin =  20.0602 eV  E_pot = -2352.18 eV    |
+------------------------------------------------------------------------------+
+------------------------------------------------------------------------------+
| MD step =   975  time =  975 fs  E_kin =  19.2945 eV  E_pot = -2351.41 eV    |
+------------------------------------------------------------------------------+
+------------------------------------------------------------------------------+
| MD step =   980  time =  980 fs  E_kin =  18.5416 eV  E_pot = -2350.66 eV    |
+------------------------------------------------------------------------------+
+------------------------------------------------------------------------------+
| MD step =   985  time =  985 fs  E_kin =  18.3491 eV  E_pot = -2350.46 eV    |
+------------------------------------------------------------------------------+
+------------------------------------------------------------------------------+
| MD step =   990  time =  990 fs  E_kin =  18.6961 eV  E_pot = -2350.81 eV    |
+------------------------------------------------------------------------------+
+------------------------------------------------------------------------------+
| MD step =   995  time =  995 fs  E_kin =  19.1735 eV  E_pot = -2351.29 eV    |
+------------------------------------------------------------------------------+
+------------------------------------------------------------------------------+
| MD step =  1000  time =  1000 fs  E_kin =  19.3288 eV  E_pot = -2351.45 eV   |
+------------------------------------------------------------------------------+

Timing:                          Total     Per Step        %

--------------------------------------------------------------------------------

File IO, MD             :      10.61 s       0.05 s      63.25% |=============|
Loading Modules + MPI   :       2.80 s       2.80 s      16.71% |===|
--------------------------------------------------------------------------------
Total                   :      16.78 s
