+------------------------------------------------------------------------------+
|                                                                              |
| Atomistix ToolKit 2017.1 [Build ce08f12339]                                  |
|                                                                              |
+------------------------------------------------------------------------------+
+------------------------------------------------------------------------------+
| MD step =     0  time =  0 fs  E_kin =  20.4904 eV  E_pot = -2370.77 eV      |
+------------------------------------------------------------------------------+
+------------------------------------------------------------------------------+
| MD step =   100  time =  100 fs  E_kin =  11.0101 eV  E_pot = -2359.53 eV    |
+------------------------------------------------------------------------------+
+------------------------------------------------------------------------------+
| MD step =   200  time =  200 fs  E_kin =  14.5189 eV  E_pot = -2359.29 eV    |
+------------------------------------------------------------------------------+
+------------------------------------------------------------------------------+
| MD step =   300  time =  300 fs  E_kin =  13.6456 eV  E_pot = -2354.32 eV    |
+------------------------------------------------------------------------------+
+------------------------------------------------------------------------------+
| MD step =   400  time =  400 fs  E_kin =  16.0515 eV  E_pot = -2352.26 eV    |
+------------------------------------------------------------------------------+
+------------------------------------------------------------------------------+
| MD step =   500  time =  500 fs  E_kin =  17.4683 eV  E_pot = -2349.38 eV    |
+------------------------------------------------------------------------------+
+------------------------------------------------------------------------------+
| MD step =   600  time =  600 fs  E_kin =  20.6234 eV  E_pot = -2349.6 eV     |
+------------------------------------------------------------------------------+
+------------------------------------------------------------------------------+
| MD step =   700  time =  700 fs  E_kin =  22.2409 eV  E_pot = -2350.33 eV    |
+------------------------------------------------------------------------------+
+------------------------------------------------------------------------------+
| MD step =   800  time =  800 fs  E_kin =  20.6206 eV  E_pot = -2349.63 eV    |
+------------------------------------------------------------------------------+
+------------------------------------------------------------------------------+
| MD step =   900  time =  900 fs  E_kin =  19.8366 eV  E_pot = -2350.44 eV    |
+------------------------------------------------------------------------------+
+------------------------------------------------------------------------------+
| MD step =  1000  time =  1000 fs  E_kin =  18.0291 eV  E_pot = -2350.13 eV   |
+------------------------------------------------------------------------------+
+------------------------------------------------------------------------------+
| MD step =  1100  time =  1100 fs  E_kin =  19.3437 eV  E_pot = -2351.1 eV    |
+------------------------------------------------------------------------------+
+------------------------------------------------------------------------------+
| MD step =  1200  time =  1200 fs  E_kin =  18.7029 eV  E_pot = -2349.68 eV   |
+------------------------------------------------------------------------------+
+------------------------------------------------------------------------------+
| MD step =  1300  time =  1300 fs  E_kin =  21.8431 eV  E_pot = -2351.04 eV   |
+------------------------------------------------------------------------------+
+------------------------------------------------------------------------------+
| MD step =  1400  time =  1400 fs  E_kin =  19.9829 eV  E_pot = -2348.94 eV   |
+------------------------------------------------------------------------------+
+------------------------------------------------------------------------------+
| MD step =  1500  time =  1500 fs  E_kin =  20.0281 eV  E_pot = -2349.5 eV    |
+------------------------------------------------------------------------------+
+------------------------------------------------------------------------------+
| MD step =  1600  time =  1600 fs  E_kin =  19.546 eV  E_pot = -2350.34 eV    |
+------------------------------------------------------------------------------+
+------------------------------------------------------------------------------+
| MD step =  1700  time =  1700 fs  E_kin =  17.9672 eV  E_pot = -2350.12 eV   |
+------------------------------------------------------------------------------+
+------------------------------------------------------------------------------+
| MD step =  1800  time =  1800 fs  E_kin =  18.8652 eV  E_pot = -2350.71 eV   |
+------------------------------------------------------------------------------+
+------------------------------------------------------------------------------+
| MD step =  1900  time =  1900 fs  E_kin =  19.2751 eV  E_pot = -2349.58 eV   |
+------------------------------------------------------------------------------+
+------------------------------------------------------------------------------+
| MD step =  2000  time =  2000 fs  E_kin =  20.3733 eV  E_pot = -2349.36 eV   |
+------------------------------------------------------------------------------+
+------------------------------------------------------------------------------+
| MD step =  2100  time =  2100 fs  E_kin =  20.2821 eV  E_pot = -2349.16 eV   |
+------------------------------------------------------------------------------+
+------------------------------------------------------------------------------+
| MD step =  2200  time =  2200 fs  E_kin =  21.0139 eV  E_pot = -2351.01 eV   |
+------------------------------------------------------------------------------+
+------------------------------------------------------------------------------+
| MD step =  2300  time =  2300 fs  E_kin =  19.1447 eV  E_pot = -2350.88 eV   |
+------------------------------------------------------------------------------+
+------------------------------------------------------------------------------+
| MD step =  2400  time =  2400 fs  E_kin =  19.0693 eV  E_pot = -2350.66 eV   |
+------------------------------------------------------------------------------+
+------------------------------------------------------------------------------+
| MD step =  2500  time =  2500 fs  E_kin =  21.9236 eV  E_pot = -2352.32 eV   |
+------------------------------------------------------------------------------+
+------------------------------------------------------------------------------+
| MD step =  2600  time =  2600 fs  E_kin =  19.6572 eV  E_pot = -2349.81 eV   |
+------------------------------------------------------------------------------+
+------------------------------------------------------------------------------+
| MD step =  2700  time =  2700 fs  E_kin =  19.9731 eV  E_pot = -2349.76 eV   |
+------------------------------------------------------------------------------+
+------------------------------------------------------------------------------+
| MD step =  2800  time =  2800 fs  E_kin =  20.6716 eV  E_pot = -2351.04 eV   |
+------------------------------------------------------------------------------+
+------------------------------------------------------------------------------+
| MD step =  2900  time =  2900 fs  E_kin =  18.6197 eV  E_pot = -2349.84 eV   |
+------------------------------------------------------------------------------+
+------------------------------------------------------------------------------+
| MD step =  3000  time =  3000 fs  E_kin =  20.1265 eV  E_pot = -2351.19 eV   |
+------------------------------------------------------------------------------+
+------------------------------------------------------------------------------+
| MD step =  3100  time =  3100 fs  E_kin =  19.3915 eV  E_pot = -2349.05 eV   |
+------------------------------------------------------------------------------+
+------------------------------------------------------------------------------+
| MD step =  3200  time =  3200 fs  E_kin =  21.8118 eV  E_pot = -2350.31 eV   |
+------------------------------------------------------------------------------+
+------------------------------------------------------------------------------+
| MD step =  3300  time =  3300 fs  E_kin =  20.7933 eV  E_pot = -2350.15 eV   |
+------------------------------------------------------------------------------+
+------------------------------------------------------------------------------+
| MD step =  3400  time =  3400 fs  E_kin =  20.3916 eV  E_pot = -2351.2 eV    |
+------------------------------------------------------------------------------+
+------------------------------------------------------------------------------+
| MD step =  3500  time =  3500 fs  E_kin =  19.1281 eV  E_pot = -2349.93 eV   |
+------------------------------------------------------------------------------+
+------------------------------------------------------------------------------+
| MD step =  3600  time =  3600 fs  E_kin =  20.6348 eV  E_pot = -2350.71 eV   |
+------------------------------------------------------------------------------+
+------------------------------------------------------------------------------+
| MD step =  3700  time =  3700 fs  E_kin =  18.2069 eV  E_pot = -2348.79 eV   |
+------------------------------------------------------------------------------+
+------------------------------------------------------------------------------+
| MD step =  3800  time =  3800 fs  E_kin =  20.9867 eV  E_pot = -2351.55 eV   |
+------------------------------------------------------------------------------+
+------------------------------------------------------------------------------+
| MD step =  3900  time =  3900 fs  E_kin =  18.7312 eV  E_pot = -2350.39 eV   |
+------------------------------------------------------------------------------+
+------------------------------------------------------------------------------+
| MD step =  4000  time =  4000 fs  E_kin =  19.3209 eV  E_pot = -2350.87 eV   |
+------------------------------------------------------------------------------+
+------------------------------------------------------------------------------+
| MD step =  4100  time =  4100 fs  E_kin =  19.0911 eV  E_pot = -2349.22 eV   |
+------------------------------------------------------------------------------+
+------------------------------------------------------------------------------+
| MD step =  4200  time =  4200 fs  E_kin =  20.2438 eV  E_pot = -2349.34 eV   |
+------------------------------------------------------------------------------+
+------------------------------------------------------------------------------+
| MD step =  4300  time =  4300 fs  E_kin =  19.2834 eV  E_pot = -2349 eV      |
+------------------------------------------------------------------------------+
+------------------------------------------------------------------------------+
| MD step =  4400  time =  4400 fs  E_kin =  18.9764 eV  E_pot = -2349.82 eV   |
+------------------------------------------------------------------------------+
+------------------------------------------------------------------------------+
| MD step =  4500  time =  4500 fs  E_kin =  19.31 eV  E_pot = -2350.25 eV     |
+------------------------------------------------------------------------------+
+------------------------------------------------------------------------------+
| MD step =  4600  time =  4600 fs  E_kin =  19.7799 eV  E_pot = -2350.39 eV   |
+------------------------------------------------------------------------------+
+------------------------------------------------------------------------------+
| MD step =  4700  time =  4700 fs  E_kin =  20.1321 eV  E_pot = -2350.56 eV   |
+------------------------------------------------------------------------------+
+------------------------------------------------------------------------------+
| MD step =  4800  time =  4800 fs  E_kin =  19.1939 eV  E_pot = -2349.78 eV   |
+------------------------------------------------------------------------------+
+------------------------------------------------------------------------------+
| MD step =  4900  time =  4900 fs  E_kin =  21.9941 eV  E_pot = -2351.32 eV   |
+------------------------------------------------------------------------------+
+------------------------------------------------------------------------------+
| MD step =  5000  time =  5000 fs  E_kin =  20.8037 eV  E_pot = -2349.54 eV   |
+------------------------------------------------------------------------------+
+------------------------------------------------------------------------------+
| MD step =  5100  time =  5100 fs  E_kin =  21.1179 eV  E_pot = -2349.83 eV   |
+------------------------------------------------------------------------------+
+------------------------------------------------------------------------------+
| MD step =  5200  time =  5200 fs  E_kin =  20.7582 eV  E_pot = -2351.25 eV   |
+------------------------------------------------------------------------------+
+------------------------------------------------------------------------------+
| MD step =  5300  time =  5300 fs  E_kin =  19.0831 eV  E_pot = -2350.69 eV   |
+------------------------------------------------------------------------------+
+------------------------------------------------------------------------------+
| MD step =  5400  time =  5400 fs  E_kin =  19.3545 eV  E_pot = -2350.61 eV   |
+------------------------------------------------------------------------------+
+------------------------------------------------------------------------------+
| MD step =  5500  time =  5500 fs  E_kin =  20.6704 eV  E_pot = -2350.61 eV   |
+------------------------------------------------------------------------------+
+------------------------------------------------------------------------------+
| MD step =  5600  time =  5600 fs  E_kin =  19.3369 eV  E_pot = -2348.85 eV   |
+------------------------------------------------------------------------------+
+------------------------------------------------------------------------------+
| MD step =  5700  time =  5700 fs  E_kin =  20.706 eV  E_pot = -2350.09 eV    |
+------------------------------------------------------------------------------+
+------------------------------------------------------------------------------+
| MD step =  5800  time =  5800 fs  E_kin =  20.6036 eV  E_pot = -2351.42 eV   |
+------------------------------------------------------------------------------+
+------------------------------------------------------------------------------+
| MD step =  5900  time =  5900 fs  E_kin =  18.5849 eV  E_pot = -2350.93 eV   |
+------------------------------------------------------------------------------+
+------------------------------------------------------------------------------+
| MD step =  6000  time =  6000 fs  E_kin =  19.5388 eV  E_pot = -2351.09 eV   |
+------------------------------------------------------------------------------+
+------------------------------------------------------------------------------+
| MD step =  6100  time =  6100 fs  E_kin =  19.975 eV  E_pot = -2350.16 eV    |
+------------------------------------------------------------------------------+
+------------------------------------------------------------------------------+
| MD step =  6200  time =  6200 fs  E_kin =  20.9644 eV  E_pot = -2350.44 eV   |
+------------------------------------------------------------------------------+
+------------------------------------------------------------------------------+
| MD step =  6300  time =  6300 fs  E_kin =  19.3706 eV  E_pot = -2349.03 eV   |
+------------------------------------------------------------------------------+
+------------------------------------------------------------------------------+
| MD step =  6400  time =  6400 fs  E_kin =  19.053 eV  E_pot = -2350.46 eV    |
+------------------------------------------------------------------------------+
+------------------------------------------------------------------------------+
| MD step =  6500  time =  6500 fs  E_kin =  19.5217 eV  E_pot = -2351.78 eV   |
+------------------------------------------------------------------------------+
+------------------------------------------------------------------------------+
| MD step =  6600  time =  6600 fs  E_kin =  18.5383 eV  E_pot = -2350.19 eV   |
+------------------------------------------------------------------------------+
+------------------------------------------------------------------------------+
| MD step =  6700  time =  6700 fs  E_kin =  19.9383 eV  E_pot = -2350.33 eV   |
+------------------------------------------------------------------------------+
+------------------------------------------------------------------------------+
| MD step =  6800  time =  6800 fs  E_kin =  20.5935 eV  E_pot = -2350.43 eV   |
+------------------------------------------------------------------------------+
+------------------------------------------------------------------------------+
| MD step =  6900  time =  6900 fs  E_kin =  20.4355 eV  E_pot = -2350.65 eV   |
+------------------------------------------------------------------------------+
+------------------------------------------------------------------------------+
| MD step =  7000  time =  7000 fs  E_kin =  20.0528 eV  E_pot = -2351.16 eV   |
+------------------------------------------------------------------------------+
+------------------------------------------------------------------------------+
| MD step =  7100  time =  7100 fs  E_kin =  18.4592 eV  E_pot = -2351.46 eV   |
+------------------------------------------------------------------------------+
+------------------------------------------------------------------------------+
| MD step =  7200  time =  7200 fs  E_kin =  18.8263 eV  E_pot = -2351.64 eV   |
+------------------------------------------------------------------------------+
+------------------------------------------------------------------------------+
| MD step =  7300  time =  7300 fs  E_kin =  18.8684 eV  E_pot = -2350.3 eV    |
+------------------------------------------------------------------------------+
+------------------------------------------------------------------------------+
| MD step =  7400  time =  7400 fs  E_kin =  21.5899 eV  E_pot = -2352.07 eV   |
+------------------------------------------------------------------------------+
+------------------------------------------------------------------------------+
| MD step =  7500  time =  7500 fs  E_kin =  19.2686 eV  E_pot = -2349.85 eV   |
+------------------------------------------------------------------------------+
+------------------------------------------------------------------------------+
| MD step =  7600  time =  7600 fs  E_kin =  20.5296 eV  E_pot = -2350.28 eV   |
+------------------------------------------------------------------------------+
+------------------------------------------------------------------------------+
| MD step =  7700  time =  7700 fs  E_kin =  21.1248 eV  E_pot = -2350.23 eV   |
+------------------------------------------------------------------------------+
+------------------------------------------------------------------------------+
| MD step =  7800  time =  7800 fs  E_kin =  20.3649 eV  E_pot = -2349.92 eV   |
+------------------------------------------------------------------------------+
+------------------------------------------------------------------------------+
| MD step =  7900  time =  7900 fs  E_kin =  19.6002 eV  E_pot = -2350.5 eV    |
+------------------------------------------------------------------------------+
+------------------------------------------------------------------------------+
| MD step =  8000  time =  8000 fs  E_kin =  19.5844 eV  E_pot = -2351.33 eV   |
+------------------------------------------------------------------------------+
+------------------------------------------------------------------------------+
| MD step =  8100  time =  8100 fs  E_kin =  17.6023 eV  E_pot = -2349.56 eV   |
+------------------------------------------------------------------------------+
+------------------------------------------------------------------------------+
| MD step =  8200  time =  8200 fs  E_kin =  20.8802 eV  E_pot = -2350.84 eV   |
+------------------------------------------------------------------------------+
+------------------------------------------------------------------------------+
| MD step =  8300  time =  8300 fs  E_kin =  20.4653 eV  E_pot = -2350.08 eV   |
+------------------------------------------------------------------------------+
+------------------------------------------------------------------------------+
| MD step =  8400  time =  8400 fs  E_kin =  19.6312 eV  E_pot = -2349.57 eV   |
+------------------------------------------------------------------------------+
+------------------------------------------------------------------------------+
| MD step =  8500  time =  8500 fs  E_kin =  19.0977 eV  E_pot = -2349.99 eV   |
+------------------------------------------------------------------------------+
+------------------------------------------------------------------------------+
| MD step =  8600  time =  8600 fs  E_kin =  19.3307 eV  E_pot = -2351.36 eV   |
+------------------------------------------------------------------------------+
+------------------------------------------------------------------------------+
| MD step =  8700  time =  8700 fs  E_kin =  18.7953 eV  E_pot = -2351.74 eV   |
+------------------------------------------------------------------------------+
+------------------------------------------------------------------------------+
| MD step =  8800  time =  8800 fs  E_kin =  19.7712 eV  E_pot = -2350.8 eV    |
+------------------------------------------------------------------------------+
+------------------------------------------------------------------------------+
| MD step =  8900  time =  8900 fs  E_kin =  19.8718 eV  E_pot = -2349.69 eV   |
+------------------------------------------------------------------------------+
+------------------------------------------------------------------------------+
| MD step =  9000  time =  9000 fs  E_kin =  21.6462 eV  E_pot = -2351.18 eV   |
+------------------------------------------------------------------------------+
+------------------------------------------------------------------------------+
| MD step =  9100  time =  9100 fs  E_kin =  19.3566 eV  E_pot = -2349.81 eV   |
+------------------------------------------------------------------------------+
+------------------------------------------------------------------------------+
| MD step =  9200  time =  9200 fs  E_kin =  19.7898 eV  E_pot = -2351.27 eV   |
+------------------------------------------------------------------------------+
+------------------------------------------------------------------------------+
| MD step =  9300  time =  9300 fs  E_kin =  18.8555 eV  E_pot = -2351.02 eV   |
+------------------------------------------------------------------------------+
+------------------------------------------------------------------------------+
| MD step =  9400  time =  9400 fs  E_kin =  19.0718 eV  E_pot = -2349.85 eV   |
+------------------------------------------------------------------------------+
+------------------------------------------------------------------------------+
| MD step =  9500  time =  9500 fs  E_kin =  20.1812 eV  E_pot = -2349.29 eV   |
+------------------------------------------------------------------------------+
+------------------------------------------------------------------------------+
| MD step =  9600  time =  9600 fs  E_kin =  19.5244 eV  E_pot = -2349.23 eV   |
+------------------------------------------------------------------------------+
+------------------------------------------------------------------------------+
| MD step =  9700  time =  9700 fs  E_kin =  19.6266 eV  E_pot = -2350.49 eV   |
+------------------------------------------------------------------------------+
+------------------------------------------------------------------------------+
| MD step =  9800  time =  9800 fs  E_kin =  19.6432 eV  E_pot = -2351 eV      |
+------------------------------------------------------------------------------+
+------------------------------------------------------------------------------+
| MD step =  9900  time =  9900 fs  E_kin =  20.1511 eV  E_pot = -2351.15 eV   |
+------------------------------------------------------------------------------+
+------------------------------------------------------------------------------+
| MD step = 10000  time =  10000 fs  E_kin =  20.2678 eV  E_pot = -2349.35 eV  |
+------------------------------------------------------------------------------+

Timing:                          Total     Per Step        %

--------------------------------------------------------------------------------

File IO, MD             :       6.64 s       0.07 s       7.01% |=============|
Loading Modules + MPI   :       3.23 s       3.23 s       3.42% |======|
--------------------------------------------------------------------------------
Total                   :      94.68 s (1m34.68s)
