+------------------------------------------------------------------------------+
|                                                                              |
| Atomistix ToolKit 2017.1 [Build ce08f12339]                                  |
|                                                                              |
+------------------------------------------------------------------------------+
+------------------------------------------------------------------------------+
| MD step =     0  time =  0 fs  E_kin =  19.5818 eV  E_pot = -2370.77 eV      |
+------------------------------------------------------------------------------+
+------------------------------------------------------------------------------+
| MD step =    20  time =  20 fs  E_kin =  7.89963 eV  E_pot = -2358.76 eV     |
+------------------------------------------------------------------------------+
+------------------------------------------------------------------------------+
| MD step =    40  time =  40 fs  E_kin =  11.6746 eV  E_pot = -2361.78 eV     |
+------------------------------------------------------------------------------+
+------------------------------------------------------------------------------+
| MD step =    60  time =  60 fs  E_kin =  10.5579 eV  E_pot = -2360.14 eV     |
+------------------------------------------------------------------------------+
+------------------------------------------------------------------------------+
| MD step =    80  time =  80 fs  E_kin =  5.62632 eV  E_pot = -2354.53 eV     |
+------------------------------------------------------------------------------+
+------------------------------------------------------------------------------+
| MD step =   100  time =  100 fs  E_kin =  10.2983 eV  E_pot = -2358.54 eV    |
+------------------------------------------------------------------------------+
+------------------------------------------------------------------------------+
| MD step =   120  time =  120 fs  E_kin =  11.1885 eV  E_pot = -2358.66 eV    |
+------------------------------------------------------------------------------+
+------------------------------------------------------------------------------+
| MD step =   140  time =  140 fs  E_kin =  10.6438 eV  E_pot = -2356.99 eV    |
+------------------------------------------------------------------------------+
+------------------------------------------------------------------------------+
| MD step =   160  time =  160 fs  E_kin =  17.7216 eV  E_pot = -2362.84 eV    |
+------------------------------------------------------------------------------+
+------------------------------------------------------------------------------+
| MD step =   180  time =  180 fs  E_kin =  12.4472 eV  E_pot = -2356.22 eV    |
+------------------------------------------------------------------------------+
+------------------------------------------------------------------------------+
| MD step =   200  time =  200 fs  E_kin =  15.3251 eV  E_pot = -2357.62 eV    |
+------------------------------------------------------------------------------+
+------------------------------------------------------------------------------+
| MD step =   220  time =  220 fs  E_kin =  15.9708 eV  E_pot = -2356.95 eV    |
+------------------------------------------------------------------------------+
+------------------------------------------------------------------------------+
| MD step =   240  time =  240 fs  E_kin =  11.8028 eV  E_pot = -2351.24 eV    |
+------------------------------------------------------------------------------+
+------------------------------------------------------------------------------+
| MD step =   260  time =  260 fs  E_kin =  16.7588 eV  E_pot = -2354.82 eV    |
+------------------------------------------------------------------------------+
+------------------------------------------------------------------------------+
| MD step =   280  time =  280 fs  E_kin =  14.971 eV  E_pot = -2351.46 eV     |
+------------------------------------------------------------------------------+
+------------------------------------------------------------------------------+
| MD step =   300  time =  300 fs  E_kin =  17.0932 eV  E_pot = -2351.82 eV    |
+------------------------------------------------------------------------------+
+------------------------------------------------------------------------------+
| MD step =   320  time =  320 fs  E_kin =  21.3027 eV  E_pot = -2354.16 eV    |
+------------------------------------------------------------------------------+
+------------------------------------------------------------------------------+
| MD step =   340  time =  340 fs  E_kin =  17.7326 eV  E_pot = -2348.51 eV    |
+------------------------------------------------------------------------------+
+------------------------------------------------------------------------------+
| MD step =   360  time =  360 fs  E_kin =  24.4629 eV  E_pot = -2353.02 eV    |
+------------------------------------------------------------------------------+
+------------------------------------------------------------------------------+
| MD step =   380  time =  380 fs  E_kin =  22.7379 eV  E_pot = -2348.92 eV    |
+------------------------------------------------------------------------------+
+------------------------------------------------------------------------------+
| MD step =   400  time =  400 fs  E_kin =  21.4474 eV  E_pot = -2345.21 eV    |
+------------------------------------------------------------------------------+
+------------------------------------------------------------------------------+
| MD step =   420  time =  420 fs  E_kin =  24.7112 eV  E_pot = -2346.18 eV    |
+------------------------------------------------------------------------------+
+------------------------------------------------------------------------------+
| MD step =   440  time =  440 fs  E_kin =  23.5945 eV  E_pot = -2342.44 eV    |
+------------------------------------------------------------------------------+
+------------------------------------------------------------------------------+
| MD step =   460  time =  460 fs  E_kin =  24.4842 eV  E_pot = -2340.83 eV    |
+------------------------------------------------------------------------------+
+------------------------------------------------------------------------------+
| MD step =   480  time =  480 fs  E_kin =  27.0523 eV  E_pot = -2340.75 eV    |
+------------------------------------------------------------------------------+
+------------------------------------------------------------------------------+
| MD step =   500  time =  500 fs  E_kin =  29.84 eV  E_pot = -2340.45 eV      |
+------------------------------------------------------------------------------+
+------------------------------------------------------------------------------+
| MD step =   520  time =  520 fs  E_kin =  31.3034 eV  E_pot = -2338.9 eV     |
+------------------------------------------------------------------------------+
+------------------------------------------------------------------------------+
| MD step =   540  time =  540 fs  E_kin =  34.7289 eV  E_pot = -2338.84 eV    |
+------------------------------------------------------------------------------+
+------------------------------------------------------------------------------+
| MD step =   560  time =  560 fs  E_kin =  35.1545 eV  E_pot = -2335.83 eV    |
+------------------------------------------------------------------------------+
+------------------------------------------------------------------------------+
| MD step =   580  time =  580 fs  E_kin =  36.7072 eV  E_pot = -2333.82 eV    |
+------------------------------------------------------------------------------+
+------------------------------------------------------------------------------+
| MD step =   600  time =  600 fs  E_kin =  39.6932 eV  E_pot = -2333.14 eV    |
+------------------------------------------------------------------------------+
+------------------------------------------------------------------------------+
| MD step =   620  time =  620 fs  E_kin =  38.1562 eV  E_pot = -2327.8 eV     |
+------------------------------------------------------------------------------+
+------------------------------------------------------------------------------+
| MD step =   640  time =  640 fs  E_kin =  40.0295 eV  E_pot = -2326.04 eV    |
+------------------------------------------------------------------------------+
+------------------------------------------------------------------------------+
| MD step =   660  time =  660 fs  E_kin =  44.5776 eV  E_pot = -2326.51 eV    |
+------------------------------------------------------------------------------+
+------------------------------------------------------------------------------+
| MD step =   680  time =  680 fs  E_kin =  43.7532 eV  E_pot = -2321.67 eV    |
+------------------------------------------------------------------------------+
+------------------------------------------------------------------------------+
| MD step =   700  time =  700 fs  E_kin =  46.2629 eV  E_pot = -2320.1 eV     |
+------------------------------------------------------------------------------+
+------------------------------------------------------------------------------+
| MD step =   720  time =  720 fs  E_kin =  49.609 eV  E_pot = -2319.33 eV     |
+------------------------------------------------------------------------------+
+------------------------------------------------------------------------------+
| MD step =   740  time =  740 fs  E_kin =  48.564 eV  E_pot = -2314.04 eV     |
+------------------------------------------------------------------------------+
+------------------------------------------------------------------------------+
| MD step =   760  time =  760 fs  E_kin =  53.2299 eV  E_pot = -2314.59 eV    |
+------------------------------------------------------------------------------+
+------------------------------------------------------------------------------+
| MD step =   780  time =  780 fs  E_kin =  56.3419 eV  E_pot = -2313.28 eV    |
+------------------------------------------------------------------------------+
+------------------------------------------------------------------------------+
| MD step =   800  time =  800 fs  E_kin =  53.2698 eV  E_pot = -2306.09 eV    |
+------------------------------------------------------------------------------+
+------------------------------------------------------------------------------+
| MD step =   820  time =  820 fs  E_kin =  59.8984 eV  E_pot = -2308.48 eV    |
+------------------------------------------------------------------------------+
+------------------------------------------------------------------------------+
| MD step =   840  time =  840 fs  E_kin =  60.2152 eV  E_pot = -2304.66 eV    |
+------------------------------------------------------------------------------+
+------------------------------------------------------------------------------+
| MD step =   860  time =  860 fs  E_kin =  61.492 eV  E_pot = -2301.93 eV     |
+------------------------------------------------------------------------------+
+------------------------------------------------------------------------------+
| MD step =   880  time =  880 fs  E_kin =  63.1335 eV  E_pot = -2299.8 eV     |
+------------------------------------------------------------------------------+
+------------------------------------------------------------------------------+
| MD step =   900  time =  900 fs  E_kin =  64.3506 eV  E_pot = -2297.34 eV    |
+------------------------------------------------------------------------------+
+------------------------------------------------------------------------------+
| MD step =   920  time =  920 fs  E_kin =  67.6846 eV  E_pot = -2297.29 eV    |
+------------------------------------------------------------------------------+
+------------------------------------------------------------------------------+
| MD step =   940  time =  940 fs  E_kin =  72.5846 eV  E_pot = -2298.96 eV    |
+------------------------------------------------------------------------------+
+------------------------------------------------------------------------------+
| MD step =   960  time =  960 fs  E_kin =  71.9784 eV  E_pot = -2295.72 eV    |
+------------------------------------------------------------------------------+
+------------------------------------------------------------------------------+
| MD step =   980  time =  980 fs  E_kin =  74.7374 eV  E_pot = -2296.45 eV    |
+------------------------------------------------------------------------------+
+------------------------------------------------------------------------------+
| MD step =  1000  time =  1000 fs  E_kin =  71.4465 eV  E_pot = -2291.86 eV   |
+------------------------------------------------------------------------------+
+------------------------------------------------------------------------------+
| MD step =  1020  time =  1020 fs  E_kin =  71.2219 eV  E_pot = -2290.88 eV   |
+------------------------------------------------------------------------------+
+------------------------------------------------------------------------------+
| MD step =  1040  time =  1040 fs  E_kin =  68.7425 eV  E_pot = -2288.07 eV   |
+------------------------------------------------------------------------------+
+------------------------------------------------------------------------------+
| MD step =  1060  time =  1060 fs  E_kin =  71.0521 eV  E_pot = -2290.28 eV   |
+------------------------------------------------------------------------------+
+------------------------------------------------------------------------------+
| MD step =  1080  time =  1080 fs  E_kin =  73.7461 eV  E_pot = -2293.29 eV   |
+------------------------------------------------------------------------------+
+------------------------------------------------------------------------------+
| MD step =  1100  time =  1100 fs  E_kin =  73.5806 eV  E_pot = -2294.01 eV   |
+------------------------------------------------------------------------------+
+------------------------------------------------------------------------------+
| MD step =  1120  time =  1120 fs  E_kin =  77.2465 eV  E_pot = -2299.35 eV   |
+------------------------------------------------------------------------------+
+------------------------------------------------------------------------------+
| MD step =  1140  time =  1140 fs  E_kin =  73.2017 eV  E_pot = -2297.68 eV   |
+------------------------------------------------------------------------------+
+------------------------------------------------------------------------------+
| MD step =  1160  time =  1160 fs  E_kin =  70.1884 eV  E_pot = -2297.54 eV   |
+------------------------------------------------------------------------------+
+------------------------------------------------------------------------------+
| MD step =  1180  time =  1180 fs  E_kin =  67.5075 eV  E_pot = -2297.71 eV   |
+------------------------------------------------------------------------------+
+------------------------------------------------------------------------------+
| MD step =  1200  time =  1200 fs  E_kin =  63.0204 eV  E_pot = -2295.93 eV   |
+------------------------------------------------------------------------------+
+------------------------------------------------------------------------------+
| MD step =  1220  time =  1220 fs  E_kin =  61.7524 eV  E_pot = -2296.75 eV   |
+------------------------------------------------------------------------------+
+------------------------------------------------------------------------------+
| MD step =  1240  time =  1240 fs  E_kin =  60.0887 eV  E_pot = -2296.75 eV   |
+------------------------------------------------------------------------------+
+------------------------------------------------------------------------------+
| MD step =  1260  time =  1260 fs  E_kin =  61.5341 eV  E_pot = -2299.49 eV   |
+------------------------------------------------------------------------------+
+------------------------------------------------------------------------------+
| MD step =  1280  time =  1280 fs  E_kin =  65.601 eV  E_pot = -2304.55 eV    |
+------------------------------------------------------------------------------+
+------------------------------------------------------------------------------+
| MD step =  1300  time =  1300 fs  E_kin =  66.313 eV  E_pot = -2306.21 eV    |
+------------------------------------------------------------------------------+
+------------------------------------------------------------------------------+
| MD step =  1320  time =  1320 fs  E_kin =  65.4584 eV  E_pot = -2306.34 eV   |
+------------------------------------------------------------------------------+
+------------------------------------------------------------------------------+
| MD step =  1340  time =  1340 fs  E_kin =  64.6438 eV  E_pot = -2306.42 eV   |
+------------------------------------------------------------------------------+
+------------------------------------------------------------------------------+
| MD step =  1360  time =  1360 fs  E_kin =  60.988 eV  E_pot = -2303.42 eV    |
+------------------------------------------------------------------------------+
+------------------------------------------------------------------------------+
| MD step =  1380  time =  1380 fs  E_kin =  60.727 eV  E_pot = -2303.48 eV    |
+------------------------------------------------------------------------------+
+------------------------------------------------------------------------------+
| MD step =  1400  time =  1400 fs  E_kin =  56.7107 eV  E_pot = -2299.36 eV   |
+------------------------------------------------------------------------------+
+------------------------------------------------------------------------------+
| MD step =  1420  time =  1420 fs  E_kin =  62.8989 eV  E_pot = -2304.84 eV   |
+------------------------------------------------------------------------------+
+------------------------------------------------------------------------------+
| MD step =  1440  time =  1440 fs  E_kin =  60.3956 eV  E_pot = -2301.26 eV   |
+------------------------------------------------------------------------------+
+------------------------------------------------------------------------------+
| MD step =  1460  time =  1460 fs  E_kin =  61.8802 eV  E_pot = -2301.35 eV   |
+------------------------------------------------------------------------------+
+------------------------------------------------------------------------------+
| MD step =  1480  time =  1480 fs  E_kin =  63.7477 eV  E_pot = -2301.52 eV   |
+------------------------------------------------------------------------------+
+------------------------------------------------------------------------------+
| MD step =  1500  time =  1500 fs  E_kin =  66.7201 eV  E_pot = -2302.59 eV   |
+------------------------------------------------------------------------------+
+------------------------------------------------------------------------------+
| MD step =  1520  time =  1520 fs  E_kin =  63.7663 eV  E_pot = -2297.83 eV   |
+------------------------------------------------------------------------------+
+------------------------------------------------------------------------------+
| MD step =  1540  time =  1540 fs  E_kin =  67.7622 eV  E_pot = -2299.89 eV   |
+------------------------------------------------------------------------------+
+------------------------------------------------------------------------------+
| MD step =  1560  time =  1560 fs  E_kin =  69.8868 eV  E_pot = -2300.16 eV   |
+------------------------------------------------------------------------------+
+------------------------------------------------------------------------------+
| MD step =  1580  time =  1580 fs  E_kin =  69.9746 eV  E_pot = -2298.61 eV   |
+------------------------------------------------------------------------------+
+------------------------------------------------------------------------------+
| MD step =  1600  time =  1600 fs  E_kin =  68.1255 eV  E_pot = -2295.5 eV    |
+------------------------------------------------------------------------------+
+------------------------------------------------------------------------------+
| MD step =  1620  time =  1620 fs  E_kin =  68.4326 eV  E_pot = -2294.81 eV   |
+------------------------------------------------------------------------------+
+------------------------------------------------------------------------------+
| MD step =  1640  time =  1640 fs  E_kin =  69.6382 eV  E_pot = -2295.25 eV   |
+------------------------------------------------------------------------------+
+------------------------------------------------------------------------------+
| MD step =  1660  time =  1660 fs  E_kin =  70.8412 eV  E_pot = -2295.92 eV   |
+------------------------------------------------------------------------------+
+------------------------------------------------------------------------------+
| MD step =  1680  time =  1680 fs  E_kin =  68.9545 eV  E_pot = -2293.79 eV   |
+------------------------------------------------------------------------------+
+------------------------------------------------------------------------------+
| MD step =  1700  time =  1700 fs  E_kin =  69.5083 eV  E_pot = -2294.4 eV    |
+------------------------------------------------------------------------------+
+------------------------------------------------------------------------------+
| MD step =  1720  time =  1720 fs  E_kin =  70.677 eV  E_pot = -2295.97 eV    |
+------------------------------------------------------------------------------+
+------------------------------------------------------------------------------+
| MD step =  1740  time =  1740 fs  E_kin =  69.6481 eV  E_pot = -2295.69 eV   |
+------------------------------------------------------------------------------+
+------------------------------------------------------------------------------+
| MD step =  1760  time =  1760 fs  E_kin =  67.4566 eV  E_pot = -2294.53 eV   |
+------------------------------------------------------------------------------+
+------------------------------------------------------------------------------+
| MD step =  1780  time =  1780 fs  E_kin =  67.4909 eV  E_pot = -2295.7 eV    |
+------------------------------------------------------------------------------+
+------------------------------------------------------------------------------+
| MD step =  1800  time =  1800 fs  E_kin =  65.5122 eV  E_pot = -2294.97 eV   |
+------------------------------------------------------------------------------+
+------------------------------------------------------------------------------+
| MD step =  1820  time =  1820 fs  E_kin =  65.8597 eV  E_pot = -2296.52 eV   |
+------------------------------------------------------------------------------+
+------------------------------------------------------------------------------+
| MD step =  1840  time =  1840 fs  E_kin =  65.1742 eV  E_pot = -2297.03 eV   |
+------------------------------------------------------------------------------+
+------------------------------------------------------------------------------+
| MD step =  1860  time =  1860 fs  E_kin =  64.3051 eV  E_pot = -2297.21 eV   |
+------------------------------------------------------------------------------+
+------------------------------------------------------------------------------+
| MD step =  1880  time =  1880 fs  E_kin =  68.7252 eV  E_pot = -2302.65 eV   |
+------------------------------------------------------------------------------+
+------------------------------------------------------------------------------+
| MD step =  1900  time =  1900 fs  E_kin =  68.4079 eV  E_pot = -2303.5 eV    |
+------------------------------------------------------------------------------+
+------------------------------------------------------------------------------+
| MD step =  1920  time =  1920 fs  E_kin =  66.858 eV  E_pot = -2303.18 eV    |
+------------------------------------------------------------------------------+
+------------------------------------------------------------------------------+
| MD step =  1940  time =  1940 fs  E_kin =  64.8369 eV  E_pot = -2302.46 eV   |
+------------------------------------------------------------------------------+
+------------------------------------------------------------------------------+
| MD step =  1960  time =  1960 fs  E_kin =  63.9489 eV  E_pot = -2302.7 eV    |
+------------------------------------------------------------------------------+
+------------------------------------------------------------------------------+
| MD step =  1980  time =  1980 fs  E_kin =  60.6073 eV  E_pot = -2300.21 eV   |
+------------------------------------------------------------------------------+
+------------------------------------------------------------------------------+
| MD step =  2000  time =  2000 fs  E_kin =  63.9293 eV  E_pot = -2304.1 eV    |
+------------------------------------------------------------------------------+
+------------------------------------------------------------------------------+
| MD step =  2020  time =  2020 fs  E_kin =  60.5433 eV  E_pot = -2301 eV      |
+------------------------------------------------------------------------------+
+------------------------------------------------------------------------------+
| MD step =  2040  time =  2040 fs  E_kin =  63.57 eV  E_pot = -2303.95 eV     |
+------------------------------------------------------------------------------+
+------------------------------------------------------------------------------+
| MD step =  2060  time =  2060 fs  E_kin =  64.2591 eV  E_pot = -2304.38 eV   |
+------------------------------------------------------------------------------+
+------------------------------------------------------------------------------+
| MD step =  2080  time =  2080 fs  E_kin =  64.3685 eV  E_pot = -2304.04 eV   |
+------------------------------------------------------------------------------+
+------------------------------------------------------------------------------+
| MD step =  2100  time =  2100 fs  E_kin =  64.6316 eV  E_pot = -2303.64 eV   |
+------------------------------------------------------------------------------+
+------------------------------------------------------------------------------+
| MD step =  2120  time =  2120 fs  E_kin =  64.5285 eV  E_pot = -2302.76 eV   |
+------------------------------------------------------------------------------+
+------------------------------------------------------------------------------+
| MD step =  2140  time =  2140 fs  E_kin =  63.7625 eV  E_pot = -2301.1 eV    |
+------------------------------------------------------------------------------+
+------------------------------------------------------------------------------+
| MD step =  2160  time =  2160 fs  E_kin =  64.305 eV  E_pot = -2300.54 eV    |
+------------------------------------------------------------------------------+
+------------------------------------------------------------------------------+
| MD step =  2180  time =  2180 fs  E_kin =  63.4945 eV  E_pot = -2298.46 eV   |
+------------------------------------------------------------------------------+
+------------------------------------------------------------------------------+
| MD step =  2200  time =  2200 fs  E_kin =  64.8843 eV  E_pot = -2298.48 eV   |
+------------------------------------------------------------------------------+
+------------------------------------------------------------------------------+
| MD step =  2220  time =  2220 fs  E_kin =  67.4993 eV  E_pot = -2299.54 eV   |
+------------------------------------------------------------------------------+
+------------------------------------------------------------------------------+
| MD step =  2240  time =  2240 fs  E_kin =  68.6885 eV  E_pot = -2299.32 eV   |
+------------------------------------------------------------------------------+
+------------------------------------------------------------------------------+
| MD step =  2260  time =  2260 fs  E_kin =  69.7778 eV  E_pot = -2299.12 eV   |
+------------------------------------------------------------------------------+
+------------------------------------------------------------------------------+
| MD step =  2280  time =  2280 fs  E_kin =  70.2085 eV  E_pot = -2298.59 eV   |
+------------------------------------------------------------------------------+
+------------------------------------------------------------------------------+
| MD step =  2300  time =  2300 fs  E_kin =  69.8911 eV  E_pot = -2297.62 eV   |
+------------------------------------------------------------------------------+
+------------------------------------------------------------------------------+
| MD step =  2320  time =  2320 fs  E_kin =  69.5334 eV  E_pot = -2296.95 eV   |
+------------------------------------------------------------------------------+
+------------------------------------------------------------------------------+
| MD step =  2340  time =  2340 fs  E_kin =  66.0458 eV  E_pot = -2293.39 eV   |
+------------------------------------------------------------------------------+
+------------------------------------------------------------------------------+
| MD step =  2360  time =  2360 fs  E_kin =  65.4444 eV  E_pot = -2292.79 eV   |
+------------------------------------------------------------------------------+
+------------------------------------------------------------------------------+
| MD step =  2380  time =  2380 fs  E_kin =  67.0627 eV  E_pot = -2294.38 eV   |
+------------------------------------------------------------------------------+
+------------------------------------------------------------------------------+
| MD step =  2400  time =  2400 fs  E_kin =  64.9537 eV  E_pot = -2292.23 eV   |
+------------------------------------------------------------------------------+
+------------------------------------------------------------------------------+
| MD step =  2420  time =  2420 fs  E_kin =  71.7955 eV  E_pot = -2299.12 eV   |
+------------------------------------------------------------------------------+
+------------------------------------------------------------------------------+
| MD step =  2440  time =  2440 fs  E_kin =  66.9577 eV  E_pot = -2294.64 eV   |
+------------------------------------------------------------------------------+
+------------------------------------------------------------------------------+
| MD step =  2460  time =  2460 fs  E_kin =  71.2202 eV  E_pot = -2299.46 eV   |
+------------------------------------------------------------------------------+
+------------------------------------------------------------------------------+
| MD step =  2480  time =  2480 fs  E_kin =  67.0397 eV  E_pot = -2296.18 eV   |
+------------------------------------------------------------------------------+
+------------------------------------------------------------------------------+
| MD step =  2500  time =  2500 fs  E_kin =  71.325 eV  E_pot = -2301.53 eV    |
+------------------------------------------------------------------------------+
+------------------------------------------------------------------------------+
| MD step =  2520  time =  2520 fs  E_kin =  67.1936 eV  E_pot = -2298.76 eV   |
+------------------------------------------------------------------------------+
+------------------------------------------------------------------------------+
| MD step =  2540  time =  2540 fs  E_kin =  65.5228 eV  E_pot = -2298.41 eV   |
+------------------------------------------------------------------------------+
+------------------------------------------------------------------------------+
| MD step =  2560  time =  2560 fs  E_kin =  64.7992 eV  E_pot = -2298.97 eV   |
+------------------------------------------------------------------------------+
+------------------------------------------------------------------------------+
| MD step =  2580  time =  2580 fs  E_kin =  66.8065 eV  E_pot = -2302.13 eV   |
+------------------------------------------------------------------------------+
+------------------------------------------------------------------------------+
| MD step =  2600  time =  2600 fs  E_kin =  62.8998 eV  E_pot = -2299.33 eV   |
+------------------------------------------------------------------------------+
+------------------------------------------------------------------------------+
| MD step =  2620  time =  2620 fs  E_kin =  67.2364 eV  E_pot = -2304.64 eV   |
+------------------------------------------------------------------------------+
+------------------------------------------------------------------------------+
| MD step =  2640  time =  2640 fs  E_kin =  63.42 eV  E_pot = -2301.74 eV     |
+------------------------------------------------------------------------------+
+------------------------------------------------------------------------------+
| MD step =  2660  time =  2660 fs  E_kin =  64.1964 eV  E_pot = -2303.24 eV   |
+------------------------------------------------------------------------------+
+------------------------------------------------------------------------------+
| MD step =  2680  time =  2680 fs  E_kin =  61.9499 eV  E_pot = -2301.54 eV   |
+------------------------------------------------------------------------------+
+------------------------------------------------------------------------------+
| MD step =  2700  time =  2700 fs  E_kin =  62.2679 eV  E_pot = -2302.13 eV   |
+------------------------------------------------------------------------------+
+------------------------------------------------------------------------------+
| MD step =  2720  time =  2720 fs  E_kin =  63.1729 eV  E_pot = -2303.01 eV   |
+------------------------------------------------------------------------------+
+------------------------------------------------------------------------------+
| MD step =  2740  time =  2740 fs  E_kin =  62.515 eV  E_pot = -2302.09 eV    |
+------------------------------------------------------------------------------+
+------------------------------------------------------------------------------+
| MD step =  2760  time =  2760 fs  E_kin =  61.9453 eV  E_pot = -2301.02 eV   |
+------------------------------------------------------------------------------+
+------------------------------------------------------------------------------+
| MD step =  2780  time =  2780 fs  E_kin =  63.5243 eV  E_pot = -2301.84 eV   |
+------------------------------------------------------------------------------+
+------------------------------------------------------------------------------+
| MD step =  2800  time =  2800 fs  E_kin =  63.3369 eV  E_pot = -2300.63 eV   |
+------------------------------------------------------------------------------+
+------------------------------------------------------------------------------+
| MD step =  2820  time =  2820 fs  E_kin =  63.9736 eV  E_pot = -2300.1 eV    |
+------------------------------------------------------------------------------+
+------------------------------------------------------------------------------+
| MD step =  2840  time =  2840 fs  E_kin =  68.9725 eV  E_pot = -2303.69 eV   |
+------------------------------------------------------------------------------+
+------------------------------------------------------------------------------+
| MD step =  2860  time =  2860 fs  E_kin =  67.0277 eV  E_pot = -2300.49 eV   |
+------------------------------------------------------------------------------+
+------------------------------------------------------------------------------+
| MD step =  2880  time =  2880 fs  E_kin =  67.3345 eV  E_pot = -2299.67 eV   |
+------------------------------------------------------------------------------+
+------------------------------------------------------------------------------+
| MD step =  2900  time =  2900 fs  E_kin =  67.4838 eV  E_pot = -2298.77 eV   |
+------------------------------------------------------------------------------+
+------------------------------------------------------------------------------+
| MD step =  2920  time =  2920 fs  E_kin =  65.9825 eV  E_pot = -2296.25 eV   |
+------------------------------------------------------------------------------+
+------------------------------------------------------------------------------+
| MD step =  2940  time =  2940 fs  E_kin =  67.0469 eV  E_pot = -2296.43 eV   |
+------------------------------------------------------------------------------+
+------------------------------------------------------------------------------+
| MD step =  2960  time =  2960 fs  E_kin =  68.2465 eV  E_pot = -2296.76 eV   |
+------------------------------------------------------------------------------+
+------------------------------------------------------------------------------+
| MD step =  2980  time =  2980 fs  E_kin =  67.3678 eV  E_pot = -2295.26 eV   |
+------------------------------------------------------------------------------+
+------------------------------------------------------------------------------+
| MD step =  3000  time =  3000 fs  E_kin =  67.56 eV  E_pot = -2294.94 eV     |
+------------------------------------------------------------------------------+
+------------------------------------------------------------------------------+
| MD step =  3020  time =  3020 fs  E_kin =  70.6719 eV  E_pot = -2297.73 eV   |
+------------------------------------------------------------------------------+
+------------------------------------------------------------------------------+
| MD step =  3040  time =  3040 fs  E_kin =  68.8074 eV  E_pot = -2295.81 eV   |
+------------------------------------------------------------------------------+
+------------------------------------------------------------------------------+
| MD step =  3060  time =  3060 fs  E_kin =  67.8112 eV  E_pot = -2295.07 eV   |
+------------------------------------------------------------------------------+
+------------------------------------------------------------------------------+
| MD step =  3080  time =  3080 fs  E_kin =  69.7959 eV  E_pot = -2297.5 eV    |
+------------------------------------------------------------------------------+
+------------------------------------------------------------------------------+
| MD step =  3100  time =  3100 fs  E_kin =  68.2435 eV  E_pot = -2296.66 eV   |
+------------------------------------------------------------------------------+
+------------------------------------------------------------------------------+
| MD step =  3120  time =  3120 fs  E_kin =  69.3783 eV  E_pot = -2298.76 eV   |
+------------------------------------------------------------------------------+
+------------------------------------------------------------------------------+
| MD step =  3140  time =  3140 fs  E_kin =  64.901 eV  E_pot = -2295.41 eV    |
+------------------------------------------------------------------------------+
+------------------------------------------------------------------------------+
| MD step =  3160  time =  3160 fs  E_kin =  66.9431 eV  E_pot = -2298.52 eV   |
+------------------------------------------------------------------------------+
+------------------------------------------------------------------------------+
| MD step =  3180  time =  3180 fs  E_kin =  66.3443 eV  E_pot = -2299.05 eV   |
+------------------------------------------------------------------------------+
+------------------------------------------------------------------------------+
| MD step =  3200  time =  3200 fs  E_kin =  66.136 eV  E_pot = -2299.97 eV    |
+------------------------------------------------------------------------------+
+------------------------------------------------------------------------------+
| MD step =  3220  time =  3220 fs  E_kin =  64.9541 eV  E_pot = -2299.87 eV   |
+------------------------------------------------------------------------------+
+------------------------------------------------------------------------------+
| MD step =  3240  time =  3240 fs  E_kin =  64.2886 eV  E_pot = -2300.16 eV   |
+------------------------------------------------------------------------------+
+------------------------------------------------------------------------------+
| MD step =  3260  time =  3260 fs  E_kin =  64.9948 eV  E_pot = -2301.69 eV   |
+------------------------------------------------------------------------------+
+------------------------------------------------------------------------------+
| MD step =  3280  time =  3280 fs  E_kin =  63.8607 eV  E_pot = -2301.31 eV   |
+------------------------------------------------------------------------------+
+------------------------------------------------------------------------------+
| MD step =  3300  time =  3300 fs  E_kin =  65.2018 eV  E_pot = -2303.17 eV   |
+------------------------------------------------------------------------------+
+------------------------------------------------------------------------------+
| MD step =  3320  time =  3320 fs  E_kin =  60.4968 eV  E_pot = -2298.83 eV   |
+------------------------------------------------------------------------------+
+------------------------------------------------------------------------------+
| MD step =  3340  time =  3340 fs  E_kin =  63.336 eV  E_pot = -2301.7 eV     |
+------------------------------------------------------------------------------+
+------------------------------------------------------------------------------+
| MD step =  3360  time =  3360 fs  E_kin =  62.0578 eV  E_pot = -2300.18 eV   |
+------------------------------------------------------------------------------+
+------------------------------------------------------------------------------+
| MD step =  3380  time =  3380 fs  E_kin =  65.7409 eV  E_pot = -2303.39 eV   |
+------------------------------------------------------------------------------+
+------------------------------------------------------------------------------+
| MD step =  3400  time =  3400 fs  E_kin =  62.4738 eV  E_pot = -2299.46 eV   |
+------------------------------------------------------------------------------+
+------------------------------------------------------------------------------+
| MD step =  3420  time =  3420 fs  E_kin =  66.2811 eV  E_pot = -2302.4 eV    |
+------------------------------------------------------------------------------+
+------------------------------------------------------------------------------+
| MD step =  3440  time =  3440 fs  E_kin =  64.9201 eV  E_pot = -2300.11 eV   |
+------------------------------------------------------------------------------+
+------------------------------------------------------------------------------+
| MD step =  3460  time =  3460 fs  E_kin =  67.0349 eV  E_pot = -2301.28 eV   |
+------------------------------------------------------------------------------+
+------------------------------------------------------------------------------+
| MD step =  3480  time =  3480 fs  E_kin =  65.6039 eV  E_pot = -2298.9 eV    |
+------------------------------------------------------------------------------+
+------------------------------------------------------------------------------+
| MD step =  3500  time =  3500 fs  E_kin =  63.7808 eV  E_pot = -2296.12 eV   |
+------------------------------------------------------------------------------+
+------------------------------------------------------------------------------+
| MD step =  3520  time =  3520 fs  E_kin =  67.7996 eV  E_pot = -2299.1 eV    |
+------------------------------------------------------------------------------+
+------------------------------------------------------------------------------+
| MD step =  3540  time =  3540 fs  E_kin =  67.1539 eV  E_pot = -2297.36 eV   |
+------------------------------------------------------------------------------+
+------------------------------------------------------------------------------+
| MD step =  3560  time =  3560 fs  E_kin =  67.0198 eV  E_pot = -2296.26 eV   |
+------------------------------------------------------------------------------+
+------------------------------------------------------------------------------+
| MD step =  3580  time =  3580 fs  E_kin =  67.8237 eV  E_pot = -2296.18 eV   |
+------------------------------------------------------------------------------+
+------------------------------------------------------------------------------+
| MD step =  3600  time =  3600 fs  E_kin =  72.4279 eV  E_pot = -2300.08 eV   |
+------------------------------------------------------------------------------+
+------------------------------------------------------------------------------+
| MD step =  3620  time =  3620 fs  E_kin =  68.3929 eV  E_pot = -2295.75 eV   |
+------------------------------------------------------------------------------+
+------------------------------------------------------------------------------+
| MD step =  3640  time =  3640 fs  E_kin =  69.4876 eV  E_pot = -2296.85 eV   |
+------------------------------------------------------------------------------+
+------------------------------------------------------------------------------+
| MD step =  3660  time =  3660 fs  E_kin =  69.1094 eV  E_pot = -2296.66 eV   |
+------------------------------------------------------------------------------+
+------------------------------------------------------------------------------+
| MD step =  3680  time =  3680 fs  E_kin =  66.4098 eV  E_pot = -2294.38 eV   |
+------------------------------------------------------------------------------+
+------------------------------------------------------------------------------+
| MD step =  3700  time =  3700 fs  E_kin =  67.583 eV  E_pot = -2296.08 eV    |
+------------------------------------------------------------------------------+
+------------------------------------------------------------------------------+
| MD step =  3720  time =  3720 fs  E_kin =  69.3014 eV  E_pot = -2298.43 eV   |
+------------------------------------------------------------------------------+
+------------------------------------------------------------------------------+
| MD step =  3740  time =  3740 fs  E_kin =  66.2067 eV  E_pot = -2296.13 eV   |
+------------------------------------------------------------------------------+
+------------------------------------------------------------------------------+
| MD step =  3760  time =  3760 fs  E_kin =  66.2189 eV  E_pot = -2296.95 eV   |
+------------------------------------------------------------------------------+
+------------------------------------------------------------------------------+
| MD step =  3780  time =  3780 fs  E_kin =  68.3494 eV  E_pot = -2299.97 eV   |
+------------------------------------------------------------------------------+
+------------------------------------------------------------------------------+
| MD step =  3800  time =  3800 fs  E_kin =  62.6197 eV  E_pot = -2295.11 eV   |
+------------------------------------------------------------------------------+
+------------------------------------------------------------------------------+
| MD step =  3820  time =  3820 fs  E_kin =  71.3253 eV  E_pot = -2304.62 eV   |
+------------------------------------------------------------------------------+
+------------------------------------------------------------------------------+
| MD step =  3840  time =  3840 fs  E_kin =  63.1258 eV  E_pot = -2297.39 eV   |
+------------------------------------------------------------------------------+
+------------------------------------------------------------------------------+
| MD step =  3860  time =  3860 fs  E_kin =  65.4663 eV  E_pot = -2300.57 eV   |
+------------------------------------------------------------------------------+
+------------------------------------------------------------------------------+
| MD step =  3880  time =  3880 fs  E_kin =  66.4457 eV  E_pot = -2302.36 eV   |
+------------------------------------------------------------------------------+
+------------------------------------------------------------------------------+
| MD step =  3900  time =  3900 fs  E_kin =  63.1269 eV  E_pot = -2299.8 eV    |
+------------------------------------------------------------------------------+
+------------------------------------------------------------------------------+
| MD step =  3920  time =  3920 fs  E_kin =  62.9981 eV  E_pot = -2300.24 eV   |
+------------------------------------------------------------------------------+
+------------------------------------------------------------------------------+
| MD step =  3940  time =  3940 fs  E_kin =  64.0302 eV  E_pot = -2301.57 eV   |
+------------------------------------------------------------------------------+
+------------------------------------------------------------------------------+
| MD step =  3960  time =  3960 fs  E_kin =  63.273 eV  E_pot = -2300.91 eV    |
+------------------------------------------------------------------------------+
+------------------------------------------------------------------------------+
| MD step =  3980  time =  3980 fs  E_kin =  63.2366 eV  E_pot = -2300.85 eV   |
+------------------------------------------------------------------------------+
+------------------------------------------------------------------------------+
| MD step =  4000  time =  4000 fs  E_kin =  65.3058 eV  E_pot = -2302.69 eV   |
+------------------------------------------------------------------------------+
+------------------------------------------------------------------------------+
| MD step =  4020  time =  4020 fs  E_kin =  64.368 eV  E_pot = -2301.34 eV    |
+------------------------------------------------------------------------------+
+------------------------------------------------------------------------------+
| MD step =  4040  time =  4040 fs  E_kin =  62.8977 eV  E_pot = -2299.31 eV   |
+------------------------------------------------------------------------------+
+------------------------------------------------------------------------------+
| MD step =  4060  time =  4060 fs  E_kin =  64.0358 eV  E_pot = -2299.7 eV    |
+------------------------------------------------------------------------------+
+------------------------------------------------------------------------------+
| MD step =  4080  time =  4080 fs  E_kin =  63.8231 eV  E_pot = -2298.61 eV   |
+------------------------------------------------------------------------------+
+------------------------------------------------------------------------------+
| MD step =  4100  time =  4100 fs  E_kin =  65.552 eV  E_pot = -2299.27 eV    |
+------------------------------------------------------------------------------+
+------------------------------------------------------------------------------+
| MD step =  4120  time =  4120 fs  E_kin =  68.4997 eV  E_pot = -2301.06 eV   |
+------------------------------------------------------------------------------+
+------------------------------------------------------------------------------+
| MD step =  4140  time =  4140 fs  E_kin =  65.5293 eV  E_pot = -2297.05 eV   |
+------------------------------------------------------------------------------+
+------------------------------------------------------------------------------+
| MD step =  4160  time =  4160 fs  E_kin =  69.0145 eV  E_pot = -2299.55 eV   |
+------------------------------------------------------------------------------+
+------------------------------------------------------------------------------+
| MD step =  4180  time =  4180 fs  E_kin =  67.4211 eV  E_pot = -2297.13 eV   |
+------------------------------------------------------------------------------+
+------------------------------------------------------------------------------+
| MD step =  4200  time =  4200 fs  E_kin =  69.2738 eV  E_pot = -2298.3 eV    |
+------------------------------------------------------------------------------+
+------------------------------------------------------------------------------+
| MD step =  4220  time =  4220 fs  E_kin =  67.4012 eV  E_pot = -2295.99 eV   |
+------------------------------------------------------------------------------+
+------------------------------------------------------------------------------+
| MD step =  4240  time =  4240 fs  E_kin =  73.2087 eV  E_pot = -2301.54 eV   |
+------------------------------------------------------------------------------+
+------------------------------------------------------------------------------+
| MD step =  4260  time =  4260 fs  E_kin =  65.5038 eV  E_pot = -2293.89 eV   |
+------------------------------------------------------------------------------+
+------------------------------------------------------------------------------+
| MD step =  4280  time =  4280 fs  E_kin =  68.1458 eV  E_pot = -2296.62 eV   |
+------------------------------------------------------------------------------+
+------------------------------------------------------------------------------+
| MD step =  4300  time =  4300 fs  E_kin =  65.8348 eV  E_pot = -2294.49 eV   |
+------------------------------------------------------------------------------+
+------------------------------------------------------------------------------+
| MD step =  4320  time =  4320 fs  E_kin =  68.2917 eV  E_pot = -2297.22 eV   |
+------------------------------------------------------------------------------+
+------------------------------------------------------------------------------+
| MD step =  4340  time =  4340 fs  E_kin =  65.0422 eV  E_pot = -2294.36 eV   |
+------------------------------------------------------------------------------+
+------------------------------------------------------------------------------+
| MD step =  4360  time =  4360 fs  E_kin =  71.4735 eV  E_pot = -2301.21 eV   |
+------------------------------------------------------------------------------+
+------------------------------------------------------------------------------+
| MD step =  4380  time =  4380 fs  E_kin =  64.4031 eV  E_pot = -2294.78 eV   |
+------------------------------------------------------------------------------+
+------------------------------------------------------------------------------+
| MD step =  4400  time =  4400 fs  E_kin =  68.6343 eV  E_pot = -2299.7 eV    |
+------------------------------------------------------------------------------+
+------------------------------------------------------------------------------+
| MD step =  4420  time =  4420 fs  E_kin =  66.815 eV  E_pot = -2298.64 eV    |
+------------------------------------------------------------------------------+
+------------------------------------------------------------------------------+
| MD step =  4440  time =  4440 fs  E_kin =  66.9045 eV  E_pot = -2299.55 eV   |
+------------------------------------------------------------------------------+
+------------------------------------------------------------------------------+
| MD step =  4460  time =  4460 fs  E_kin =  66.63 eV  E_pot = -2300.11 eV     |
+------------------------------------------------------------------------------+
+------------------------------------------------------------------------------+
| MD step =  4480  time =  4480 fs  E_kin =  64.8587 eV  E_pot = -2299.26 eV   |
+------------------------------------------------------------------------------+
+------------------------------------------------------------------------------+
| MD step =  4500  time =  4500 fs  E_kin =  64.3778 eV  E_pot = -2299.57 eV   |
+------------------------------------------------------------------------------+
+------------------------------------------------------------------------------+
| MD step =  4520  time =  4520 fs  E_kin =  62.8742 eV  E_pot = -2298.69 eV   |
+------------------------------------------------------------------------------+
+------------------------------------------------------------------------------+
| MD step =  4540  time =  4540 fs  E_kin =  66.3805 eV  E_pot = -2302.64 eV   |
+------------------------------------------------------------------------------+
+------------------------------------------------------------------------------+
| MD step =  4560  time =  4560 fs  E_kin =  62.387 eV  E_pot = -2298.98 eV    |
+------------------------------------------------------------------------------+
+------------------------------------------------------------------------------+
| MD step =  4580  time =  4580 fs  E_kin =  65.0165 eV  E_pot = -2301.76 eV   |
+------------------------------------------------------------------------------+
+------------------------------------------------------------------------------+
| MD step =  4600  time =  4600 fs  E_kin =  63.8385 eV  E_pot = -2300.6 eV    |
+------------------------------------------------------------------------------+
+------------------------------------------------------------------------------+
| MD step =  4620  time =  4620 fs  E_kin =  63.8184 eV  E_pot = -2300.38 eV   |
+------------------------------------------------------------------------------+
+------------------------------------------------------------------------------+
| MD step =  4640  time =  4640 fs  E_kin =  65.3763 eV  E_pot = -2301.58 eV   |
+------------------------------------------------------------------------------+
+------------------------------------------------------------------------------+
| MD step =  4660  time =  4660 fs  E_kin =  65.347 eV  E_pot = -2301.12 eV    |
+------------------------------------------------------------------------------+
+------------------------------------------------------------------------------+
| MD step =  4680  time =  4680 fs  E_kin =  65.7136 eV  E_pot = -2301.04 eV   |
+------------------------------------------------------------------------------+
+------------------------------------------------------------------------------+
| MD step =  4700  time =  4700 fs  E_kin =  68.0025 eV  E_pot = -2302.8 eV    |
+------------------------------------------------------------------------------+
+------------------------------------------------------------------------------+
| MD step =  4720  time =  4720 fs  E_kin =  63.2003 eV  E_pot = -2297.51 eV   |
+------------------------------------------------------------------------------+
+------------------------------------------------------------------------------+
| MD step =  4740  time =  4740 fs  E_kin =  66.3069 eV  E_pot = -2300.02 eV   |
+------------------------------------------------------------------------------+
+------------------------------------------------------------------------------+
| MD step =  4760  time =  4760 fs  E_kin =  65.0599 eV  E_pot = -2298.13 eV   |
+------------------------------------------------------------------------------+
+------------------------------------------------------------------------------+
| MD step =  4780  time =  4780 fs  E_kin =  66.0477 eV  E_pot = -2298.37 eV   |
+------------------------------------------------------------------------------+
+------------------------------------------------------------------------------+
| MD step =  4800  time =  4800 fs  E_kin =  68.7816 eV  E_pot = -2300.37 eV   |
+------------------------------------------------------------------------------+
+------------------------------------------------------------------------------+
| MD step =  4820  time =  4820 fs  E_kin =  67.4809 eV  E_pot = -2298.42 eV   |
+------------------------------------------------------------------------------+
+------------------------------------------------------------------------------+
| MD step =  4840  time =  4840 fs  E_kin =  67.0973 eV  E_pot = -2297.52 eV   |
+------------------------------------------------------------------------------+
+------------------------------------------------------------------------------+
| MD step =  4860  time =  4860 fs  E_kin =  64.9222 eV  E_pot = -2294.85 eV   |
+------------------------------------------------------------------------------+
+------------------------------------------------------------------------------+
| MD step =  4880  time =  4880 fs  E_kin =  67.9963 eV  E_pot = -2297.44 eV   |
+------------------------------------------------------------------------------+
+------------------------------------------------------------------------------+
| MD step =  4900  time =  4900 fs  E_kin =  63.0584 eV  E_pot = -2292.11 eV   |
+------------------------------------------------------------------------------+
+------------------------------------------------------------------------------+
| MD step =  4920  time =  4920 fs  E_kin =  67.3306 eV  E_pot = -2295.8 eV    |
+------------------------------------------------------------------------------+
+------------------------------------------------------------------------------+
| MD step =  4940  time =  4940 fs  E_kin =  71.7156 eV  E_pot = -2299.7 eV    |
+------------------------------------------------------------------------------+
+------------------------------------------------------------------------------+
| MD step =  4960  time =  4960 fs  E_kin =  70.3205 eV  E_pot = -2298.14 eV   |
+------------------------------------------------------------------------------+
+------------------------------------------------------------------------------+
| MD step =  4980  time =  4980 fs  E_kin =  69.6049 eV  E_pot = -2297.57 eV   |
+------------------------------------------------------------------------------+
+------------------------------------------------------------------------------+
| MD step =  5000  time =  5000 fs  E_kin =  68.9697 eV  E_pot = -2297.38 eV   |
+------------------------------------------------------------------------------+

Timing:                          Total     Per Step        %

--------------------------------------------------------------------------------

File IO, MD             :      11.85 s       0.05 s      37.51% |=============|
Loading Modules + MPI   :       3.05 s       3.05 s       9.65% |===|
--------------------------------------------------------------------------------
Total                   :      31.61 s
