+------------------------------------------------------------------------------+
|                                                                              |
| Atomistix ToolKit 2017.1 [Build ce08f12339]                                  |
|                                                                              |
+------------------------------------------------------------------------------+
+------------------------------------------------------------------------------+
| MD step =     0  time =  0 fs  E_kin =  325.726 eV  E_pot = -2370.77 eV      |
+------------------------------------------------------------------------------+
+------------------------------------------------------------------------------+
| MD step =     5  time =  25 fs  E_kin =  166.762 eV  E_pot = -2206.26 eV     |
+------------------------------------------------------------------------------+
+------------------------------------------------------------------------------+
| MD step =    10  time =  50 fs  E_kin =  144.825 eV  E_pot = -2184.08 eV     |
+------------------------------------------------------------------------------+
+------------------------------------------------------------------------------+
| MD step =    15  time =  75 fs  E_kin =  122.192 eV  E_pot = -2161.43 eV     |
+------------------------------------------------------------------------------+
+------------------------------------------------------------------------------+
| MD step =    20  time =  100 fs  E_kin =  138.634 eV  E_pot = -2177.55 eV    |
+------------------------------------------------------------------------------+
+------------------------------------------------------------------------------+
| MD step =    25  time =  125 fs  E_kin =  158.235 eV  E_pot = -2197.27 eV    |
+------------------------------------------------------------------------------+
+------------------------------------------------------------------------------+
| MD step =    30  time =  150 fs  E_kin =  158.142 eV  E_pot = -2197.51 eV    |
+------------------------------------------------------------------------------+
+------------------------------------------------------------------------------+
| MD step =    35  time =  175 fs  E_kin =  145.735 eV  E_pot = -2184.23 eV    |
+------------------------------------------------------------------------------+
+------------------------------------------------------------------------------+
| MD step =    40  time =  200 fs  E_kin =  153.727 eV  E_pot = -2192.73 eV    |
+------------------------------------------------------------------------------+
+------------------------------------------------------------------------------+
| MD step =    45  time =  225 fs  E_kin =  153.449 eV  E_pot = -2192.39 eV    |
+------------------------------------------------------------------------------+
+------------------------------------------------------------------------------+
| MD step =    50  time =  250 fs  E_kin =  151.94 eV  E_pot = -2190.97 eV     |
+------------------------------------------------------------------------------+
+------------------------------------------------------------------------------+
| MD step =    55  time =  275 fs  E_kin =  146.924 eV  E_pot = -2185.63 eV    |
+------------------------------------------------------------------------------+
+------------------------------------------------------------------------------+
| MD step =    60  time =  300 fs  E_kin =  147.287 eV  E_pot = -2185.27 eV    |
+------------------------------------------------------------------------------+
+------------------------------------------------------------------------------+
| MD step =    65  time =  325 fs  E_kin =  156.238 eV  E_pot = -2194.36 eV    |
+------------------------------------------------------------------------------+
+------------------------------------------------------------------------------+
| MD step =    70  time =  350 fs  E_kin =  161.3 eV  E_pot = -2199.64 eV      |
+------------------------------------------------------------------------------+
+------------------------------------------------------------------------------+
| MD step =    75  time =  375 fs  E_kin =  150.708 eV  E_pot = -2188.77 eV    |
+------------------------------------------------------------------------------+
+------------------------------------------------------------------------------+
| MD step =    80  time =  400 fs  E_kin =  154.817 eV  E_pot = -2193.18 eV    |
+------------------------------------------------------------------------------+
+------------------------------------------------------------------------------+
| MD step =    85  time =  425 fs  E_kin =  148.892 eV  E_pot = -2187.41 eV    |
+------------------------------------------------------------------------------+
+------------------------------------------------------------------------------+
| MD step =    90  time =  450 fs  E_kin =  158.205 eV  E_pot = -2196.6 eV     |
+------------------------------------------------------------------------------+
+------------------------------------------------------------------------------+
| MD step =    95  time =  475 fs  E_kin =  148.627 eV  E_pot = -2186.32 eV    |
+------------------------------------------------------------------------------+
+------------------------------------------------------------------------------+
| MD step =   100  time =  500 fs  E_kin =  159.022 eV  E_pot = -2196.74 eV    |
+------------------------------------------------------------------------------+
+------------------------------------------------------------------------------+
| MD step =   105  time =  525 fs  E_kin =  148.885 eV  E_pot = -2186.28 eV    |
+------------------------------------------------------------------------------+
+------------------------------------------------------------------------------+
| MD step =   110  time =  550 fs  E_kin =  149.765 eV  E_pot = -2187.17 eV    |
+------------------------------------------------------------------------------+
+------------------------------------------------------------------------------+
| MD step =   115  time =  575 fs  E_kin =  152.6 eV  E_pot = -2190.51 eV      |
+------------------------------------------------------------------------------+
+------------------------------------------------------------------------------+
| MD step =   120  time =  600 fs  E_kin =  162.074 eV  E_pot = -2199.97 eV    |
+------------------------------------------------------------------------------+
+------------------------------------------------------------------------------+
| MD step =   125  time =  625 fs  E_kin =  151.294 eV  E_pot = -2188.63 eV    |
+------------------------------------------------------------------------------+
+------------------------------------------------------------------------------+
| MD step =   130  time =  650 fs  E_kin =  150.846 eV  E_pot = -2187.95 eV    |
+------------------------------------------------------------------------------+
+------------------------------------------------------------------------------+
| MD step =   135  time =  675 fs  E_kin =  148.831 eV  E_pot = -2185.94 eV    |
+------------------------------------------------------------------------------+
+------------------------------------------------------------------------------+
| MD step =   140  time =  700 fs  E_kin =  145.922 eV  E_pot = -2182.65 eV    |
+------------------------------------------------------------------------------+
+------------------------------------------------------------------------------+
| MD step =   145  time =  725 fs  E_kin =  154.848 eV  E_pot = -2192.22 eV    |
+------------------------------------------------------------------------------+
+------------------------------------------------------------------------------+
| MD step =   150  time =  750 fs  E_kin =  159.919 eV  E_pot = -2197.21 eV    |
+------------------------------------------------------------------------------+
+------------------------------------------------------------------------------+
| MD step =   155  time =  775 fs  E_kin =  155.153 eV  E_pot = -2192.12 eV    |
+------------------------------------------------------------------------------+
+------------------------------------------------------------------------------+
| MD step =   160  time =  800 fs  E_kin =  157.684 eV  E_pot = -2194.62 eV    |
+------------------------------------------------------------------------------+
+------------------------------------------------------------------------------+
| MD step =   165  time =  825 fs  E_kin =  156.095 eV  E_pot = -2193.11 eV    |
+------------------------------------------------------------------------------+
+------------------------------------------------------------------------------+
| MD step =   170  time =  850 fs  E_kin =  149.957 eV  E_pot = -2187.4 eV     |
+------------------------------------------------------------------------------+
+------------------------------------------------------------------------------+
| MD step =   175  time =  875 fs  E_kin =  152.91 eV  E_pot = -2189.61 eV     |
+------------------------------------------------------------------------------+
+------------------------------------------------------------------------------+
| MD step =   180  time =  900 fs  E_kin =  157.099 eV  E_pot = -2193.9 eV     |
+------------------------------------------------------------------------------+
+------------------------------------------------------------------------------+
| MD step =   185  time =  925 fs  E_kin =  158.335 eV  E_pot = -2194.87 eV    |
+------------------------------------------------------------------------------+
+------------------------------------------------------------------------------+
| MD step =   190  time =  950 fs  E_kin =  154.116 eV  E_pot = -2190.91 eV    |
+------------------------------------------------------------------------------+
+------------------------------------------------------------------------------+
| MD step =   195  time =  975 fs  E_kin =  151.546 eV  E_pot = -2188.19 eV    |
+------------------------------------------------------------------------------+
+------------------------------------------------------------------------------+
| MD step =   200  time =  1000 fs  E_kin =  139.977 eV  E_pot = -2176.57 eV   |
+------------------------------------------------------------------------------+
+------------------------------------------------------------------------------+
| MD step =   205  time =  1025 fs  E_kin =  153.28 eV  E_pot = -2190.37 eV    |
+------------------------------------------------------------------------------+
+------------------------------------------------------------------------------+
| MD step =   210  time =  1050 fs  E_kin =  157.572 eV  E_pot = -2194.51 eV   |
+------------------------------------------------------------------------------+
+------------------------------------------------------------------------------+
| MD step =   215  time =  1075 fs  E_kin =  156.892 eV  E_pot = -2193.42 eV   |
+------------------------------------------------------------------------------+
+------------------------------------------------------------------------------+
| MD step =   220  time =  1100 fs  E_kin =  148.731 eV  E_pot = -2184.58 eV   |
+------------------------------------------------------------------------------+
+------------------------------------------------------------------------------+
| MD step =   225  time =  1125 fs  E_kin =  151.771 eV  E_pot = -2187.69 eV   |
+------------------------------------------------------------------------------+
+------------------------------------------------------------------------------+
| MD step =   230  time =  1150 fs  E_kin =  148.459 eV  E_pot = -2184.56 eV   |
+------------------------------------------------------------------------------+
+------------------------------------------------------------------------------+
| MD step =   235  time =  1175 fs  E_kin =  153.493 eV  E_pot = -2189.61 eV   |
+------------------------------------------------------------------------------+
+------------------------------------------------------------------------------+
| MD step =   240  time =  1200 fs  E_kin =  150.581 eV  E_pot = -2186.45 eV   |
+------------------------------------------------------------------------------+
+------------------------------------------------------------------------------+
| MD step =   245  time =  1225 fs  E_kin =  157.421 eV  E_pot = -2193.47 eV   |
+------------------------------------------------------------------------------+
+------------------------------------------------------------------------------+
| MD step =   250  time =  1250 fs  E_kin =  148.738 eV  E_pot = -2184.73 eV   |
+------------------------------------------------------------------------------+
+------------------------------------------------------------------------------+
| MD step =   255  time =  1275 fs  E_kin =  154.991 eV  E_pot = -2191.35 eV   |
+------------------------------------------------------------------------------+
+------------------------------------------------------------------------------+
| MD step =   260  time =  1300 fs  E_kin =  153.983 eV  E_pot = -2190.2 eV    |
+------------------------------------------------------------------------------+
+------------------------------------------------------------------------------+
| MD step =   265  time =  1325 fs  E_kin =  147.258 eV  E_pot = -2183.05 eV   |
+------------------------------------------------------------------------------+
+------------------------------------------------------------------------------+
| MD step =   270  time =  1350 fs  E_kin =  147.997 eV  E_pot = -2184.09 eV   |
+------------------------------------------------------------------------------+
+------------------------------------------------------------------------------+
| MD step =   275  time =  1375 fs  E_kin =  150.117 eV  E_pot = -2186.47 eV   |
+------------------------------------------------------------------------------+
+------------------------------------------------------------------------------+
| MD step =   280  time =  1400 fs  E_kin =  142.086 eV  E_pot = -2177.92 eV   |
+------------------------------------------------------------------------------+
+------------------------------------------------------------------------------+
| MD step =   285  time =  1425 fs  E_kin =  149.713 eV  E_pot = -2185.81 eV   |
+------------------------------------------------------------------------------+
+------------------------------------------------------------------------------+
| MD step =   290  time =  1450 fs  E_kin =  155.62 eV  E_pot = -2191.66 eV    |
+------------------------------------------------------------------------------+
+------------------------------------------------------------------------------+
| MD step =   295  time =  1475 fs  E_kin =  145.83 eV  E_pot = -2181.25 eV    |
+------------------------------------------------------------------------------+
+------------------------------------------------------------------------------+
| MD step =   300  time =  1500 fs  E_kin =  153.756 eV  E_pot = -2189.55 eV   |
+------------------------------------------------------------------------------+
+------------------------------------------------------------------------------+
| MD step =   305  time =  1525 fs  E_kin =  153.958 eV  E_pot = -2189.7 eV    |
+------------------------------------------------------------------------------+
+------------------------------------------------------------------------------+
| MD step =   310  time =  1550 fs  E_kin =  149.13 eV  E_pot = -2184.49 eV    |
+------------------------------------------------------------------------------+
+------------------------------------------------------------------------------+
| MD step =   315  time =  1575 fs  E_kin =  146.575 eV  E_pot = -2181.62 eV   |
+------------------------------------------------------------------------------+
+------------------------------------------------------------------------------+
| MD step =   320  time =  1600 fs  E_kin =  149.828 eV  E_pot = -2184.6 eV    |
+------------------------------------------------------------------------------+
+------------------------------------------------------------------------------+
| MD step =   325  time =  1625 fs  E_kin =  147.172 eV  E_pot = -2181.61 eV   |
+------------------------------------------------------------------------------+
+------------------------------------------------------------------------------+
| MD step =   330  time =  1650 fs  E_kin =  147.554 eV  E_pot = -2182.45 eV   |
+------------------------------------------------------------------------------+
+------------------------------------------------------------------------------+
| MD step =   335  time =  1675 fs  E_kin =  150.531 eV  E_pot = -2185.14 eV   |
+------------------------------------------------------------------------------+
+------------------------------------------------------------------------------+
| MD step =   340  time =  1700 fs  E_kin =  148.392 eV  E_pot = -2183.02 eV   |
+------------------------------------------------------------------------------+
+------------------------------------------------------------------------------+
| MD step =   345  time =  1725 fs  E_kin =  137.085 eV  E_pot = -2171.44 eV   |
+------------------------------------------------------------------------------+
+------------------------------------------------------------------------------+
| MD step =   350  time =  1750 fs  E_kin =  151.806 eV  E_pot = -2186.44 eV   |
+------------------------------------------------------------------------------+
+------------------------------------------------------------------------------+
| MD step =   355  time =  1775 fs  E_kin =  145.444 eV  E_pot = -2178.96 eV   |
+------------------------------------------------------------------------------+
+------------------------------------------------------------------------------+
| MD step =   360  time =  1800 fs  E_kin =  149.01 eV  E_pot = -2182.84 eV    |
+------------------------------------------------------------------------------+
+------------------------------------------------------------------------------+
| MD step =   365  time =  1825 fs  E_kin =  146.236 eV  E_pot = -2180.03 eV   |
+------------------------------------------------------------------------------+
+------------------------------------------------------------------------------+
| MD step =   370  time =  1850 fs  E_kin =  141.561 eV  E_pot = -2174.81 eV   |
+------------------------------------------------------------------------------+
+------------------------------------------------------------------------------+
| MD step =   375  time =  1875 fs  E_kin =  143.996 eV  E_pot = -2177.39 eV   |
+------------------------------------------------------------------------------+
+------------------------------------------------------------------------------+
| MD step =   380  time =  1900 fs  E_kin =  145.644 eV  E_pot = -2179.33 eV   |
+------------------------------------------------------------------------------+
+------------------------------------------------------------------------------+
| MD step =   385  time =  1925 fs  E_kin =  145.459 eV  E_pot = -2179.08 eV   |
+------------------------------------------------------------------------------+
+------------------------------------------------------------------------------+
| MD step =   390  time =  1950 fs  E_kin =  143.262 eV  E_pot = -2176.46 eV   |
+------------------------------------------------------------------------------+
+------------------------------------------------------------------------------+
| MD step =   395  time =  1975 fs  E_kin =  147.254 eV  E_pot = -2180.32 eV   |
+------------------------------------------------------------------------------+
+------------------------------------------------------------------------------+
| MD step =   400  time =  2000 fs  E_kin =  140.533 eV  E_pot = -2173.28 eV   |
+------------------------------------------------------------------------------+
+------------------------------------------------------------------------------+
| MD step =   405  time =  2025 fs  E_kin =  135.193 eV  E_pot = -2167.79 eV   |
+------------------------------------------------------------------------------+
+------------------------------------------------------------------------------+
| MD step =   410  time =  2050 fs  E_kin =  133.815 eV  E_pot = -2165.85 eV   |
+------------------------------------------------------------------------------+
+------------------------------------------------------------------------------+
| MD step =   415  time =  2075 fs  E_kin =  137.037 eV  E_pot = -2168.94 eV   |
+------------------------------------------------------------------------------+
+------------------------------------------------------------------------------+
| MD step =   420  time =  2100 fs  E_kin =  139.082 eV  E_pot = -2171.11 eV   |
+------------------------------------------------------------------------------+
+------------------------------------------------------------------------------+
| MD step =   425  time =  2125 fs  E_kin =  147.307 eV  E_pot = -2179 eV      |
+------------------------------------------------------------------------------+
+------------------------------------------------------------------------------+
| MD step =   430  time =  2150 fs  E_kin =  136.446 eV  E_pot = -2167.97 eV   |
+------------------------------------------------------------------------------+
+------------------------------------------------------------------------------+
| MD step =   435  time =  2175 fs  E_kin =  142.217 eV  E_pot = -2173.97 eV   |
+------------------------------------------------------------------------------+
+------------------------------------------------------------------------------+
| MD step =   440  time =  2200 fs  E_kin =  136.978 eV  E_pot = -2168.44 eV   |
+------------------------------------------------------------------------------+
+------------------------------------------------------------------------------+
| MD step =   445  time =  2225 fs  E_kin =  141.783 eV  E_pot = -2173.34 eV   |
+------------------------------------------------------------------------------+
+------------------------------------------------------------------------------+
| MD step =   450  time =  2250 fs  E_kin =  142.079 eV  E_pot = -2173.54 eV   |
+------------------------------------------------------------------------------+
+------------------------------------------------------------------------------+
| MD step =   455  time =  2275 fs  E_kin =  135.902 eV  E_pot = -2167.22 eV   |
+------------------------------------------------------------------------------+
+------------------------------------------------------------------------------+
| MD step =   460  time =  2300 fs  E_kin =  138.293 eV  E_pot = -2169.39 eV   |
+------------------------------------------------------------------------------+
+------------------------------------------------------------------------------+
| MD step =   465  time =  2325 fs  E_kin =  137.827 eV  E_pot = -2168.96 eV   |
+------------------------------------------------------------------------------+
+------------------------------------------------------------------------------+
| MD step =   470  time =  2350 fs  E_kin =  141.036 eV  E_pot = -2171.92 eV   |
+------------------------------------------------------------------------------+
+------------------------------------------------------------------------------+
| MD step =   475  time =  2375 fs  E_kin =  140.185 eV  E_pot = -2170.67 eV   |
+------------------------------------------------------------------------------+
+------------------------------------------------------------------------------+
| MD step =   480  time =  2400 fs  E_kin =  134.482 eV  E_pot = -2164.82 eV   |
+------------------------------------------------------------------------------+
+------------------------------------------------------------------------------+
| MD step =   485  time =  2425 fs  E_kin =  140.482 eV  E_pot = -2171.05 eV   |
+------------------------------------------------------------------------------+
+------------------------------------------------------------------------------+
| MD step =   490  time =  2450 fs  E_kin =  136.68 eV  E_pot = -2167.14 eV    |
+------------------------------------------------------------------------------+
+------------------------------------------------------------------------------+
| MD step =   495  time =  2475 fs  E_kin =  133.862 eV  E_pot = -2164.47 eV   |
+------------------------------------------------------------------------------+
+------------------------------------------------------------------------------+
| MD step =   500  time =  2500 fs  E_kin =  140.128 eV  E_pot = -2170.67 eV   |
+------------------------------------------------------------------------------+
+------------------------------------------------------------------------------+
| MD step =   505  time =  2525 fs  E_kin =  133.589 eV  E_pot = -2164.06 eV   |
+------------------------------------------------------------------------------+
+------------------------------------------------------------------------------+
| MD step =   510  time =  2550 fs  E_kin =  127.678 eV  E_pot = -2157.67 eV   |
+------------------------------------------------------------------------------+
+------------------------------------------------------------------------------+
| MD step =   515  time =  2575 fs  E_kin =  139.959 eV  E_pot = -2170.13 eV   |
+------------------------------------------------------------------------------+
+------------------------------------------------------------------------------+
| MD step =   520  time =  2600 fs  E_kin =  132.941 eV  E_pot = -2162.93 eV   |
+------------------------------------------------------------------------------+
+------------------------------------------------------------------------------+
| MD step =   525  time =  2625 fs  E_kin =  141.953 eV  E_pot = -2172.43 eV   |
+------------------------------------------------------------------------------+
+------------------------------------------------------------------------------+
| MD step =   530  time =  2650 fs  E_kin =  132.938 eV  E_pot = -2163.35 eV   |
+------------------------------------------------------------------------------+
+------------------------------------------------------------------------------+
| MD step =   535  time =  2675 fs  E_kin =  136.994 eV  E_pot = -2167.56 eV   |
+------------------------------------------------------------------------------+
+------------------------------------------------------------------------------+
| MD step =   540  time =  2700 fs  E_kin =  135.099 eV  E_pot = -2165.55 eV   |
+------------------------------------------------------------------------------+
+------------------------------------------------------------------------------+
| MD step =   545  time =  2725 fs  E_kin =  141.292 eV  E_pot = -2171.54 eV   |
+------------------------------------------------------------------------------+
+------------------------------------------------------------------------------+
| MD step =   550  time =  2750 fs  E_kin =  142.435 eV  E_pot = -2173.07 eV   |
+------------------------------------------------------------------------------+
+------------------------------------------------------------------------------+
| MD step =   555  time =  2775 fs  E_kin =  137.981 eV  E_pot = -2168.36 eV   |
+------------------------------------------------------------------------------+
+------------------------------------------------------------------------------+
| MD step =   560  time =  2800 fs  E_kin =  135.884 eV  E_pot = -2165.94 eV   |
+------------------------------------------------------------------------------+
+------------------------------------------------------------------------------+
| MD step =   565  time =  2825 fs  E_kin =  138.898 eV  E_pot = -2169.23 eV   |
+------------------------------------------------------------------------------+
+------------------------------------------------------------------------------+
| MD step =   570  time =  2850 fs  E_kin =  138.84 eV  E_pot = -2169.29 eV    |
+------------------------------------------------------------------------------+
+------------------------------------------------------------------------------+
| MD step =   575  time =  2875 fs  E_kin =  134.258 eV  E_pot = -2164.57 eV   |
+------------------------------------------------------------------------------+
+------------------------------------------------------------------------------+
| MD step =   580  time =  2900 fs  E_kin =  138.376 eV  E_pot = -2168.76 eV   |
+------------------------------------------------------------------------------+
+------------------------------------------------------------------------------+
| MD step =   585  time =  2925 fs  E_kin =  135.862 eV  E_pot = -2165.85 eV   |
+------------------------------------------------------------------------------+
+------------------------------------------------------------------------------+
| MD step =   590  time =  2950 fs  E_kin =  137.074 eV  E_pot = -2167.27 eV   |
+------------------------------------------------------------------------------+
+------------------------------------------------------------------------------+
| MD step =   595  time =  2975 fs  E_kin =  138.967 eV  E_pot = -2168.94 eV   |
+------------------------------------------------------------------------------+
+------------------------------------------------------------------------------+
| MD step =   600  time =  3000 fs  E_kin =  141.951 eV  E_pot = -2172.03 eV   |
+------------------------------------------------------------------------------+
+------------------------------------------------------------------------------+
| MD step =   605  time =  3025 fs  E_kin =  129.259 eV  E_pot = -2158.72 eV   |
+------------------------------------------------------------------------------+
+------------------------------------------------------------------------------+
| MD step =   610  time =  3050 fs  E_kin =  133.932 eV  E_pot = -2163.12 eV   |
+------------------------------------------------------------------------------+
+------------------------------------------------------------------------------+
| MD step =   615  time =  3075 fs  E_kin =  135.326 eV  E_pot = -2165.15 eV   |
+------------------------------------------------------------------------------+
+------------------------------------------------------------------------------+
| MD step =   620  time =  3100 fs  E_kin =  135.86 eV  E_pot = -2165.7 eV     |
+------------------------------------------------------------------------------+
+------------------------------------------------------------------------------+
| MD step =   625  time =  3125 fs  E_kin =  130.679 eV  E_pot = -2159.9 eV    |
+------------------------------------------------------------------------------+
+------------------------------------------------------------------------------+
| MD step =   630  time =  3150 fs  E_kin =  136.997 eV  E_pot = -2166.79 eV   |
+------------------------------------------------------------------------------+
+------------------------------------------------------------------------------+
| MD step =   635  time =  3175 fs  E_kin =  134.382 eV  E_pot = -2164.02 eV   |
+------------------------------------------------------------------------------+
+------------------------------------------------------------------------------+
| MD step =   640  time =  3200 fs  E_kin =  132.433 eV  E_pot = -2161.56 eV   |
+------------------------------------------------------------------------------+
+------------------------------------------------------------------------------+
| MD step =   645  time =  3225 fs  E_kin =  131.498 eV  E_pot = -2160.41 eV   |
+------------------------------------------------------------------------------+
+------------------------------------------------------------------------------+
| MD step =   650  time =  3250 fs  E_kin =  133.871 eV  E_pot = -2162.8 eV    |
+------------------------------------------------------------------------------+
+------------------------------------------------------------------------------+
| MD step =   655  time =  3275 fs  E_kin =  138.866 eV  E_pot = -2167.96 eV   |
+------------------------------------------------------------------------------+
+------------------------------------------------------------------------------+
| MD step =   660  time =  3300 fs  E_kin =  137.834 eV  E_pot = -2166.3 eV    |
+------------------------------------------------------------------------------+
+------------------------------------------------------------------------------+
| MD step =   665  time =  3325 fs  E_kin =  129.525 eV  E_pot = -2158.05 eV   |
+------------------------------------------------------------------------------+
+------------------------------------------------------------------------------+
| MD step =   670  time =  3350 fs  E_kin =  141.161 eV  E_pot = -2169.65 eV   |
+------------------------------------------------------------------------------+
+------------------------------------------------------------------------------+
| MD step =   675  time =  3375 fs  E_kin =  134.673 eV  E_pot = -2162.96 eV   |
+------------------------------------------------------------------------------+
+------------------------------------------------------------------------------+
| MD step =   680  time =  3400 fs  E_kin =  143.34 eV  E_pot = -2171.8 eV     |
+------------------------------------------------------------------------------+
+------------------------------------------------------------------------------+
| MD step =   685  time =  3425 fs  E_kin =  137.193 eV  E_pot = -2164.85 eV   |
+------------------------------------------------------------------------------+
+------------------------------------------------------------------------------+
| MD step =   690  time =  3450 fs  E_kin =  136.135 eV  E_pot = -2163.8 eV    |
+------------------------------------------------------------------------------+
+------------------------------------------------------------------------------+
| MD step =   695  time =  3475 fs  E_kin =  143.278 eV  E_pot = -2171 eV      |
+------------------------------------------------------------------------------+
+------------------------------------------------------------------------------+
| MD step =   700  time =  3500 fs  E_kin =  132.087 eV  E_pot = -2159.28 eV   |
+------------------------------------------------------------------------------+
+------------------------------------------------------------------------------+
| MD step =   705  time =  3525 fs  E_kin =  138.001 eV  E_pot = -2165.06 eV   |
+------------------------------------------------------------------------------+
+------------------------------------------------------------------------------+
| MD step =   710  time =  3550 fs  E_kin =  129.31 eV  E_pot = -2156.18 eV    |
+------------------------------------------------------------------------------+
+------------------------------------------------------------------------------+
| MD step =   715  time =  3575 fs  E_kin =  136.242 eV  E_pot = -2163.27 eV   |
+------------------------------------------------------------------------------+
+------------------------------------------------------------------------------+
| MD step =   720  time =  3600 fs  E_kin =  129.774 eV  E_pot = -2156.48 eV   |
+------------------------------------------------------------------------------+
+------------------------------------------------------------------------------+
| MD step =   725  time =  3625 fs  E_kin =  126.779 eV  E_pot = -2152.85 eV   |
+------------------------------------------------------------------------------+
+------------------------------------------------------------------------------+
| MD step =   730  time =  3650 fs  E_kin =  132.877 eV  E_pot = -2159.24 eV   |
+------------------------------------------------------------------------------+
+------------------------------------------------------------------------------+
| MD step =   735  time =  3675 fs  E_kin =  133.513 eV  E_pot = -2159.62 eV   |
+------------------------------------------------------------------------------+
+------------------------------------------------------------------------------+
| MD step =   740  time =  3700 fs  E_kin =  132.295 eV  E_pot = -2158.59 eV   |
+------------------------------------------------------------------------------+
+------------------------------------------------------------------------------+
| MD step =   745  time =  3725 fs  E_kin =  132.01 eV  E_pot = -2158.57 eV    |
+------------------------------------------------------------------------------+
+------------------------------------------------------------------------------+
| MD step =   750  time =  3750 fs  E_kin =  133.625 eV  E_pot = -2159.66 eV   |
+------------------------------------------------------------------------------+
+------------------------------------------------------------------------------+
| MD step =   755  time =  3775 fs  E_kin =  130.996 eV  E_pot = -2157.24 eV   |
+------------------------------------------------------------------------------+
+------------------------------------------------------------------------------+
| MD step =   760  time =  3800 fs  E_kin =  129.014 eV  E_pot = -2155.25 eV   |
+------------------------------------------------------------------------------+
+------------------------------------------------------------------------------+
| MD step =   765  time =  3825 fs  E_kin =  128.676 eV  E_pot = -2154.77 eV   |
+------------------------------------------------------------------------------+
+------------------------------------------------------------------------------+
| MD step =   770  time =  3850 fs  E_kin =  129.029 eV  E_pot = -2155.23 eV   |
+------------------------------------------------------------------------------+
+------------------------------------------------------------------------------+
| MD step =   775  time =  3875 fs  E_kin =  120.915 eV  E_pot = -2147.26 eV   |
+------------------------------------------------------------------------------+
+------------------------------------------------------------------------------+
| MD step =   780  time =  3900 fs  E_kin =  128.105 eV  E_pot = -2154.24 eV   |
+------------------------------------------------------------------------------+
+------------------------------------------------------------------------------+
| MD step =   785  time =  3925 fs  E_kin =  125.32 eV  E_pot = -2151.69 eV    |
+------------------------------------------------------------------------------+
+------------------------------------------------------------------------------+
| MD step =   790  time =  3950 fs  E_kin =  135.2 eV  E_pot = -2161.61 eV     |
+------------------------------------------------------------------------------+
+------------------------------------------------------------------------------+
| MD step =   795  time =  3975 fs  E_kin =  128.556 eV  E_pot = -2154.72 eV   |
+------------------------------------------------------------------------------+
+------------------------------------------------------------------------------+
| MD step =   800  time =  4000 fs  E_kin =  128.246 eV  E_pot = -2154.38 eV   |
+------------------------------------------------------------------------------+
+------------------------------------------------------------------------------+
| MD step =   805  time =  4025 fs  E_kin =  132.797 eV  E_pot = -2158.83 eV   |
+------------------------------------------------------------------------------+
+------------------------------------------------------------------------------+
| MD step =   810  time =  4050 fs  E_kin =  126.498 eV  E_pot = -2152.14 eV   |
+------------------------------------------------------------------------------+
+------------------------------------------------------------------------------+
| MD step =   815  time =  4075 fs  E_kin =  129.932 eV  E_pot = -2155.83 eV   |
+------------------------------------------------------------------------------+
+------------------------------------------------------------------------------+
| MD step =   820  time =  4100 fs  E_kin =  130.824 eV  E_pot = -2156.56 eV   |
+------------------------------------------------------------------------------+
+------------------------------------------------------------------------------+
| MD step =   825  time =  4125 fs  E_kin =  129.084 eV  E_pot = -2154.47 eV   |
+------------------------------------------------------------------------------+
+------------------------------------------------------------------------------+
| MD step =   830  time =  4150 fs  E_kin =  131.345 eV  E_pot = -2156.52 eV   |
+------------------------------------------------------------------------------+
+------------------------------------------------------------------------------+
| MD step =   835  time =  4175 fs  E_kin =  133.429 eV  E_pot = -2158.74 eV   |
+------------------------------------------------------------------------------+
+------------------------------------------------------------------------------+
| MD step =   840  time =  4200 fs  E_kin =  128.87 eV  E_pot = -2154.44 eV    |
+------------------------------------------------------------------------------+
+------------------------------------------------------------------------------+
| MD step =   845  time =  4225 fs  E_kin =  127.51 eV  E_pot = -2152.51 eV    |
+------------------------------------------------------------------------------+
+------------------------------------------------------------------------------+
| MD step =   850  time =  4250 fs  E_kin =  122.91 eV  E_pot = -2147.75 eV    |
+------------------------------------------------------------------------------+
+------------------------------------------------------------------------------+
| MD step =   855  time =  4275 fs  E_kin =  128.909 eV  E_pot = -2154.11 eV   |
+------------------------------------------------------------------------------+
+------------------------------------------------------------------------------+
| MD step =   860  time =  4300 fs  E_kin =  130.351 eV  E_pot = -2155.33 eV   |
+------------------------------------------------------------------------------+
+------------------------------------------------------------------------------+
| MD step =   865  time =  4325 fs  E_kin =  129.429 eV  E_pot = -2153.89 eV   |
+------------------------------------------------------------------------------+
+------------------------------------------------------------------------------+
| MD step =   870  time =  4350 fs  E_kin =  131.53 eV  E_pot = -2155.93 eV    |
+------------------------------------------------------------------------------+
+------------------------------------------------------------------------------+
| MD step =   875  time =  4375 fs  E_kin =  127.341 eV  E_pot = -2151.92 eV   |
+------------------------------------------------------------------------------+
+------------------------------------------------------------------------------+
| MD step =   880  time =  4400 fs  E_kin =  125.323 eV  E_pot = -2149.65 eV   |
+------------------------------------------------------------------------------+
+------------------------------------------------------------------------------+
| MD step =   885  time =  4425 fs  E_kin =  128.49 eV  E_pot = -2153.41 eV    |
+------------------------------------------------------------------------------+
+------------------------------------------------------------------------------+
| MD step =   890  time =  4450 fs  E_kin =  133.687 eV  E_pot = -2158.33 eV   |
+------------------------------------------------------------------------------+
+------------------------------------------------------------------------------+
| MD step =   895  time =  4475 fs  E_kin =  127.032 eV  E_pot = -2151.17 eV   |
+------------------------------------------------------------------------------+
+------------------------------------------------------------------------------+
| MD step =   900  time =  4500 fs  E_kin =  128.109 eV  E_pot = -2152.3 eV    |
+------------------------------------------------------------------------------+
+------------------------------------------------------------------------------+
| MD step =   905  time =  4525 fs  E_kin =  120.054 eV  E_pot = -2144.02 eV   |
+------------------------------------------------------------------------------+
+------------------------------------------------------------------------------+
| MD step =   910  time =  4550 fs  E_kin =  130.212 eV  E_pot = -2154.6 eV    |
+------------------------------------------------------------------------------+
+------------------------------------------------------------------------------+
| MD step =   915  time =  4575 fs  E_kin =  130.478 eV  E_pot = -2154.76 eV   |
+------------------------------------------------------------------------------+
+------------------------------------------------------------------------------+
| MD step =   920  time =  4600 fs  E_kin =  128.684 eV  E_pot = -2152.86 eV   |
+------------------------------------------------------------------------------+
+------------------------------------------------------------------------------+
| MD step =   925  time =  4625 fs  E_kin =  128.818 eV  E_pot = -2152.64 eV   |
+------------------------------------------------------------------------------+
+------------------------------------------------------------------------------+
| MD step =   930  time =  4650 fs  E_kin =  129.556 eV  E_pot = -2153.44 eV   |
+------------------------------------------------------------------------------+
+------------------------------------------------------------------------------+
| MD step =   935  time =  4675 fs  E_kin =  129.137 eV  E_pot = -2153.16 eV   |
+------------------------------------------------------------------------------+
+------------------------------------------------------------------------------+
| MD step =   940  time =  4700 fs  E_kin =  118.823 eV  E_pot = -2142.62 eV   |
+------------------------------------------------------------------------------+
+------------------------------------------------------------------------------+
| MD step =   945  time =  4725 fs  E_kin =  122.34 eV  E_pot = -2146.47 eV    |
+------------------------------------------------------------------------------+
+------------------------------------------------------------------------------+
| MD step =   950  time =  4750 fs  E_kin =  127.05 eV  E_pot = -2151.32 eV    |
+------------------------------------------------------------------------------+
+------------------------------------------------------------------------------+
| MD step =   955  time =  4775 fs  E_kin =  122.319 eV  E_pot = -2146.39 eV   |
+------------------------------------------------------------------------------+
+------------------------------------------------------------------------------+
| MD step =   960  time =  4800 fs  E_kin =  126.488 eV  E_pot = -2150.55 eV   |
+------------------------------------------------------------------------------+
+------------------------------------------------------------------------------+
| MD step =   965  time =  4825 fs  E_kin =  118.224 eV  E_pot = -2142.29 eV   |
+------------------------------------------------------------------------------+
+------------------------------------------------------------------------------+
| MD step =   970  time =  4850 fs  E_kin =  131.17 eV  E_pot = -2155.19 eV    |
+------------------------------------------------------------------------------+
+------------------------------------------------------------------------------+
| MD step =   975  time =  4875 fs  E_kin =  131.044 eV  E_pot = -2154.77 eV   |
+------------------------------------------------------------------------------+
+------------------------------------------------------------------------------+
| MD step =   980  time =  4900 fs  E_kin =  127.047 eV  E_pot = -2150.83 eV   |
+------------------------------------------------------------------------------+
+------------------------------------------------------------------------------+
| MD step =   985  time =  4925 fs  E_kin =  117.71 eV  E_pot = -2141.32 eV    |
+------------------------------------------------------------------------------+
+------------------------------------------------------------------------------+
| MD step =   990  time =  4950 fs  E_kin =  122.882 eV  E_pot = -2146.16 eV   |
+------------------------------------------------------------------------------+
+------------------------------------------------------------------------------+
| MD step =   995  time =  4975 fs  E_kin =  123.595 eV  E_pot = -2146.71 eV   |
+------------------------------------------------------------------------------+
+------------------------------------------------------------------------------+
| MD step =  1000  time =  5000 fs  E_kin =  121.739 eV  E_pot = -2145 eV      |
+------------------------------------------------------------------------------+

Timing:                          Total     Per Step        %

--------------------------------------------------------------------------------

File IO, MD             :       9.81 s       0.05 s      58.93% |=============|
Loading Modules + MPI   :       2.65 s       2.65 s      15.90% |===|
--------------------------------------------------------------------------------
Total                   :      16.65 s
