+------------------------------------------------------------------------------+
|                                                                              |
| Atomistix ToolKit 2017.1 [Build ce08f12339]                                  |
|                                                                              |
+------------------------------------------------------------------------------+
+------------------------------------------------------------------------------+
| MD step =     0  time =  0 fs  E_kin =  20.7795 eV  E_pot = -2370.77 eV      |
+------------------------------------------------------------------------------+
+------------------------------------------------------------------------------+
| MD step =    20  time =  20 fs  E_kin =  8.03 eV  E_pot = -2357.93 eV        |
+------------------------------------------------------------------------------+
+------------------------------------------------------------------------------+
| MD step =    40  time =  40 fs  E_kin =  12.1393 eV  E_pot = -2361.53 eV     |
+------------------------------------------------------------------------------+
+------------------------------------------------------------------------------+
| MD step =    60  time =  60 fs  E_kin =  11.0377 eV  E_pot = -2360.02 eV     |
+------------------------------------------------------------------------------+
+------------------------------------------------------------------------------+
| MD step =    80  time =  80 fs  E_kin =  5.46552 eV  E_pot = -2354.02 eV     |
+------------------------------------------------------------------------------+
+------------------------------------------------------------------------------+
| MD step =   100  time =  100 fs  E_kin =  10.9474 eV  E_pot = -2359.04 eV    |
+------------------------------------------------------------------------------+
+------------------------------------------------------------------------------+
| MD step =   120  time =  120 fs  E_kin =  10.6935 eV  E_pot = -2358.24 eV    |
+------------------------------------------------------------------------------+
+------------------------------------------------------------------------------+
| MD step =   140  time =  140 fs  E_kin =  10.0499 eV  E_pot = -2356.85 eV    |
+------------------------------------------------------------------------------+
+------------------------------------------------------------------------------+
| MD step =   160  time =  160 fs  E_kin =  17.2444 eV  E_pot = -2363.29 eV    |
+------------------------------------------------------------------------------+
+------------------------------------------------------------------------------+
| MD step =   180  time =  180 fs  E_kin =  11.1457 eV  E_pot = -2356.43 eV    |
+------------------------------------------------------------------------------+
+------------------------------------------------------------------------------+
| MD step =   200  time =  200 fs  E_kin =  14.4567 eV  E_pot = -2358.89 eV    |
+------------------------------------------------------------------------------+
+------------------------------------------------------------------------------+
| MD step =   220  time =  220 fs  E_kin =  14.7394 eV  E_pot = -2358.45 eV    |
+------------------------------------------------------------------------------+
+------------------------------------------------------------------------------+
| MD step =   240  time =  240 fs  E_kin =  10.3371 eV  E_pot = -2353.2 eV     |
+------------------------------------------------------------------------------+
+------------------------------------------------------------------------------+
| MD step =   260  time =  260 fs  E_kin =  15.333 eV  E_pot = -2357.41 eV     |
+------------------------------------------------------------------------------+
+------------------------------------------------------------------------------+
| MD step =   280  time =  280 fs  E_kin =  13.0913 eV  E_pot = -2354.33 eV    |
+------------------------------------------------------------------------------+
+------------------------------------------------------------------------------+
| MD step =   300  time =  300 fs  E_kin =  14.4295 eV  E_pot = -2354.76 eV    |
+------------------------------------------------------------------------------+
+------------------------------------------------------------------------------+
| MD step =   320  time =  320 fs  E_kin =  17.5719 eV  E_pot = -2357.01 eV    |
+------------------------------------------------------------------------------+
+------------------------------------------------------------------------------+
| MD step =   340  time =  340 fs  E_kin =  14.4649 eV  E_pot = -2353.01 eV    |
+------------------------------------------------------------------------------+
+------------------------------------------------------------------------------+
| MD step =   360  time =  360 fs  E_kin =  18.2673 eV  E_pot = -2355.89 eV    |
+------------------------------------------------------------------------------+
+------------------------------------------------------------------------------+
| MD step =   380  time =  380 fs  E_kin =  17.8074 eV  E_pot = -2354.56 eV    |
+------------------------------------------------------------------------------+
+------------------------------------------------------------------------------+
| MD step =   400  time =  400 fs  E_kin =  16.2037 eV  E_pot = -2352.1 eV     |
+------------------------------------------------------------------------------+
+------------------------------------------------------------------------------+
| MD step =   420  time =  420 fs  E_kin =  18.6617 eV  E_pot = -2353.74 eV    |
+------------------------------------------------------------------------------+
+------------------------------------------------------------------------------+
| MD step =   440  time =  440 fs  E_kin =  15.7706 eV  E_pot = -2350 eV       |
+------------------------------------------------------------------------------+
+------------------------------------------------------------------------------+
| MD step =   460  time =  460 fs  E_kin =  17.4544 eV  E_pot = -2350.87 eV    |
+------------------------------------------------------------------------------+
+------------------------------------------------------------------------------+
| MD step =   480  time =  480 fs  E_kin =  19.2336 eV  E_pot = -2351.77 eV    |
+------------------------------------------------------------------------------+
+------------------------------------------------------------------------------+
| MD step =   500  time =  500 fs  E_kin =  18.1199 eV  E_pot = -2349.81 eV    |
+------------------------------------------------------------------------------+
+------------------------------------------------------------------------------+
| MD step =   520  time =  520 fs  E_kin =  20.917 eV  E_pot = -2351.84 eV     |
+------------------------------------------------------------------------------+
+------------------------------------------------------------------------------+
| MD step =   540  time =  540 fs  E_kin =  20.578 eV  E_pot = -2350.76 eV     |
+------------------------------------------------------------------------------+
+------------------------------------------------------------------------------+
| MD step =   560  time =  560 fs  E_kin =  21.477 eV  E_pot = -2351.1 eV      |
+------------------------------------------------------------------------------+
+------------------------------------------------------------------------------+
| MD step =   580  time =  580 fs  E_kin =  19.3979 eV  E_pot = -2348.6 eV     |
+------------------------------------------------------------------------------+
+------------------------------------------------------------------------------+
| MD step =   600  time =  600 fs  E_kin =  22.0947 eV  E_pot = -2350.9 eV     |
+------------------------------------------------------------------------------+
+------------------------------------------------------------------------------+
| MD step =   620  time =  620 fs  E_kin =  19.3603 eV  E_pot = -2347.92 eV    |
+------------------------------------------------------------------------------+
+------------------------------------------------------------------------------+
| MD step =   640  time =  640 fs  E_kin =  20.6767 eV  E_pot = -2348.99 eV    |
+------------------------------------------------------------------------------+
+------------------------------------------------------------------------------+
| MD step =   660  time =  660 fs  E_kin =  22.4092 eV  E_pot = -2350.54 eV    |
+------------------------------------------------------------------------------+
+------------------------------------------------------------------------------+
| MD step =   680  time =  680 fs  E_kin =  20.4084 eV  E_pot = -2348.53 eV    |
+------------------------------------------------------------------------------+
+------------------------------------------------------------------------------+
| MD step =   700  time =  700 fs  E_kin =  21.879 eV  E_pot = -2350.11 eV     |
+------------------------------------------------------------------------------+
+------------------------------------------------------------------------------+
| MD step =   720  time =  720 fs  E_kin =  20.7322 eV  E_pot = -2349.2 eV     |
+------------------------------------------------------------------------------+
+------------------------------------------------------------------------------+
| MD step =   740  time =  740 fs  E_kin =  18.4907 eV  E_pot = -2347.23 eV    |
+------------------------------------------------------------------------------+
+------------------------------------------------------------------------------+
| MD step =   760  time =  760 fs  E_kin =  21.6701 eV  E_pot = -2350.64 eV    |
+------------------------------------------------------------------------------+
+------------------------------------------------------------------------------+
| MD step =   780  time =  780 fs  E_kin =  18.8576 eV  E_pot = -2348.11 eV    |
+------------------------------------------------------------------------------+
+------------------------------------------------------------------------------+
| MD step =   800  time =  800 fs  E_kin =  19.9033 eV  E_pot = -2349.4 eV     |
+------------------------------------------------------------------------------+
+------------------------------------------------------------------------------+
| MD step =   820  time =  820 fs  E_kin =  20.4717 eV  E_pot = -2350.22 eV    |
+------------------------------------------------------------------------------+
+------------------------------------------------------------------------------+
| MD step =   840  time =  840 fs  E_kin =  19.4348 eV  E_pot = -2349.48 eV    |
+------------------------------------------------------------------------------+
+------------------------------------------------------------------------------+
| MD step =   860  time =  860 fs  E_kin =  20.0977 eV  E_pot = -2350.41 eV    |
+------------------------------------------------------------------------------+
+------------------------------------------------------------------------------+
| MD step =   880  time =  880 fs  E_kin =  20.029 eV  E_pot = -2350.62 eV     |
+------------------------------------------------------------------------------+
+------------------------------------------------------------------------------+
| MD step =   900  time =  900 fs  E_kin =  20.0827 eV  E_pot = -2350.99 eV    |
+------------------------------------------------------------------------------+
+------------------------------------------------------------------------------+
| MD step =   920  time =  920 fs  E_kin =  19.8809 eV  E_pot = -2351.09 eV    |
+------------------------------------------------------------------------------+
+------------------------------------------------------------------------------+
| MD step =   940  time =  940 fs  E_kin =  19.5346 eV  E_pot = -2351.05 eV    |
+------------------------------------------------------------------------------+
+------------------------------------------------------------------------------+
| MD step =   960  time =  960 fs  E_kin =  19.6708 eV  E_pot = -2351.47 eV    |
+------------------------------------------------------------------------------+
+------------------------------------------------------------------------------+
| MD step =   980  time =  980 fs  E_kin =  18.4361 eV  E_pot = -2350.48 eV    |
+------------------------------------------------------------------------------+
+------------------------------------------------------------------------------+
| MD step =  1000  time =  1000 fs  E_kin =  18.6066 eV  E_pot = -2350.8 eV    |
+------------------------------------------------------------------------------+
+------------------------------------------------------------------------------+
| MD step =  1020  time =  1020 fs  E_kin =  19.0807 eV  E_pot = -2351.33 eV   |
+------------------------------------------------------------------------------+
+------------------------------------------------------------------------------+
| MD step =  1040  time =  1040 fs  E_kin =  19.1523 eV  E_pot = -2351.39 eV   |
+------------------------------------------------------------------------------+
+------------------------------------------------------------------------------+
| MD step =  1060  time =  1060 fs  E_kin =  18.4792 eV  E_pot = -2350.63 eV   |
+------------------------------------------------------------------------------+
+------------------------------------------------------------------------------+
| MD step =  1080  time =  1080 fs  E_kin =  19.9166 eV  E_pot = -2351.89 eV   |
+------------------------------------------------------------------------------+
+------------------------------------------------------------------------------+
| MD step =  1100  time =  1100 fs  E_kin =  19.8482 eV  E_pot = -2351.64 eV   |
+------------------------------------------------------------------------------+
+------------------------------------------------------------------------------+
| MD step =  1120  time =  1120 fs  E_kin =  19.0944 eV  E_pot = -2350.69 eV   |
+------------------------------------------------------------------------------+
+------------------------------------------------------------------------------+
| MD step =  1140  time =  1140 fs  E_kin =  21.1105 eV  E_pot = -2352.48 eV   |
+------------------------------------------------------------------------------+
+------------------------------------------------------------------------------+
| MD step =  1160  time =  1160 fs  E_kin =  18.4151 eV  E_pot = -2349.59 eV   |
+------------------------------------------------------------------------------+
+------------------------------------------------------------------------------+
| MD step =  1180  time =  1180 fs  E_kin =  19.9519 eV  E_pot = -2350.9 eV    |
+------------------------------------------------------------------------------+
+------------------------------------------------------------------------------+
| MD step =  1200  time =  1200 fs  E_kin =  19.3778 eV  E_pot = -2350.08 eV   |
+------------------------------------------------------------------------------+
+------------------------------------------------------------------------------+
| MD step =  1220  time =  1220 fs  E_kin =  17.4193 eV  E_pot = -2347.84 eV   |
+------------------------------------------------------------------------------+
+------------------------------------------------------------------------------+
| MD step =  1240  time =  1240 fs  E_kin =  20.4692 eV  E_pot = -2350.49 eV   |
+------------------------------------------------------------------------------+
+------------------------------------------------------------------------------+
| MD step =  1260  time =  1260 fs  E_kin =  19.4051 eV  E_pot = -2349 eV      |
+------------------------------------------------------------------------------+
+------------------------------------------------------------------------------+
| MD step =  1280  time =  1280 fs  E_kin =  20.9448 eV  E_pot = -2350.15 eV   |
+------------------------------------------------------------------------------+
+------------------------------------------------------------------------------+
| MD step =  1300  time =  1300 fs  E_kin =  22.7122 eV  E_pot = -2351.61 eV   |
+------------------------------------------------------------------------------+
+------------------------------------------------------------------------------+
| MD step =  1320  time =  1320 fs  E_kin =  21.1952 eV  E_pot = -2349.97 eV   |
+------------------------------------------------------------------------------+
+------------------------------------------------------------------------------+
| MD step =  1340  time =  1340 fs  E_kin =  20.3807 eV  E_pot = -2349.18 eV   |
+------------------------------------------------------------------------------+
+------------------------------------------------------------------------------+
| MD step =  1360  time =  1360 fs  E_kin =  20.4956 eV  E_pot = -2349.36 eV   |
+------------------------------------------------------------------------------+
+------------------------------------------------------------------------------+
| MD step =  1380  time =  1380 fs  E_kin =  19.1722 eV  E_pot = -2348.17 eV   |
+------------------------------------------------------------------------------+
+------------------------------------------------------------------------------+
| MD step =  1400  time =  1400 fs  E_kin =  20.1084 eV  E_pot = -2349.19 eV   |
+------------------------------------------------------------------------------+
+------------------------------------------------------------------------------+
| MD step =  1420  time =  1420 fs  E_kin =  20.1188 eV  E_pot = -2349.29 eV   |
+------------------------------------------------------------------------------+
+------------------------------------------------------------------------------+
| MD step =  1440  time =  1440 fs  E_kin =  20.3659 eV  E_pot = -2349.67 eV   |
+------------------------------------------------------------------------------+
+------------------------------------------------------------------------------+
| MD step =  1460  time =  1460 fs  E_kin =  20.6601 eV  E_pot = -2350.12 eV   |
+------------------------------------------------------------------------------+
+------------------------------------------------------------------------------+
| MD step =  1480  time =  1480 fs  E_kin =  19.2731 eV  E_pot = -2348.95 eV   |
+------------------------------------------------------------------------------+
+------------------------------------------------------------------------------+
| MD step =  1500  time =  1500 fs  E_kin =  20.2306 eV  E_pot = -2350.1 eV    |
+------------------------------------------------------------------------------+
+------------------------------------------------------------------------------+
| MD step =  1520  time =  1520 fs  E_kin =  19.4229 eV  E_pot = -2349.49 eV   |
+------------------------------------------------------------------------------+
+------------------------------------------------------------------------------+
| MD step =  1540  time =  1540 fs  E_kin =  19.9206 eV  E_pot = -2350.16 eV   |
+------------------------------------------------------------------------------+
+------------------------------------------------------------------------------+
| MD step =  1560  time =  1560 fs  E_kin =  20.0655 eV  E_pot = -2350.48 eV   |
+------------------------------------------------------------------------------+
+------------------------------------------------------------------------------+
| MD step =  1580  time =  1580 fs  E_kin =  20.9471 eV  E_pot = -2351.59 eV   |
+------------------------------------------------------------------------------+
+------------------------------------------------------------------------------+
| MD step =  1600  time =  1600 fs  E_kin =  20.0963 eV  E_pot = -2351.04 eV   |
+------------------------------------------------------------------------------+
+------------------------------------------------------------------------------+
| MD step =  1620  time =  1620 fs  E_kin =  20.6239 eV  E_pot = -2351.88 eV   |
+------------------------------------------------------------------------------+
+------------------------------------------------------------------------------+
| MD step =  1640  time =  1640 fs  E_kin =  19.8109 eV  E_pot = -2351.43 eV   |
+------------------------------------------------------------------------------+
+------------------------------------------------------------------------------+
| MD step =  1660  time =  1660 fs  E_kin =  18.6798 eV  E_pot = -2350.6 eV    |
+------------------------------------------------------------------------------+
+------------------------------------------------------------------------------+
| MD step =  1680  time =  1680 fs  E_kin =  19.1975 eV  E_pot = -2351.36 eV   |
+------------------------------------------------------------------------------+
+------------------------------------------------------------------------------+
| MD step =  1700  time =  1700 fs  E_kin =  18.105 eV  E_pot = -2350.41 eV    |
+------------------------------------------------------------------------------+
+------------------------------------------------------------------------------+
| MD step =  1720  time =  1720 fs  E_kin =  18.0046 eV  E_pot = -2350.33 eV   |
+------------------------------------------------------------------------------+
+------------------------------------------------------------------------------+
| MD step =  1740  time =  1740 fs  E_kin =  19.1794 eV  E_pot = -2351.41 eV   |
+------------------------------------------------------------------------------+
+------------------------------------------------------------------------------+
| MD step =  1760  time =  1760 fs  E_kin =  18.0947 eV  E_pot = -2350.14 eV   |
+------------------------------------------------------------------------------+
+------------------------------------------------------------------------------+
| MD step =  1780  time =  1780 fs  E_kin =  19.7928 eV  E_pot = -2351.56 eV   |
+------------------------------------------------------------------------------+
+------------------------------------------------------------------------------+
| MD step =  1800  time =  1800 fs  E_kin =  20.2233 eV  E_pot = -2351.68 eV   |
+------------------------------------------------------------------------------+
+------------------------------------------------------------------------------+
| MD step =  1820  time =  1820 fs  E_kin =  18.6305 eV  E_pot = -2349.8 eV    |
+------------------------------------------------------------------------------+
+------------------------------------------------------------------------------+
| MD step =  1840  time =  1840 fs  E_kin =  20.3533 eV  E_pot = -2351.21 eV   |
+------------------------------------------------------------------------------+
+------------------------------------------------------------------------------+
| MD step =  1860  time =  1860 fs  E_kin =  19.2289 eV  E_pot = -2349.76 eV   |
+------------------------------------------------------------------------------+
+------------------------------------------------------------------------------+
| MD step =  1880  time =  1880 fs  E_kin =  19.455 eV  E_pot = -2349.67 eV    |
+------------------------------------------------------------------------------+
+------------------------------------------------------------------------------+
| MD step =  1900  time =  1900 fs  E_kin =  20.8906 eV  E_pot = -2350.77 eV   |
+------------------------------------------------------------------------------+
+------------------------------------------------------------------------------+
| MD step =  1920  time =  1920 fs  E_kin =  19.4535 eV  E_pot = -2349.05 eV   |
+------------------------------------------------------------------------------+
+------------------------------------------------------------------------------+
| MD step =  1940  time =  1940 fs  E_kin =  22.056 eV  E_pot = -2351.41 eV    |
+------------------------------------------------------------------------------+
+------------------------------------------------------------------------------+
| MD step =  1960  time =  1960 fs  E_kin =  19.7859 eV  E_pot = -2349.01 eV   |
+------------------------------------------------------------------------------+
+------------------------------------------------------------------------------+
| MD step =  1980  time =  1980 fs  E_kin =  20.4738 eV  E_pot = -2349.61 eV   |
+------------------------------------------------------------------------------+
+------------------------------------------------------------------------------+
| MD step =  2000  time =  2000 fs  E_kin =  20.1501 eV  E_pot = -2349.24 eV   |
+------------------------------------------------------------------------------+
+------------------------------------------------------------------------------+
| MD step =  2020  time =  2020 fs  E_kin =  20.3493 eV  E_pot = -2349.4 eV    |
+------------------------------------------------------------------------------+
+------------------------------------------------------------------------------+
| MD step =  2040  time =  2040 fs  E_kin =  20.1754 eV  E_pot = -2349.24 eV   |
+------------------------------------------------------------------------------+
+------------------------------------------------------------------------------+
| MD step =  2060  time =  2060 fs  E_kin =  19.8182 eV  E_pot = -2348.92 eV   |
+------------------------------------------------------------------------------+
+------------------------------------------------------------------------------+
| MD step =  2080  time =  2080 fs  E_kin =  21.5307 eV  E_pot = -2350.71 eV   |
+------------------------------------------------------------------------------+
+------------------------------------------------------------------------------+
| MD step =  2100  time =  2100 fs  E_kin =  19.7171 eV  E_pot = -2349.05 eV   |
+------------------------------------------------------------------------------+
+------------------------------------------------------------------------------+
| MD step =  2120  time =  2120 fs  E_kin =  19.8541 eV  E_pot = -2349.38 eV   |
+------------------------------------------------------------------------------+
+------------------------------------------------------------------------------+
| MD step =  2140  time =  2140 fs  E_kin =  20.2169 eV  E_pot = -2349.94 eV   |
+------------------------------------------------------------------------------+
+------------------------------------------------------------------------------+
| MD step =  2160  time =  2160 fs  E_kin =  19.6215 eV  E_pot = -2349.56 eV   |
+------------------------------------------------------------------------------+
+------------------------------------------------------------------------------+
| MD step =  2180  time =  2180 fs  E_kin =  21.3381 eV  E_pot = -2351.5 eV    |
+------------------------------------------------------------------------------+
+------------------------------------------------------------------------------+
| MD step =  2200  time =  2200 fs  E_kin =  19.6424 eV  E_pot = -2350.08 eV   |
+------------------------------------------------------------------------------+
+------------------------------------------------------------------------------+
| MD step =  2220  time =  2220 fs  E_kin =  20.549 eV  E_pot = -2351.3 eV     |
+------------------------------------------------------------------------------+
+------------------------------------------------------------------------------+
| MD step =  2240  time =  2240 fs  E_kin =  20.7974 eV  E_pot = -2351.9 eV    |
+------------------------------------------------------------------------------+
+------------------------------------------------------------------------------+
| MD step =  2260  time =  2260 fs  E_kin =  19.0726 eV  E_pot = -2350.53 eV   |
+------------------------------------------------------------------------------+
+------------------------------------------------------------------------------+
| MD step =  2280  time =  2280 fs  E_kin =  19.196 eV  E_pot = -2350.92 eV    |
+------------------------------------------------------------------------------+
+------------------------------------------------------------------------------+
| MD step =  2300  time =  2300 fs  E_kin =  18.5218 eV  E_pot = -2350.44 eV   |
+------------------------------------------------------------------------------+
+------------------------------------------------------------------------------+
| MD step =  2320  time =  2320 fs  E_kin =  18.5895 eV  E_pot = -2350.59 eV   |
+------------------------------------------------------------------------------+
+------------------------------------------------------------------------------+
| MD step =  2340  time =  2340 fs  E_kin =  18.0162 eV  E_pot = -2349.99 eV   |
+------------------------------------------------------------------------------+
+------------------------------------------------------------------------------+
| MD step =  2360  time =  2360 fs  E_kin =  18.593 eV  E_pot = -2350.43 eV    |
+------------------------------------------------------------------------------+
+------------------------------------------------------------------------------+
| MD step =  2380  time =  2380 fs  E_kin =  18.4736 eV  E_pot = -2350.07 eV   |
+------------------------------------------------------------------------------+
+------------------------------------------------------------------------------+
| MD step =  2400  time =  2400 fs  E_kin =  19.3962 eV  E_pot = -2350.64 eV   |
+------------------------------------------------------------------------------+
+------------------------------------------------------------------------------+
| MD step =  2420  time =  2420 fs  E_kin =  19.8066 eV  E_pot = -2350.68 eV   |
+------------------------------------------------------------------------------+
+------------------------------------------------------------------------------+
| MD step =  2440  time =  2440 fs  E_kin =  20.9116 eV  E_pot = -2351.44 eV   |
+------------------------------------------------------------------------------+
+------------------------------------------------------------------------------+
| MD step =  2460  time =  2460 fs  E_kin =  21.5249 eV  E_pot = -2351.83 eV   |
+------------------------------------------------------------------------------+
+------------------------------------------------------------------------------+
| MD step =  2480  time =  2480 fs  E_kin =  21.5722 eV  E_pot = -2351.82 eV   |
+------------------------------------------------------------------------------+
+------------------------------------------------------------------------------+
| MD step =  2500  time =  2500 fs  E_kin =  19.9869 eV  E_pot = -2350.3 eV    |
+------------------------------------------------------------------------------+
+------------------------------------------------------------------------------+
| MD step =  2520  time =  2520 fs  E_kin =  19.9766 eV  E_pot = -2350.39 eV   |
+------------------------------------------------------------------------------+
+------------------------------------------------------------------------------+
| MD step =  2540  time =  2540 fs  E_kin =  16.7528 eV  E_pot = -2347.23 eV   |
+------------------------------------------------------------------------------+
+------------------------------------------------------------------------------+
| MD step =  2560  time =  2560 fs  E_kin =  18.2856 eV  E_pot = -2348.66 eV   |
+------------------------------------------------------------------------------+
+------------------------------------------------------------------------------+
| MD step =  2580  time =  2580 fs  E_kin =  18.3074 eV  E_pot = -2348.43 eV   |
+------------------------------------------------------------------------------+
+------------------------------------------------------------------------------+
| MD step =  2600  time =  2600 fs  E_kin =  20.848 eV  E_pot = -2350.59 eV    |
+------------------------------------------------------------------------------+
+------------------------------------------------------------------------------+
| MD step =  2620  time =  2620 fs  E_kin =  22.0642 eV  E_pot = -2351.49 eV   |
+------------------------------------------------------------------------------+
+------------------------------------------------------------------------------+
| MD step =  2640  time =  2640 fs  E_kin =  22.2845 eV  E_pot = -2351.61 eV   |
+------------------------------------------------------------------------------+
+------------------------------------------------------------------------------+
| MD step =  2660  time =  2660 fs  E_kin =  22.0645 eV  E_pot = -2351.51 eV   |
+------------------------------------------------------------------------------+
+------------------------------------------------------------------------------+
| MD step =  2680  time =  2680 fs  E_kin =  20.5462 eV  E_pot = -2350.25 eV   |
+------------------------------------------------------------------------------+
+------------------------------------------------------------------------------+
| MD step =  2700  time =  2700 fs  E_kin =  18.4188 eV  E_pot = -2348.38 eV   |
+------------------------------------------------------------------------------+
+------------------------------------------------------------------------------+
| MD step =  2720  time =  2720 fs  E_kin =  19.7456 eV  E_pot = -2349.86 eV   |
+------------------------------------------------------------------------------+
+------------------------------------------------------------------------------+
| MD step =  2740  time =  2740 fs  E_kin =  18.269 eV  E_pot = -2348.47 eV    |
+------------------------------------------------------------------------------+
+------------------------------------------------------------------------------+
| MD step =  2760  time =  2760 fs  E_kin =  19.6463 eV  E_pot = -2349.85 eV   |
+------------------------------------------------------------------------------+
+------------------------------------------------------------------------------+
| MD step =  2780  time =  2780 fs  E_kin =  20.1776 eV  E_pot = -2350.36 eV   |
+------------------------------------------------------------------------------+
+------------------------------------------------------------------------------+
| MD step =  2800  time =  2800 fs  E_kin =  20.7384 eV  E_pot = -2350.93 eV   |
+------------------------------------------------------------------------------+
+------------------------------------------------------------------------------+
| MD step =  2820  time =  2820 fs  E_kin =  21.198 eV  E_pot = -2351.48 eV    |
+------------------------------------------------------------------------------+
+------------------------------------------------------------------------------+
| MD step =  2840  time =  2840 fs  E_kin =  20.134 eV  E_pot = -2350.59 eV    |
+------------------------------------------------------------------------------+
+------------------------------------------------------------------------------+
| MD step =  2860  time =  2860 fs  E_kin =  19.1286 eV  E_pot = -2349.75 eV   |
+------------------------------------------------------------------------------+
+------------------------------------------------------------------------------+
| MD step =  2880  time =  2880 fs  E_kin =  19.2707 eV  E_pot = -2349.98 eV   |
+------------------------------------------------------------------------------+
+------------------------------------------------------------------------------+
| MD step =  2900  time =  2900 fs  E_kin =  18.5323 eV  E_pot = -2349.26 eV   |
+------------------------------------------------------------------------------+
+------------------------------------------------------------------------------+
| MD step =  2920  time =  2920 fs  E_kin =  18.9231 eV  E_pot = -2349.59 eV   |
+------------------------------------------------------------------------------+
+------------------------------------------------------------------------------+
| MD step =  2940  time =  2940 fs  E_kin =  19.4134 eV  E_pot = -2349.95 eV   |
+------------------------------------------------------------------------------+
+------------------------------------------------------------------------------+
| MD step =  2960  time =  2960 fs  E_kin =  20.0933 eV  E_pot = -2350.51 eV   |
+------------------------------------------------------------------------------+
+------------------------------------------------------------------------------+
| MD step =  2980  time =  2980 fs  E_kin =  20.8302 eV  E_pot = -2351.19 eV   |
+------------------------------------------------------------------------------+
+------------------------------------------------------------------------------+
| MD step =  3000  time =  3000 fs  E_kin =  20.791 eV  E_pot = -2351.16 eV    |
+------------------------------------------------------------------------------+
+------------------------------------------------------------------------------+
| MD step =  3020  time =  3020 fs  E_kin =  20.8564 eV  E_pot = -2351.31 eV   |
+------------------------------------------------------------------------------+
+------------------------------------------------------------------------------+
| MD step =  3040  time =  3040 fs  E_kin =  19.1197 eV  E_pot = -2349.68 eV   |
+------------------------------------------------------------------------------+
+------------------------------------------------------------------------------+
| MD step =  3060  time =  3060 fs  E_kin =  19.54 eV  E_pot = -2350.16 eV     |
+------------------------------------------------------------------------------+
+------------------------------------------------------------------------------+
| MD step =  3080  time =  3080 fs  E_kin =  18.9317 eV  E_pot = -2349.57 eV   |
+------------------------------------------------------------------------------+
+------------------------------------------------------------------------------+
| MD step =  3100  time =  3100 fs  E_kin =  19.315 eV  E_pot = -2349.89 eV    |
+------------------------------------------------------------------------------+
+------------------------------------------------------------------------------+
| MD step =  3120  time =  3120 fs  E_kin =  19.8005 eV  E_pot = -2350.29 eV   |
+------------------------------------------------------------------------------+
+------------------------------------------------------------------------------+
| MD step =  3140  time =  3140 fs  E_kin =  19.745 eV  E_pot = -2350.13 eV    |
+------------------------------------------------------------------------------+
+------------------------------------------------------------------------------+
| MD step =  3160  time =  3160 fs  E_kin =  20.6249 eV  E_pot = -2350.91 eV   |
+------------------------------------------------------------------------------+
+------------------------------------------------------------------------------+
| MD step =  3180  time =  3180 fs  E_kin =  20.9622 eV  E_pot = -2351.21 eV   |
+------------------------------------------------------------------------------+
+------------------------------------------------------------------------------+
| MD step =  3200  time =  3200 fs  E_kin =  19.5791 eV  E_pot = -2349.88 eV   |
+------------------------------------------------------------------------------+
+------------------------------------------------------------------------------+
| MD step =  3220  time =  3220 fs  E_kin =  20.3392 eV  E_pot = -2350.7 eV    |
+------------------------------------------------------------------------------+
+------------------------------------------------------------------------------+
| MD step =  3240  time =  3240 fs  E_kin =  18.5357 eV  E_pot = -2348.97 eV   |
+------------------------------------------------------------------------------+
+------------------------------------------------------------------------------+
| MD step =  3260  time =  3260 fs  E_kin =  20.3796 eV  E_pot = -2350.82 eV   |
+------------------------------------------------------------------------------+
+------------------------------------------------------------------------------+
| MD step =  3280  time =  3280 fs  E_kin =  19.964 eV  E_pot = -2350.41 eV    |
+------------------------------------------------------------------------------+
+------------------------------------------------------------------------------+
| MD step =  3300  time =  3300 fs  E_kin =  19.8666 eV  E_pot = -2350.32 eV   |
+------------------------------------------------------------------------------+
+------------------------------------------------------------------------------+
| MD step =  3320  time =  3320 fs  E_kin =  20.8266 eV  E_pot = -2351.31 eV   |
+------------------------------------------------------------------------------+
+------------------------------------------------------------------------------+
| MD step =  3340  time =  3340 fs  E_kin =  20.0481 eV  E_pot = -2350.67 eV   |
+------------------------------------------------------------------------------+
+------------------------------------------------------------------------------+
| MD step =  3360  time =  3360 fs  E_kin =  19.6242 eV  E_pot = -2350.46 eV   |
+------------------------------------------------------------------------------+
+------------------------------------------------------------------------------+
| MD step =  3380  time =  3380 fs  E_kin =  19.4168 eV  E_pot = -2350.54 eV   |
+------------------------------------------------------------------------------+
+------------------------------------------------------------------------------+
| MD step =  3400  time =  3400 fs  E_kin =  18.6642 eV  E_pot = -2350.07 eV   |
+------------------------------------------------------------------------------+
+------------------------------------------------------------------------------+
| MD step =  3420  time =  3420 fs  E_kin =  18.2895 eV  E_pot = -2349.92 eV   |
+------------------------------------------------------------------------------+
+------------------------------------------------------------------------------+
| MD step =  3440  time =  3440 fs  E_kin =  18.8003 eV  E_pot = -2350.55 eV   |
+------------------------------------------------------------------------------+
+------------------------------------------------------------------------------+
| MD step =  3460  time =  3460 fs  E_kin =  18.4028 eV  E_pot = -2350.2 eV    |
+------------------------------------------------------------------------------+
+------------------------------------------------------------------------------+
| MD step =  3480  time =  3480 fs  E_kin =  19.3287 eV  E_pot = -2351.08 eV   |
+------------------------------------------------------------------------------+
+------------------------------------------------------------------------------+
| MD step =  3500  time =  3500 fs  E_kin =  19.3122 eV  E_pot = -2350.94 eV   |
+------------------------------------------------------------------------------+
+------------------------------------------------------------------------------+
| MD step =  3520  time =  3520 fs  E_kin =  19.6534 eV  E_pot = -2351.12 eV   |
+------------------------------------------------------------------------------+
+------------------------------------------------------------------------------+
| MD step =  3540  time =  3540 fs  E_kin =  20.2623 eV  E_pot = -2351.53 eV   |
+------------------------------------------------------------------------------+
+------------------------------------------------------------------------------+
| MD step =  3560  time =  3560 fs  E_kin =  20.2038 eV  E_pot = -2351.25 eV   |
+------------------------------------------------------------------------------+
+------------------------------------------------------------------------------+
| MD step =  3580  time =  3580 fs  E_kin =  20.1838 eV  E_pot = -2351.03 eV   |
+------------------------------------------------------------------------------+
+------------------------------------------------------------------------------+
| MD step =  3600  time =  3600 fs  E_kin =  19.6527 eV  E_pot = -2350.29 eV   |
+------------------------------------------------------------------------------+
+------------------------------------------------------------------------------+
| MD step =  3620  time =  3620 fs  E_kin =  19.4843 eV  E_pot = -2349.88 eV   |
+------------------------------------------------------------------------------+
+------------------------------------------------------------------------------+
| MD step =  3640  time =  3640 fs  E_kin =  20.0198 eV  E_pot = -2350.15 eV   |
+------------------------------------------------------------------------------+
+------------------------------------------------------------------------------+
| MD step =  3660  time =  3660 fs  E_kin =  19.2961 eV  E_pot = -2349.13 eV   |
+------------------------------------------------------------------------------+
+------------------------------------------------------------------------------+
| MD step =  3680  time =  3680 fs  E_kin =  20.3866 eV  E_pot = -2349.91 eV   |
+------------------------------------------------------------------------------+
+------------------------------------------------------------------------------+
| MD step =  3700  time =  3700 fs  E_kin =  20.0953 eV  E_pot = -2349.34 eV   |
+------------------------------------------------------------------------------+
+------------------------------------------------------------------------------+
| MD step =  3720  time =  3720 fs  E_kin =  21.0357 eV  E_pot = -2350.07 eV   |
+------------------------------------------------------------------------------+
+------------------------------------------------------------------------------+
| MD step =  3740  time =  3740 fs  E_kin =  21.0709 eV  E_pot = -2350 eV      |
+------------------------------------------------------------------------------+
+------------------------------------------------------------------------------+
| MD step =  3760  time =  3760 fs  E_kin =  20.9688 eV  E_pot = -2349.9 eV    |
+------------------------------------------------------------------------------+
+------------------------------------------------------------------------------+
| MD step =  3780  time =  3780 fs  E_kin =  21.0342 eV  E_pot = -2350.06 eV   |
+------------------------------------------------------------------------------+
+------------------------------------------------------------------------------+
| MD step =  3800  time =  3800 fs  E_kin =  19.7919 eV  E_pot = -2348.97 eV   |
+------------------------------------------------------------------------------+
+------------------------------------------------------------------------------+
| MD step =  3820  time =  3820 fs  E_kin =  20.0166 eV  E_pot = -2349.33 eV   |
+------------------------------------------------------------------------------+
+------------------------------------------------------------------------------+
| MD step =  3840  time =  3840 fs  E_kin =  19.9715 eV  E_pot = -2349.41 eV   |
+------------------------------------------------------------------------------+
+------------------------------------------------------------------------------+
| MD step =  3860  time =  3860 fs  E_kin =  19.5382 eV  E_pot = -2349.08 eV   |
+------------------------------------------------------------------------------+
+------------------------------------------------------------------------------+
| MD step =  3880  time =  3880 fs  E_kin =  21.0509 eV  E_pot = -2350.68 eV   |
+------------------------------------------------------------------------------+
+------------------------------------------------------------------------------+
| MD step =  3900  time =  3900 fs  E_kin =  19.915 eV  E_pot = -2349.68 eV    |
+------------------------------------------------------------------------------+
+------------------------------------------------------------------------------+
| MD step =  3920  time =  3920 fs  E_kin =  20.6 eV  E_pot = -2350.48 eV      |
+------------------------------------------------------------------------------+
+------------------------------------------------------------------------------+
| MD step =  3940  time =  3940 fs  E_kin =  19.9482 eV  E_pot = -2349.93 eV   |
+------------------------------------------------------------------------------+
+------------------------------------------------------------------------------+
| MD step =  3960  time =  3960 fs  E_kin =  19.3638 eV  E_pot = -2349.41 eV   |
+------------------------------------------------------------------------------+
+------------------------------------------------------------------------------+
| MD step =  3980  time =  3980 fs  E_kin =  19.6623 eV  E_pot = -2349.74 eV   |
+------------------------------------------------------------------------------+
+------------------------------------------------------------------------------+
| MD step =  4000  time =  4000 fs  E_kin =  20.3544 eV  E_pot = -2350.44 eV   |
+------------------------------------------------------------------------------+
+------------------------------------------------------------------------------+
| MD step =  4020  time =  4020 fs  E_kin =  19.512 eV  E_pot = -2349.63 eV    |
+------------------------------------------------------------------------------+
+------------------------------------------------------------------------------+
| MD step =  4040  time =  4040 fs  E_kin =  21.0355 eV  E_pot = -2351.19 eV   |
+------------------------------------------------------------------------------+
+------------------------------------------------------------------------------+
| MD step =  4060  time =  4060 fs  E_kin =  19.2661 eV  E_pot = -2349.49 eV   |
+------------------------------------------------------------------------------+
+------------------------------------------------------------------------------+
| MD step =  4080  time =  4080 fs  E_kin =  19.9825 eV  E_pot = -2350.28 eV   |
+------------------------------------------------------------------------------+
+------------------------------------------------------------------------------+
| MD step =  4100  time =  4100 fs  E_kin =  20.0474 eV  E_pot = -2350.43 eV   |
+------------------------------------------------------------------------------+
+------------------------------------------------------------------------------+
| MD step =  4120  time =  4120 fs  E_kin =  19.2126 eV  E_pot = -2349.67 eV   |
+------------------------------------------------------------------------------+
+------------------------------------------------------------------------------+
| MD step =  4140  time =  4140 fs  E_kin =  19.93 eV  E_pot = -2350.45 eV     |
+------------------------------------------------------------------------------+
+------------------------------------------------------------------------------+
| MD step =  4160  time =  4160 fs  E_kin =  19.4831 eV  E_pot = -2350.05 eV   |
+------------------------------------------------------------------------------+
+------------------------------------------------------------------------------+
| MD step =  4180  time =  4180 fs  E_kin =  19.3405 eV  E_pot = -2349.94 eV   |
+------------------------------------------------------------------------------+
+------------------------------------------------------------------------------+
| MD step =  4200  time =  4200 fs  E_kin =  20.2294 eV  E_pot = -2350.83 eV   |
+------------------------------------------------------------------------------+
+------------------------------------------------------------------------------+
| MD step =  4220  time =  4220 fs  E_kin =  19.7807 eV  E_pot = -2350.4 eV    |
+------------------------------------------------------------------------------+
+------------------------------------------------------------------------------+
| MD step =  4240  time =  4240 fs  E_kin =  20.4944 eV  E_pot = -2351.17 eV   |
+------------------------------------------------------------------------------+
+------------------------------------------------------------------------------+
| MD step =  4260  time =  4260 fs  E_kin =  19.5888 eV  E_pot = -2350.38 eV   |
+------------------------------------------------------------------------------+
+------------------------------------------------------------------------------+
| MD step =  4280  time =  4280 fs  E_kin =  20.595 eV  E_pot = -2351.57 eV    |
+------------------------------------------------------------------------------+
+------------------------------------------------------------------------------+
| MD step =  4300  time =  4300 fs  E_kin =  20.1493 eV  E_pot = -2351.4 eV    |
+------------------------------------------------------------------------------+
+------------------------------------------------------------------------------+
| MD step =  4320  time =  4320 fs  E_kin =  18.9513 eV  E_pot = -2350.53 eV   |
+------------------------------------------------------------------------------+
+------------------------------------------------------------------------------+
| MD step =  4340  time =  4340 fs  E_kin =  18.8201 eV  E_pot = -2350.69 eV   |
+------------------------------------------------------------------------------+
+------------------------------------------------------------------------------+
| MD step =  4360  time =  4360 fs  E_kin =  19.1429 eV  E_pot = -2351.24 eV   |
+------------------------------------------------------------------------------+
+------------------------------------------------------------------------------+
| MD step =  4380  time =  4380 fs  E_kin =  18.4897 eV  E_pot = -2350.75 eV   |
+------------------------------------------------------------------------------+
+------------------------------------------------------------------------------+
| MD step =  4400  time =  4400 fs  E_kin =  18.8363 eV  E_pot = -2351.17 eV   |
+------------------------------------------------------------------------------+
+------------------------------------------------------------------------------+
| MD step =  4420  time =  4420 fs  E_kin =  19.1691 eV  E_pot = -2351.49 eV   |
+------------------------------------------------------------------------------+
+------------------------------------------------------------------------------+
| MD step =  4440  time =  4440 fs  E_kin =  18.8593 eV  E_pot = -2351.12 eV   |
+------------------------------------------------------------------------------+
+------------------------------------------------------------------------------+
| MD step =  4460  time =  4460 fs  E_kin =  18.9222 eV  E_pot = -2351.04 eV   |
+------------------------------------------------------------------------------+
+------------------------------------------------------------------------------+
| MD step =  4480  time =  4480 fs  E_kin =  18.2302 eV  E_pot = -2350.1 eV    |
+------------------------------------------------------------------------------+
+------------------------------------------------------------------------------+
| MD step =  4500  time =  4500 fs  E_kin =  19.7377 eV  E_pot = -2351.23 eV   |
+------------------------------------------------------------------------------+
+------------------------------------------------------------------------------+
| MD step =  4520  time =  4520 fs  E_kin =  18.2628 eV  E_pot = -2349.34 eV   |
+------------------------------------------------------------------------------+
+------------------------------------------------------------------------------+
| MD step =  4540  time =  4540 fs  E_kin =  19.9382 eV  E_pot = -2350.58 eV   |
+------------------------------------------------------------------------------+
+------------------------------------------------------------------------------+
| MD step =  4560  time =  4560 fs  E_kin =  19.9412 eV  E_pot = -2350.24 eV   |
+------------------------------------------------------------------------------+
+------------------------------------------------------------------------------+
| MD step =  4580  time =  4580 fs  E_kin =  20.7782 eV  E_pot = -2350.86 eV   |
+------------------------------------------------------------------------------+
+------------------------------------------------------------------------------+
| MD step =  4600  time =  4600 fs  E_kin =  20.701 eV  E_pot = -2350.7 eV     |
+------------------------------------------------------------------------------+
+------------------------------------------------------------------------------+
| MD step =  4620  time =  4620 fs  E_kin =  20.4477 eV  E_pot = -2350.44 eV   |
+------------------------------------------------------------------------------+
+------------------------------------------------------------------------------+
| MD step =  4640  time =  4640 fs  E_kin =  19.7879 eV  E_pot = -2349.82 eV   |
+------------------------------------------------------------------------------+
+------------------------------------------------------------------------------+
| MD step =  4660  time =  4660 fs  E_kin =  20.5131 eV  E_pot = -2350.59 eV   |
+------------------------------------------------------------------------------+
+------------------------------------------------------------------------------+
| MD step =  4680  time =  4680 fs  E_kin =  19.2795 eV  E_pot = -2349.42 eV   |
+------------------------------------------------------------------------------+
+------------------------------------------------------------------------------+
| MD step =  4700  time =  4700 fs  E_kin =  20.2386 eV  E_pot = -2350.42 eV   |
+------------------------------------------------------------------------------+
+------------------------------------------------------------------------------+
| MD step =  4720  time =  4720 fs  E_kin =  20.3335 eV  E_pot = -2350.58 eV   |
+------------------------------------------------------------------------------+
+------------------------------------------------------------------------------+
| MD step =  4740  time =  4740 fs  E_kin =  19.4306 eV  E_pot = -2349.78 eV   |
+------------------------------------------------------------------------------+
+------------------------------------------------------------------------------+
| MD step =  4760  time =  4760 fs  E_kin =  19.2057 eV  E_pot = -2349.64 eV   |
+------------------------------------------------------------------------------+
+------------------------------------------------------------------------------+
| MD step =  4780  time =  4780 fs  E_kin =  19.5818 eV  E_pot = -2350.05 eV   |
+------------------------------------------------------------------------------+
+------------------------------------------------------------------------------+
| MD step =  4800  time =  4800 fs  E_kin =  18.5167 eV  E_pot = -2348.98 eV   |
+------------------------------------------------------------------------------+
+------------------------------------------------------------------------------+
| MD step =  4820  time =  4820 fs  E_kin =  20.3019 eV  E_pot = -2350.7 eV    |
+------------------------------------------------------------------------------+
+------------------------------------------------------------------------------+
| MD step =  4840  time =  4840 fs  E_kin =  19.8245 eV  E_pot = -2350.14 eV   |
+------------------------------------------------------------------------------+
+------------------------------------------------------------------------------+
| MD step =  4860  time =  4860 fs  E_kin =  21.0856 eV  E_pot = -2351.31 eV   |
+------------------------------------------------------------------------------+
+------------------------------------------------------------------------------+
| MD step =  4880  time =  4880 fs  E_kin =  21.8543 eV  E_pot = -2352.08 eV   |
+------------------------------------------------------------------------------+
+------------------------------------------------------------------------------+
| MD step =  4900  time =  4900 fs  E_kin =  20.1764 eV  E_pot = -2350.56 eV   |
+------------------------------------------------------------------------------+
+------------------------------------------------------------------------------+
| MD step =  4920  time =  4920 fs  E_kin =  20.728 eV  E_pot = -2351.38 eV    |
+------------------------------------------------------------------------------+
+------------------------------------------------------------------------------+
| MD step =  4940  time =  4940 fs  E_kin =  19.2694 eV  E_pot = -2350.28 eV   |
+------------------------------------------------------------------------------+
+------------------------------------------------------------------------------+
| MD step =  4960  time =  4960 fs  E_kin =  18.3135 eV  E_pot = -2349.68 eV   |
+------------------------------------------------------------------------------+
+------------------------------------------------------------------------------+
| MD step =  4980  time =  4980 fs  E_kin =  18.596 eV  E_pot = -2350.21 eV    |
+------------------------------------------------------------------------------+
+------------------------------------------------------------------------------+
| MD step =  5000  time =  5000 fs  E_kin =  18.189 eV  E_pot = -2349.94 eV    |
+------------------------------------------------------------------------------+

Timing:                          Total     Per Step        %

--------------------------------------------------------------------------------

File IO, MD             :      12.12 s       0.05 s      38.35% |=============|
Loading Modules + MPI   :       3.16 s       3.16 s       9.99% |===|
--------------------------------------------------------------------------------
Total                   :      31.60 s
