+------------------------------------------------------------------------------+
|                                                                              |
| Atomistix ToolKit 2017.1 [Build ce08f12339]                                  |
|                                                                              |
+------------------------------------------------------------------------------+
+----------------------------------------------------------+
| Bulk Bravais lattice                                     |
+----------------------------------------------------------+
Type:
Hexagonal

Lattice constants:
a =     3.093717 Ang
b =     3.093717 Ang
c =    25.010365 Ang

Lattice angles:
alpha =    90.000000 deg
beta  =    90.000000 deg
gamma =   120.000000 deg

Primitive vectors:
u_1 =      1.546858     -2.679237      0.000000 Ang
u_2 =      1.546858      2.679237      0.000000 Ang
u_3 =      0.000000      0.000000     25.010365 Ang

+----------------------------------------------------------+
| Bulk: Cartesian (Angstrom) / fractional                  |
+----------------------------------------------------------+
3
Bulk
Mo    1.546858e+00  8.930791e-01  1.250518e+01    0.33333  0.66667  0.50000
S     1.546858e+00 -8.930791e-01  1.091411e+01    0.66667  0.33333  0.43638
S     1.546858e+00 -8.930791e-01  1.409625e+01    0.66667  0.33333  0.56362
+------------------------------------------------------------------------------+
| DynamicalMatrix Calculation                                                  |
+------------------------------------------------------------------------------+
| Total number of displacements: 9                                             |
| Total number of processes: 1                                                 |
| Processes per displacement: 1                                                |
| Total number of groups: 1                                                    |
| DynamicalMatrix multi-level parallelism disabled.                            |
|                                                                              |
| SCF output for each displacement is logged to a separate file,               |
| with a file name format of                                                   |
| "displacement_%d.log".                                                       |
|                                                                              |
+------------------------------------------------------------------------------+
+------------------------------------------------------------------------------+
| Phonon: Calculating forces for displacement 1 / 9.                           |
+------------------------------------------------------------------------------+
+------------------------------------------------------------------------------+
| Phonon: Calculating forces for displacement 2 / 9.                           |
+------------------------------------------------------------------------------+
+------------------------------------------------------------------------------+
| Phonon: Calculating forces for displacement 3 / 9.                           |
+------------------------------------------------------------------------------+
+------------------------------------------------------------------------------+
| Phonon: Calculating forces for displacement 4 / 9.                           |
+------------------------------------------------------------------------------+
+------------------------------------------------------------------------------+
| Phonon: Calculating forces for displacement 5 / 9.                           |
+------------------------------------------------------------------------------+
+------------------------------------------------------------------------------+
| Phonon: Calculating forces for displacement 6 / 9.                           |
+------------------------------------------------------------------------------+
+------------------------------------------------------------------------------+
| Phonon: Calculating forces for displacement 7 / 9.                           |
+------------------------------------------------------------------------------+
+------------------------------------------------------------------------------+
| Phonon: Calculating forces for displacement 8 / 9.                           |
+------------------------------------------------------------------------------+
+------------------------------------------------------------------------------+
| Phonon: Calculating forces for displacement 9 / 9.                           |
+------------------------------------------------------------------------------+

                                    |--------------------------------------------------|
Calculating PhononDensityOfStates  : ==================================================

                            |--------------------------------------------------|
Tetrahedron Spectrum       : ==================================================
+------------------------------------------------------------------------------+
| Phonon Density of States Report                                              |
| ---------------------------------------------------------------------------- |
| energy (meV)    DOS (1/meV)                                                  |
|  -0.000042       0.000000                                                    |
|   0.059387       0.016922                                                    |
|   0.118815       0.016211                                                    |
|   0.178244       0.016386                                                    |
|   0.237672       0.016894                                                    |
|   0.297100       0.016746                                                    |
|   0.356529       0.017101                                                    |
|   0.415957       0.017831                                                    |
|   0.475386       0.017425                                                    |
|   0.534814       0.017825                                                    |
|   0.594242       0.018711                                                    |
|   0.653671       0.018551                                                    |
|   0.713099       0.018732                                                    |
|   0.772528       0.019121                                                    |
|   0.831956       0.019319                                                    |
|   0.891384       0.019326                                                    |
|   0.950813       0.019558                                                    |
|   1.010241       0.019902                                                    |
|   1.069670       0.020581                                                    |
|   1.129098       0.020600                                                    |
|   1.188526       0.020847                                                    |
|   1.247955       0.021107                                                    |
|   1.307383       0.021410                                                    |
|   1.366812       0.021512                                                    |
|   1.426240       0.021633                                                    |
|   1.485668       0.021845                                                    |
|   1.545097       0.022252                                                    |
|   1.604525       0.022558                                                    |
|   1.663954       0.022714                                                    |
|   1.723382       0.022900                                                    |
|   1.782810       0.023121                                                    |
|   1.842239       0.023388                                                    |
|   1.901667       0.023684                                                    |
|   1.961096       0.023980                                                    |
|   2.020524       0.024119                                                    |
|   2.079952       0.024476                                                    |
|   2.139381       0.024721                                                    |
|   2.198809       0.024977                                                    |
|   2.258238       0.025249                                                    |
|   2.317666       0.025462                                                    |
|   2.377094       0.025596                                                    |
|   2.436523       0.025802                                                    |
|   2.495951       0.026018                                                    |
|   2.555380       0.026366                                                    |
|   2.614808       0.026664                                                    |
|   2.674236       0.026946                                                    |
|   2.733665       0.027159                                                    |
|   2.793093       0.027383                                                    |
|   2.852522       0.027630                                                    |
|   2.911950       0.027873                                                    |
|   2.971378       0.028120                                                    |
|   3.030807       0.028432                                                    |
|   3.090235       0.028693                                                    |
|   3.149664       0.028926                                                    |
|   3.209092       0.029174                                                    |
|   3.268520       0.029403                                                    |
|   3.327949       0.029641                                                    |
|   3.387377       0.029881                                                    |
|   3.446806       0.030125                                                    |
|   3.506234       0.030297                                                    |
|   3.565662       0.030611                                                    |
|   3.625091       0.030922                                                    |
|   3.684519       0.031217                                                    |
|   3.743948       0.031496                                                    |
|   3.803376       0.031748                                                    |
|   3.862804       0.031995                                                    |
|   3.922233       0.032204                                                    |
|   3.981661       0.032430                                                    |
|   4.041090       0.032740                                                    |
|   4.100518       0.033018                                                    |
|   4.159946       0.033287                                                    |
|   4.219375       0.033536                                                    |
|   4.278803       0.033787                                                    |
|   4.338232       0.034017                                                    |
|   4.397660       0.034241                                                    |
|   4.457088       0.034470                                                    |
|   4.516517       0.034765                                                    |
|   4.575945       0.035124                                                    |
|   4.635374       0.035409                                                    |
|   4.694802       0.035693                                                    |
|   4.754230       0.035954                                                    |
|   4.813659       0.036195                                                    |
|   4.873087       0.036444                                                    |
|   4.932516       0.036687                                                    |
|   4.991944       0.036929                                                    |
|   5.051372       0.037241                                                    |
|   5.110801       0.037529                                                    |
|   5.170229       0.037794                                                    |
|   5.229658       0.038054                                                    |
|   5.289086       0.038307                                                    |
|   5.348514       0.038569                                                    |
|   5.407943       0.038870                                                    |
|   5.467371       0.039146                                                    |
|   5.526800       0.039434                                                    |
|   5.586228       0.039745                                                    |
|   5.645656       0.040034                                                    |
|   5.705085       0.040320                                                    |
|   5.764513       0.040593                                                    |
|   5.823942       0.040856                                                    |
|   5.883370       0.041115                                                    |
|   5.942798       0.041372                                                    |
|   6.002227       0.041627                                                    |
|   6.061655       0.041939                                                    |
|   6.121084       0.042226                                                    |
|   6.180512       0.042520                                                    |
|   6.239940       0.042842                                                    |
|   6.299369       0.043138                                                    |
|   6.358797       0.043429                                                    |
|   6.418226       0.043709                                                    |
|   6.477654       0.043977                                                    |
|   6.537082       0.044276                                                    |
|   6.596511       0.044583                                                    |
|   6.655939       0.044898                                                    |
|   6.715368       0.045203                                                    |
|   6.774796       0.045488                                                    |
|   6.834224       0.045765                                                    |
|   6.893653       0.046038                                                    |
|   6.953081       0.046306                                                    |
|   7.012510       0.046573                                                    |
|   7.071938       0.046895                                                    |
|   7.131366       0.047262                                                    |
|   7.190795       0.047608                                                    |
|   7.250223       0.047923                                                    |
|   7.309652       0.048226                                                    |
|   7.369080       0.048523                                                    |
|   7.428508       0.048808                                                    |
|   7.487937       0.049088                                                    |
|   7.547365       0.049396                                                    |
|   7.606794       0.049722                                                    |
|   7.666222       0.050075                                                    |
|   7.725650       0.050390                                                    |
|   7.785079       0.050693                                                    |
|   7.844507       0.050988                                                    |
|   7.903936       0.051278                                                    |
|   7.963364       0.051602                                                    |
|   8.022792       0.051915                                                    |
|   8.082221       0.052274                                                    |
|   8.141649       0.052663                                                    |
|   8.201078       0.053007                                                    |
|   8.260506       0.053332                                                    |
|   8.319934       0.053653                                                    |
|   8.379363       0.053962                                                    |
|   8.438791       0.054265                                                    |
|   8.498220       0.054562                                                    |
|   8.557648       0.054887                                                    |
|   8.617076       0.055278                                                    |
|   8.676505       0.055635                                                    |
|   8.735933       0.055973                                                    |
|   8.795362       0.056301                                                    |
|   8.854790       0.056683                                                    |
|   8.914218       0.057014                                                    |
|   8.973647       0.057343                                                    |
|   9.033075       0.057665                                                    |
|   9.092504       0.058077                                                    |
|   9.151932       0.058474                                                    |
|   9.211360       0.058838                                                    |
|   9.270789       0.059188                                                    |
|   9.330217       0.059529                                                    |
|   9.389646       0.059861                                                    |
|   9.449074       0.060186                                                    |
|   9.508502       0.060507                                                    |
|   9.567931       0.060887                                                    |
|   9.627359       0.061323                                                    |
|   9.686788       0.061758                                                    |
|   9.746216       0.062155                                                    |
|   9.805644       0.062529                                                    |
|   9.865073       0.062887                                                    |
|   9.924501       0.063242                                                    |
|   9.983930       0.063591                                                    |
|  10.043358       0.063930                                                    |
|  10.102786       0.064440                                                    |
|  10.162215       0.064855                                                    |
|  10.221643       0.065246                                                    |
|  10.281072       0.065626                                                    |
|  10.340500       0.065994                                                    |
|  10.399928       0.066354                                                    |
|  10.459357       0.066709                                                    |
|  10.518785       0.067124                                                    |
|  10.578214       0.067670                                                    |
|  10.637642       0.068132                                                    |
|  10.697070       0.068564                                                    |
|  10.756499       0.068972                                                    |
|  10.815927       0.069369                                                    |
|  10.875356       0.069761                                                    |
|  10.934784       0.070145                                                    |
|  10.994212       0.070518                                                    |
|  11.053641       0.071072                                                    |
|  11.113069       0.071550                                                    |
|  11.172498       0.071991                                                    |
|  11.231926       0.072417                                                    |
|  11.291354       0.072830                                                    |
|  11.350783       0.073297                                                    |
|  11.410211       0.073728                                                    |
|  11.469640       0.074154                                                    |
|  11.529068       0.074763                                                    |
|  11.588496       0.075280                                                    |
|  11.647925       0.075755                                                    |
|  11.707353       0.076214                                                    |
|  11.766782       0.076655                                                    |
|  11.826210       0.077094                                                    |
|  11.885638       0.077518                                                    |
|  11.945067       0.078028                                                    |
|  12.004495       0.078627                                                    |
|  12.063924       0.079158                                                    |
|  12.123352       0.079688                                                    |
|  12.182780       0.080216                                                    |
|  12.242209       0.080708                                                    |
|  12.301637       0.081182                                                    |
|  12.361066       0.081646                                                    |
|  12.420494       0.082269                                                    |
|  12.479922       0.082928                                                    |
|  12.539351       0.083492                                                    |
|  12.598779       0.084013                                                    |
|  12.658208       0.084520                                                    |
|  12.717636       0.085021                                                    |
|  12.777064       0.085509                                                    |
|  12.836493       0.086090                                                    |
|  12.895921       0.086793                                                    |
|  12.955350       0.087510                                                    |
|  13.014778       0.088129                                                    |
|  13.074206       0.088686                                                    |
|  13.133635       0.089243                                                    |
|  13.193063       0.089780                                                    |
|  13.252492       0.090311                                                    |
|  13.311920       0.091122                                                    |
|  13.371348       0.091882                                                    |
|  13.430777       0.092532                                                    |
|  13.490205       0.093142                                                    |
|  13.549634       0.093705                                                    |
|  13.609062       0.094282                                                    |
|  13.668490       0.094841                                                    |
|  13.727919       0.095803                                                    |
|  13.787347       0.096651                                                    |
|  13.846776       0.097390                                                    |
|  13.906204       0.098070                                                    |
|  13.965633       0.098721                                                    |
|  14.025061       0.099342                                                    |
|  14.084489       0.100007                                                    |
|  14.143918       0.101032                                                    |
|  14.203346       0.101887                                                    |
|  14.262775       0.102650                                                    |
|  14.322203       0.103374                                                    |
|  14.381631       0.104073                                                    |
|  14.441060       0.104749                                                    |
|  14.500488       0.105722                                                    |
|  14.559917       0.106846                                                    |
|  14.619345       0.107738                                                    |
|  14.678773       0.108578                                                    |
|  14.738202       0.109381                                                    |
|  14.797630       0.110145                                                    |
|  14.857059       0.110972                                                    |
|  14.916487       0.112304                                                    |
|  14.975915       0.113302                                                    |
|  15.035344       0.114200                                                    |
|  15.094772       0.115084                                                    |
|  15.154201       0.115933                                                    |
|  15.213629       0.116781                                                    |
|  15.273057       0.118408                                                    |
|  15.332486       0.119575                                                    |
|  15.391914       0.120629                                                    |
|  15.451343       0.121620                                                    |
|  15.510771       0.122556                                                    |
|  15.570199       0.123794                                                    |
|  15.629628       0.125352                                                    |
|  15.689056       0.126593                                                    |
|  15.748485       0.127751                                                    |
|  15.807913       0.128836                                                    |
|  15.867341       0.129898                                                    |
|  15.926770       0.131738                                                    |
|  15.986198       0.133278                                                    |
|  16.045627       0.134671                                                    |
|  16.105055       0.135955                                                    |
|  16.164483       0.137199                                                    |
|  16.223912       0.139157                                                    |
|  16.283340       0.140952                                                    |
|  16.342769       0.142514                                                    |
|  16.402197       0.143974                                                    |
|  16.461625       0.145551                                                    |
|  16.521054       0.147640                                                    |
|  16.580482       0.149803                                                    |
|  16.639911       0.151642                                                    |
|  16.699339       0.153276                                                    |
|  16.758767       0.155610                                                    |
|  16.818196       0.158145                                                    |
|  16.877624       0.159728                                                    |
|  16.937053       0.161385                                                    |
|  16.996481       0.164625                                                    |
|  17.055909       0.167369                                                    |
|  17.115338       0.170106                                                    |
|  17.174766       0.172581                                                    |
|  17.234195       0.175667                                                    |
|  17.293623       0.178375                                                    |
|  17.353051       0.182143                                                    |
|  17.412480       0.185003                                                    |
|  17.471908       0.188705                                                    |
|  17.531337       0.192750                                                    |
|  17.590765       0.196750                                                    |
|  17.650193       0.200504                                                    |
|  17.709622       0.204580                                                    |
|  17.769050       0.211726                                                    |
|  17.828479       0.216622                                                    |
|  17.887907       0.220921                                                    |
|  17.947335       0.229230                                                    |
|  18.006764       0.236811                                                    |
|  18.066192       0.245110                                                    |
|  18.125621       0.253170                                                    |
|  18.185049       0.266119                                                    |
|  18.244477       0.282294                                                    |
|  18.303906       0.309076                                                    |
|  18.363334       0.344867                                                    |
|  18.422763       0.306615                                                    |
|  18.482191       0.308646                                                    |
|  18.541619       0.307321                                                    |
|  18.601048       0.312200                                                    |
|  18.660476       0.323104                                                    |
|  18.719905       0.341793                                                    |
|  18.779333       0.363186                                                    |
|  18.838761       0.398685                                                    |
|  18.898190       0.475442                                                    |
|  18.957618       0.721755                                                    |
|  19.017047       0.357699                                                    |
|  19.076475       0.307836                                                    |
|  19.135903       0.281837                                                    |
|  19.195332       0.265680                                                    |
|  19.254760       0.253700                                                    |
|  19.314189       0.244650                                                    |
|  19.373617       0.233160                                                    |
|  19.433045       0.226695                                                    |
|  19.492474       0.219239                                                    |
|  19.551902       0.210850                                                    |
|  19.611331       0.201801                                                    |
|  19.670759       0.186068                                                    |
|  19.730187       0.217765                                                    |
|  19.789616       0.195173                                                    |
|  19.849044       0.192942                                                    |
|  19.908473       0.192225                                                    |
|  19.967901       0.187604                                                    |
|  20.027329       0.091582                                                    |
|  20.086758       0.090757                                                    |
|  20.146186       0.090377                                                    |
|  20.205615       0.089933                                                    |
|  20.265043       0.089432                                                    |
|  20.324471       0.088828                                                    |
|  20.383900       0.087959                                                    |
|  20.443328       0.087608                                                    |
|  20.502757       0.087199                                                    |
|  20.562185       0.086789                                                    |
|  20.621613       0.086513                                                    |
|  20.681042       0.086027                                                    |
|  20.740470       0.085472                                                    |
|  20.799899       0.085199                                                    |
|  20.859327       0.084892                                                    |
|  20.918755       0.084534                                                    |
|  20.978184       0.084170                                                    |
|  21.037612       0.083690                                                    |
|  21.097041       0.083217                                                    |
|  21.156469       0.083061                                                    |
|  21.215897       0.082917                                                    |
|  21.275326       0.082675                                                    |
|  21.334754       0.082372                                                    |
|  21.394183       0.082035                                                    |
|  21.453611       0.081630                                                    |
|  21.513039       0.081426                                                    |
|  21.572468       0.081208                                                    |
|  21.631896       0.080968                                                    |
|  21.691325       0.080701                                                    |
|  21.750753       0.080584                                                    |
|  21.810181       0.080270                                                    |
|  21.869610       0.080141                                                    |
|  21.929038       0.079998                                                    |
|  21.988467       0.079820                                                    |
|  22.047895       0.079616                                                    |
|  22.107323       0.079368                                                    |
|  22.166752       0.079098                                                    |
|  22.226180       0.078920                                                    |
|  22.285609       0.078934                                                    |
|  22.345037       0.078849                                                    |
|  22.404465       0.078732                                                    |
|  22.463894       0.078567                                                    |
|  22.523322       0.078374                                                    |
|  22.582751       0.078137                                                    |
|  22.642179       0.078008                                                    |
|  22.701607       0.077871                                                    |
|  22.761036       0.077928                                                    |
|  22.820464       0.077894                                                    |
|  22.879893       0.077772                                                    |
|  22.939321       0.077671                                                    |
|  22.998749       0.077534                                                    |
|  23.058178       0.077438                                                    |
|  23.117606       0.077329                                                    |
|  23.177035       0.077190                                                    |
|  23.236463       0.077217                                                    |
|  23.295891       0.077266                                                    |
|  23.355320       0.077223                                                    |
|  23.414748       0.077171                                                    |
|  23.474177       0.077105                                                    |
|  23.533605       0.077014                                                    |
|  23.593033       0.076876                                                    |
|  23.652462       0.076794                                                    |
|  23.711890       0.077004                                                    |
|  23.771319       0.077058                                                    |
|  23.830747       0.077039                                                    |
|  23.890175       0.076987                                                    |
|  23.949604       0.076906                                                    |
|  24.009032       0.076861                                                    |
|  24.068461       0.076811                                                    |
|  24.127889       0.077024                                                    |
|  24.187317       0.077114                                                    |
|  24.246746       0.077098                                                    |
|  24.306174       0.077103                                                    |
|  24.365603       0.077102                                                    |
|  24.425031       0.077078                                                    |
|  24.484459       0.077054                                                    |
|  24.543888       0.077320                                                    |
|  24.603316       0.077424                                                    |
|  24.662745       0.077478                                                    |
|  24.722173       0.077523                                                    |
|  24.781601       0.077509                                                    |
|  24.841030       0.077478                                                    |
|  24.900458       0.077674                                                    |
|  24.959887       0.077936                                                    |
|  25.019315       0.078048                                                    |
|  25.078743       0.078095                                                    |
|  25.138172       0.078084                                                    |
|  25.197600       0.078110                                                    |
|  25.257029       0.078300                                                    |
|  25.316457       0.078666                                                    |
|  25.375885       0.078789                                                    |
|  25.435314       0.078769                                                    |
|  25.494742       0.078869                                                    |
|  25.554171       0.078997                                                    |
|  25.613599       0.079381                                                    |
|  25.673027       0.079578                                                    |
|  25.732456       0.079672                                                    |
|  25.791884       0.079788                                                    |
|  25.851313       0.079869                                                    |
|  25.910741       0.080177                                                    |
|  25.970169       0.080481                                                    |
|  26.029598       0.080710                                                    |
|  26.089026       0.080837                                                    |
|  26.148455       0.080866                                                    |
|  26.207883       0.081251                                                    |
|  26.267311       0.081710                                                    |
|  26.326740       0.081886                                                    |
|  26.386168       0.081961                                                    |
|  26.445597       0.081837                                                    |
|  26.505025       0.082758                                                    |
|  26.564453       0.083039                                                    |
|  26.623882       0.083073                                                    |
|  26.683310       0.082977                                                    |
|  26.742739       0.083788                                                    |
|  26.802167       0.084275                                                    |
|  26.861595       0.084112                                                    |
|  26.921024       0.084159                                                    |
|  26.980452       0.085163                                                    |
|  27.039881       0.085519                                                    |
|  27.099309       0.085273                                                    |
|  27.158737       0.085897                                                    |
|  27.218166       0.086636                                                    |
|  27.277594       0.086529                                                    |
|  27.337023       0.086428                                                    |
|  27.396451       0.087781                                                    |
|  27.455879       0.086708                                                    |
|  27.515308       0.082852                                                    |
|  27.574736       0.085970                                                    |
|  27.634165       0.087766                                                    |
|  27.693593       0.090804                                                    |
|  27.753021       0.093339                                                    |
|  27.812450       0.097192                                                    |
|  27.871878       0.109133                                                    |
|  27.931307       0.114233                                                    |
|  27.990735       0.121611                                                    |
|  28.050163       0.129788                                                    |
|  28.109592       0.138761                                                    |
|  28.169020       0.151717                                                    |
|  28.228449       0.162495                                                    |
|  28.287877       0.178527                                                    |
|  28.347305       0.203111                                                    |
|  28.406734       0.242657                                                    |
|  28.466162       0.293816                                                    |
|  28.525591       0.233091                                                    |
|  28.585019       0.213628                                                    |
|  28.644447       0.200953                                                    |
|  28.703876       0.192502                                                    |
|  28.763304       0.186312                                                    |
|  28.822733       0.181340                                                    |
|  28.882161       0.177200                                                    |
|  28.941589       0.173683                                                    |
|  29.001018       0.170841                                                    |
|  29.060446       0.168366                                                    |
|  29.119875       0.165941                                                    |
|  29.179303       0.163787                                                    |
|  29.238732       0.162592                                                    |
|  29.298160       0.160478                                                    |
|  29.357588       0.158748                                                    |
|  29.417017       0.158347                                                    |
|  29.476445       0.156346                                                    |
|  29.535874       0.154872                                                    |
|  29.595302       0.154156                                                    |
|  29.654730       0.153160                                                    |
|  29.714159       0.151587                                                    |
|  29.773587       0.151250                                                    |
|  29.833016       0.150309                                                    |
|  29.892444       0.148989                                                    |
|  29.951872       0.149218                                                    |
|  30.011301       0.147902                                                    |
|  30.070729       0.146706                                                    |
|  30.130158       0.147439                                                    |
|  30.189586       0.145591                                                    |
|  30.249014       0.145295                                                    |
|  30.308443       0.144888                                                    |
|  30.367871       0.143696                                                    |
|  30.427300       0.144256                                                    |
|  30.486728       0.142654                                                    |
|  30.546156       0.143477                                                    |
|  30.605585       0.142011                                                    |
|  30.665013       0.141880                                                    |
|  30.724442       0.144233                                                    |
|  30.783870       0.140136                                                    |
|  30.843298       0.139695                                                    |
|  30.902727       0.139155                                                    |
|  30.962155       0.151114                                                    |
|  31.021584       0.000000                                                    |
|  31.081012       0.000000                                                    |
|  31.140440       0.000000                                                    |
|  31.199869       0.000000                                                    |
|  31.259297       0.000000                                                    |
|  31.318726       0.000000                                                    |
|  31.378154       0.000000                                                    |
|  31.437582       0.000000                                                    |
|  31.497011       0.000000                                                    |
|  31.556439       0.000000                                                    |
|  31.615868       0.000000                                                    |
|  31.675296       0.000000                                                    |
|  31.734724       0.000000                                                    |
|  31.794153       0.000000                                                    |
|  31.853581       0.000000                                                    |
|  31.913010       0.000000                                                    |
|  31.972438       0.000000                                                    |
|  32.031866       0.000000                                                    |
|  32.091295       0.000000                                                    |
|  32.150723       0.000000                                                    |
|  32.210152       0.000000                                                    |
|  32.269580       0.000000                                                    |
|  32.329008       0.000000                                                    |
|  32.388437       0.000000                                                    |
|  32.447865       0.000000                                                    |
|  32.507294       0.000000                                                    |
|  32.566722       0.000000                                                    |
|  32.626150       0.000000                                                    |
|  32.685579       0.000000                                                    |
|  32.745007       0.000000                                                    |
|  32.804436       0.000000                                                    |
|  32.863864       0.000000                                                    |
|  32.923292       0.000000                                                    |
|  32.982721       0.000000                                                    |
|  33.042149       0.000000                                                    |
|  33.101578       0.000000                                                    |
|  33.161006       0.000000                                                    |
|  33.220434       0.000000                                                    |
|  33.279863       0.000000                                                    |
|  33.339291       0.000000                                                    |
|  33.398720       0.000000                                                    |
|  33.458148       0.000000                                                    |
|  33.517576       0.000000                                                    |
|  33.577005       0.000000                                                    |
|  33.636433       0.000000                                                    |
|  33.695862       0.000000                                                    |
|  33.755290       0.000000                                                    |
|  33.814718       0.000000                                                    |
|  33.874147       0.000000                                                    |
|  33.933575       0.000000                                                    |
|  33.993004       0.000000                                                    |
|  34.052432       0.000000                                                    |
|  34.111860       0.000000                                                    |
|  34.171289       0.000000                                                    |
|  34.230717       0.000000                                                    |
|  34.290146       0.139079                                                    |
|  34.349574       0.140233                                                    |
|  34.409002       0.142432                                                    |
|  34.468431       0.145500                                                    |
|  34.527859       0.145185                                                    |
|  34.587288       0.147621                                                    |
|  34.646716       0.148461                                                    |
|  34.706144       0.150260                                                    |
|  34.765573       0.151154                                                    |
|  34.825001       0.152458                                                    |
|  34.884430       0.154101                                                    |
|  34.943858       0.155718                                                    |
|  35.003286       0.157826                                                    |
|  35.062715       0.158917                                                    |
|  35.122143       0.159705                                                    |
|  35.181572       0.162945                                                    |
|  35.241000       0.163740                                                    |
|  35.300428       0.164570                                                    |
|  35.359857       0.167834                                                    |
|  35.419285       0.168569                                                    |
|  35.478714       0.170138                                                    |
|  35.538142       0.172791                                                    |
|  35.597570       0.173557                                                    |
|  35.656999       0.177443                                                    |
|  35.716427       0.178049                                                    |
|  35.775856       0.182119                                                    |
|  35.835284       0.182718                                                    |
|  35.894712       0.185412                                                    |
|  35.954141       0.187901                                                    |
|  36.013569       0.190219                                                    |
|  36.072998       0.193232                                                    |
|  36.132426       0.195806                                                    |
|  36.191854       0.198235                                                    |
|  36.251283       0.201984                                                    |
|  36.310711       0.204368                                                    |
|  36.370140       0.208450                                                    |
|  36.429568       0.211530                                                    |
|  36.488996       0.216015                                                    |
|  36.548425       0.220247                                                    |
|  36.607853       0.224813                                                    |
|  36.667282       0.230174                                                    |
|  36.726710       0.235489                                                    |
|  36.786138       0.242340                                                    |
|  36.845567       0.249402                                                    |
|  36.904995       0.258036                                                    |
|  36.964424       0.268598                                                    |
|  37.023852       0.281549                                                    |
|  37.083280       0.299482                                                    |
|  37.142709       0.326695                                                    |
|  37.202137       0.387819                                                    |
|  37.261566       0.387279                                                    |
|  37.320994       0.318821                                                    |
|  37.380422       0.291368                                                    |
|  37.439851       0.270677                                                    |
|  37.499279       0.253114                                                    |
|  37.558708       0.244333                                                    |
|  37.618136       0.232518                                                    |
|  37.677564       0.225605                                                    |
|  37.736993       0.216756                                                    |
|  37.796421       0.211504                                                    |
|  37.855850       0.205505                                                    |
|  37.915278       0.200013                                                    |
|  37.974706       0.195582                                                    |
|  38.034135       0.190161                                                    |
|  38.093563       0.186998                                                    |
|  38.152992       0.183209                                                    |
|  38.212420       0.179069                                                    |
|  38.271848       0.176476                                                    |
|  38.331277       0.173435                                                    |
|  38.390705       0.170084                                                    |
|  38.450134       0.167894                                                    |
|  38.509562       0.165339                                                    |
|  38.568990       0.162491                                                    |
|  38.628419       0.160753                                                    |
|  38.687847       0.158698                                                    |
|  38.747276       0.156486                                                    |
|  38.806704       0.154646                                                    |
|  38.866132       0.152903                                                    |
|  38.925561       0.151269                                                    |
|  38.984989       0.149634                                                    |
|  39.044418       0.148210                                                    |
|  39.103846       0.146672                                                    |
|  39.163274       0.145178                                                    |
|  39.222703       0.144158                                                    |
|  39.282131       0.142904                                                    |
|  39.341560       0.141782                                                    |
|  39.400988       0.140642                                                    |
|  39.460416       0.139495                                                    |
|  39.519845       0.138773                                                    |
|  39.579273       0.137892                                                    |
|  39.638702       0.136957                                                    |
|  39.698130       0.136154                                                    |
|  39.757558       0.135387                                                    |
|  39.816987       0.134827                                                    |
|  39.876415       0.134210                                                    |
|  39.935844       0.133695                                                    |
|  39.995272       0.133059                                                    |
|  40.054700       0.132406                                                    |
|  40.114129       0.132287                                                    |
|  40.173557       0.131955                                                    |
|  40.232986       0.131434                                                    |
|  40.292414       0.131243                                                    |
|  40.351842       0.130856                                                    |
|  40.411271       0.130766                                                    |
|  40.470699       0.131219                                                    |
|  40.530128       0.130579                                                    |
|  40.589556       0.291487                                                    |
|  40.648984       0.233414                                                    |
|  40.708413       0.240192                                                    |
|  40.767841       0.244222                                                    |
|  40.827270       0.264191                                                    |
|  40.886698       0.092287                                                    |
|  40.946126       0.333311                                                    |
|  41.005555       0.263255                                                    |
|  41.064983       0.266370                                                    |
|  41.124412       0.273691                                                    |
|  41.183840       0.282496                                                    |
|  41.243268       0.285906                                                    |
|  41.302697       0.294089                                                    |
|  41.362125       0.296880                                                    |
|  41.421554       0.241189                                                    |
|  41.480982       0.251547                                                    |
|  41.540410       0.263185                                                    |
|  41.599839       0.274841                                                    |
|  41.659267       0.288075                                                    |
|  41.718696       0.302554                                                    |
|  41.778124       0.318088                                                    |
|  41.837552       0.334317                                                    |
|  41.896981       0.350829                                                    |
|  41.956409       0.371658                                                    |
|  42.015838       0.388673                                                    |
|  42.075266       0.407147                                                    |
|  42.134694       0.423904                                                    |
|  42.194123       0.457175                                                    |
|  42.253551       0.485228                                                    |
|  42.312980       0.388287                                                    |
|  42.372408       0.502044                                                    |
|  42.431836       0.510654                                                    |
|  42.491265       0.529428                                                    |
|  42.550693       0.559169                                                    |
|  42.610122       0.579131                                                    |
|  42.669550       0.623586                                                    |
|  42.728978       0.689777                                                    |
|  42.788407       0.923521                                                    |
|  42.847835       0.747817                                                    |
|  42.907264       0.629553                                                    |
|  42.966692       0.569592                                                    |
|  43.026120       0.528834                                                    |
|  43.085549       0.500720                                                    |
|  43.144977       0.479557                                                    |
|  43.204406       0.461922                                                    |
|  43.263834       0.448568                                                    |
|  43.323262       0.439728                                                    |
|  43.382691       0.432099                                                    |
|  43.442119       0.428032                                                    |
|  43.501548       0.428842                                                    |
|  43.560976       0.425279                                                    |
|  43.620404       0.432855                                                    |
|  43.679833       0.323058                                                    |
|  43.739261       0.343777                                                    |
|  43.798690       0.368401                                                    |
|  43.858118       0.409376                                                    |
|  43.917546       0.468343                                                    |
|  43.976975       0.597743                                                    |
|  44.036403       1.438498                                                    |
|  44.095832       0.931562                                                    |
|  44.155260       0.691823                                                    |
|  44.214688       0.568115                                                    |
|  44.274117       0.491337                                                    |
|  44.333545       0.443133                                                    |
|  44.392974       0.393410                                                    |
|  44.452402       0.359425                                                    |
|  44.511831       0.326503                                                    |
|  44.571259       0.296363                                                    |
|  44.630687       0.268305                                                    |
|  44.690116       0.242575                                                    |
|  44.749544       0.219109                                                    |
|  44.808973       0.198800                                                    |
|  44.868401       0.179209                                                    |
|  44.927829       0.166323                                                    |
|  44.987258       0.039392                                                    |
|  45.046686       0.037747                                                    |
|  45.106115       0.036509                                                    |
|  45.165543       0.034854                                                    |
|  45.224971       0.033639                                                    |
|  45.284400       0.032410                                                    |
|  45.343828       0.030684                                                    |
|  45.403257       0.029194                                                    |
|  45.462685       0.027431                                                    |
|  45.522113       0.002472                                                    |
|  45.581542       0.256024                                                    |
|  45.640970       0.257130                                                    |
|  45.700399       0.260358                                                    |
|  45.759827       0.260636                                                    |
|  45.819255       0.260503                                                    |
|  45.878684       0.265977                                                    |
|  45.938112       0.270490                                                    |
|  45.997541       0.266981                                                    |
|  46.056969       0.273009                                                    |
|  46.116397       0.276087                                                    |
|  46.175826       0.279693                                                    |
|  46.235254       0.284741                                                    |
|  46.294683       0.290454                                                    |
|  46.354111       0.296978                                                    |
|  46.413539       0.304456                                                    |
|  46.472968       0.311447                                                    |
|  46.532396       0.320734                                                    |
|  46.591825       0.333618                                                    |
|  46.651253       0.348781                                                    |
|  46.710681       0.368830                                                    |
|  46.770110       0.400628                                                    |
|  46.829538       0.461494                                                    |
|  46.888967       0.505292                                                    |
|  46.948395       0.405205                                                    |
|  47.007823       0.355667                                                    |
|  47.067252       0.323254                                                    |
|  47.126680       0.305571                                                    |
|  47.186109       0.285915                                                    |
|  47.245537       0.273305                                                    |
|  47.304965       0.259086                                                    |
|  47.364394       0.250213                                                    |
|  47.423822       0.239194                                                    |
|  47.483251       0.232314                                                    |
|  47.542679       0.223340                                                    |
|  47.602107       0.217803                                                    |
|  47.661536       0.211134                                                    |
|  47.720964       0.205722                                                    |
|  47.780393       0.200290                                                    |
|  47.839821       0.195462                                                    |
|  47.899249       0.190831                                                    |
|  47.958678       0.186954                                                    |
|  48.018106       0.182833                                                    |
|  48.077535       0.179340                                                    |
|  48.136963       0.175715                                                    |
|  48.196391       0.172511                                                    |
|  48.255820       0.169456                                                    |
|  48.315248       0.166450                                                    |
|  48.374677       0.163742                                                    |
|  48.434105       0.161063                                                    |
|  48.493533       0.158574                                                    |
|  48.552962       0.156157                                                    |
|  48.612390       0.153912                                                    |
|  48.671819       0.151624                                                    |
|  48.731247       0.149715                                                    |
|  48.790675       0.147531                                                    |
|  48.850104       0.145920                                                    |
|  48.909532       0.143801                                                    |
|  48.968961       0.142244                                                    |
|  49.028389       0.140368                                                    |
|  49.087817       0.138768                                                    |
|  49.147246       0.159040                                                    |
|  49.206674       0.160354                                                    |
|  49.266103       0.159209                                                    |
|  49.325531       0.158882                                                    |
|  49.384959       0.158547                                                    |
|  49.444388       0.158308                                                    |
|  49.503816       0.157808                                                    |
|  49.563245       0.156836                                                    |
|  49.622673       0.156969                                                    |
|  49.682101       0.155893                                                    |
|  49.741530       0.156103                                                    |
|  49.800958       0.156291                                                    |
|  49.860387       0.155779                                                    |
|  49.919815       0.153883                                                    |
|  49.979243       0.153572                                                    |
|  50.038672       0.036203                                                    |
|  50.098100       0.037095                                                    |
|  50.157529       0.038004                                                    |
|  50.216957       0.038941                                                    |
|  50.276385       0.095704                                                    |
|  50.335814       0.107838                                                    |
|  50.395242       0.109618                                                    |
|  50.454671       0.110770                                                    |
|  50.514099       0.112770                                                    |
|  50.573527       0.116008                                                    |
|  50.632956       0.119307                                                    |
|  50.692384       0.121813                                                    |
|  50.751813       0.125626                                                    |
|  50.811241       0.128253                                                    |
|  50.870669       0.131902                                                    |
|  50.930098       0.134972                                                    |
|  50.989526       0.138427                                                    |
|  51.048955       0.141877                                                    |
|  51.108383       0.145491                                                    |
|  51.167811       0.148947                                                    |
|  51.227240       0.152884                                                    |
|  51.286668       0.156766                                                    |
|  51.346097       0.160385                                                    |
|  51.405525       0.164615                                                    |
|  51.464953       0.168862                                                    |
|  51.524382       0.172967                                                    |
|  51.583810       0.177928                                                    |
|  51.643239       0.181959                                                    |
|  51.702667       0.187290                                                    |
|  51.762095       0.191955                                                    |
|  51.821524       0.196944                                                    |
|  51.880952       0.202716                                                    |
|  51.940381       0.208101                                                    |
|  51.999809       0.214107                                                    |
|  52.059237       0.220350                                                    |
|  52.118666       0.226402                                                    |
|  52.178094       0.233819                                                    |
|  52.237523       0.240867                                                    |
|  52.296951       0.248915                                                    |
|  52.356379       0.256731                                                    |
|  52.415808       0.265906                                                    |
|  52.475236       0.274749                                                    |
|  52.534665       0.286089                                                    |
|  52.594093       0.298859                                                    |
|  52.653521       0.309529                                                    |
|  52.712950       0.326173                                                    |
|  52.772378       0.344761                                                    |
|  52.831807       0.367084                                                    |
|  52.891235       0.395623                                                    |
|  52.950663       0.435090                                                    |
|  53.010092       0.566634                                                    |
|  53.069520       0.480474                                                    |
|  53.128949       0.424839                                                    |
|  53.188377       0.398954                                                    |
|  53.247805       0.383035                                                    |
|  53.307234       0.373558                                                    |
|  53.366662       0.369144                                                    |
|  53.426091       0.366490                                                    |
|  53.485519       0.369175                                                    |
|  53.544947       0.369845                                                    |
|  53.604376       0.376634                                                    |
|  53.663804       0.385976                                                    |
|  53.723233       0.397147                                                    |
|  53.782661       0.433245                                                    |
|  53.842089       0.380469                                                    |
|  53.901518       0.573644                                                    |
|  53.960946       0.451590                                                    |
|  54.020375       0.484337                                                    |
|  54.079803       0.570705                                                    |
|  54.139231       0.665316                                                    |
|  54.198660       0.914707                                                    |
|  54.258088       1.846401                                                    |
|  54.317517       1.208160                                                    |
|  54.376945       1.017301                                                    |
|  54.436373       0.917267                                                    |
|  54.495802       0.856195                                                    |
|  54.555230       0.826168                                                    |
|  54.614659       0.792726                                                    |
|  54.674087       0.107250                                                    |
|  54.733515       0.105596                                                    |
|  54.792944       0.104019                                                    |
|  54.852372       0.102596                                                    |
|  54.911801       0.101192                                                    |
|  54.971229       0.099765                                                    |
|  55.030657       0.098526                                                    |
|  55.090086       0.097303                                                    |
|  55.149514       0.096088                                                    |
|  55.208943       0.094929                                                    |
|  55.268371       0.093850                                                    |
|  55.327799       0.092788                                                    |
|  55.387228       0.091732                                                    |
|  55.446656       0.090766                                                    |
|  55.506085       0.089816                                                    |
|  55.565513       0.088885                                                    |
|  55.624941       0.087993                                                    |
|  55.684370       0.087134                                                    |
|  55.743798       0.086297                                                    |
|  55.803227       0.085492                                                    |
|  55.862655       0.084702                                                    |
|  55.922083       0.083936                                                    |
|  55.981512       0.083224                                                    |
|  56.040940       0.082490                                                    |
|  56.100369       0.081782                                                    |
|  56.159797       0.081112                                                    |
|  56.219225       0.080471                                                    |
|  56.278654       0.079804                                                    |
|  56.338082       0.079179                                                    |
|  56.397511       0.078621                                                    |
|  56.456939       0.077988                                                    |
|  56.516367       0.077397                                                    |
|  56.575796       0.076918                                                    |
|  56.635224       0.076313                                                    |
|  56.694653       0.075746                                                    |
|  56.754081       0.075300                                                    |
|  56.813509       0.074759                                                    |
|  56.872938       0.074217                                                    |
|  56.932366       0.073781                                                    |
|  56.991795       0.073314                                                    |
|  57.051223       0.072790                                                    |
|  57.110651       0.072375                                                    |
|  57.170080       0.071960                                                    |
|  57.229508       0.071453                                                    |
|  57.288937       0.071090                                                    |
|  57.348365       0.070687                                                    |
|  57.407793       0.070191                                                    |
|  57.467222       0.069931                                                    |
|  57.526650       0.069474                                                    |
|  57.586079       0.069010                                                    |
|  57.645507       0.068857                                                    |
|  57.704935       0.068313                                                    |
|  57.764364       0.067910                                                    |
|  57.823792       0.067719                                                    |
|  57.883221       0.067206                                                    |
|  57.942649       0.066988                                                    |
|  58.002077       0.066607                                                    |
|  58.061506       0.066178                                                    |
|  58.120934       0.066071                                                    |
|  58.180363       0.065532                                                    |
|  58.239791       0.065595                                                    |
|  58.299219       0.064942                                                    |
|  58.358648       0.064751                                                    |
|  58.418076       0.064400                                                    |
|  58.477505       0.064089                                                    |
|  58.536933       0.063834                                                    |
|  58.596361       0.063494                                                    |
|  58.655790       0.063250                                                    |
|  58.715218       0.063133                                                    |
|  58.774647       0.062599                                                    |
|  58.834075       0.062850                                                    |
|  58.893503       0.061979                                                    |
|  58.952932       0.061875                                                    |
|  59.012360       0.062151                                                    |
|  59.071789       0.061467                                                    |
|  59.131217       0.060749                                                    |
|  59.190645       0.060539                                                    |
|  59.250074       0.060844                                                    |
|  59.309502       0.059818                                                    |
|  59.368931       0.000000                                                    |
+------------------------------------------------------------------------------+

                                  |--------------------------------------------------|
Calculating PhononBandstructure  : ==================================================

Timing:                          Total     Per Step        %

--------------------------------------------------------------------------------

Loading Modules + MPI   :       2.77 s       2.77 s      55.38% |=============|
Forces                  :       0.14 s       0.01 s       2.82% ||
--------------------------------------------------------------------------------
Total                   :       4.99 s
