+------------------------------------------------------------------------------+
|                                                                              |
| Atomistix ToolKit 2017.1 [Build ce08f12339]                                  |
|                                                                              |
+------------------------------------------------------------------------------+
+----------------------------------------------------------+
| Bulk Bravais lattice                                     |
+----------------------------------------------------------+
Type:
Hexagonal

Lattice constants:
a =     3.160400 Ang
b =     3.160400 Ang
c =    25.000000 Ang

Lattice angles:
alpha =    90.000000 deg
beta  =    90.000000 deg
gamma =   120.000000 deg

Primitive vectors:
u_1 =      1.580200     -2.736987      0.000000 Ang
u_2 =      1.580200      2.736987      0.000000 Ang
u_3 =      0.000000      0.000000     25.000000 Ang

+----------------------------------------------------------+
| Bulk: Cartesian (Angstrom) / fractional                  |
+----------------------------------------------------------+
3
Bulk
Mo    1.580200e+00  9.123289e-01  1.250000e+01    0.33333  0.66667  0.50000
S     1.580200e+00 -9.123289e-01  1.091395e+01    0.66667  0.33333  0.43656
S     1.580200e+00 -9.123289e-01  1.408605e+01    0.66667  0.33333  0.56344
+------------------------------------------------------------------------------+
| Geometry optimization using the LBFGS optimizer                              |
| Bravais Lattice: Hexagonal                                                   |
| External pressure: 0.000 GPa                                                 |
+------------------------------------------------------------------------------+
|       Step Step Length      Volume  Max. Force  Stress Error        Enthalpy |
|                  (Ang)    (Ang**3)    (eV/Ang)         (GPa)            (eV) |
+------------------------------------------------------------------------------+
| OPT      0  0.0000e+00     216.249  3.3399e-01       1.88199      -12.705780 |
| OPT      1  2.5061e-02     214.437  2.1934e-01       1.17753      -12.723174 |
| OPT      2  1.7991e-02     213.418  1.8375e-01       1.01859      -12.732388 |
| OPT      3  1.1196e-01     207.139  1.8528e-03       0.03277      -12.757952 |
| OPT      4  2.9210e-03     207.306  9.0719e-05       0.00090      -12.757968 |
+------------------------------------------------------------------------------+
| Geometry optimization converged in 4 steps.                                  |
+------------------------------------------------------------------------------+
+----------------------------------------------------------+
| Bulk Bravais lattice                                     |
+----------------------------------------------------------+
Type:
Hexagonal

Lattice constants:
a =     3.093717 Ang
b =     3.093717 Ang
c =    25.010365 Ang

Lattice angles:
alpha =    90.000000 deg
beta  =    90.000000 deg
gamma =   120.000000 deg

Primitive vectors:
u_1 =      1.546858     -2.679237      0.000000 Ang
u_2 =      1.546858      2.679237      0.000000 Ang
u_3 =      0.000000      0.000000     25.010365 Ang

+----------------------------------------------------------+
| Bulk: Cartesian (Angstrom) / fractional                  |
+----------------------------------------------------------+
3
Bulk
Mo    1.546858e+00  8.930791e-01  1.250518e+01    0.33333  0.66667  0.50000
S     1.546858e+00 -8.930791e-01  1.091411e+01    0.66667  0.33333  0.43638
S     1.546858e+00 -8.930791e-01  1.409625e+01    0.66667  0.33333  0.56362

Timing:                          Total     Per Step        %

--------------------------------------------------------------------------------

Loading Modules + MPI   :       2.80 s       2.80 s      82.21% |=============|
--------------------------------------------------------------------------------
Total                   :       3.41 s
